#
# A fatal error has been detected by the Java Runtime Environment:
#
#  EXCEPTION_ACCESS_VIOLATION (0xc0000005) at pc=0x000000007233daf4, pid=4932, tid=0x0000000000001e98
#
# JRE version: Java(TM) SE Runtime Environment (8.0_111-b14) (build 1.8.0_111-b14)
# Java VM: Java HotSpot(TM) 64-Bit Server VM (25.111-b14 mixed mode windows-amd64 compressed oops)
# Problematic frame:
# V  [jvm.dll+0x46daf4]
#
# Failed to write core dump. Minidumps are not enabled by default on client versions of Windows
#
# If you would like to submit a bug report, please visit:
#   http://bugreport.java.com/bugreport/crash.jsp
#

---------------  T H R E A D  ---------------

Current thread (0x00000000576ab800):  JavaThread "C2 CompilerThread1" daemon [_thread_in_native, id=7832, stack(0x0000000059990000,0x0000000059a90000)]

siginfo: ExceptionCode=0xc0000005, reading address 0x0000000000000000

Registers:
RAX=0x0000000000000000, RBX=0x000000005880d448, RCX=0x000000000000001d, RDX=0x0000000020000000
RSP=0x0000000059a8ded0, RBP=0x0000000000000000, RSI=0x0000000059a8eb90, RDI=0x0000000059a8e0e0
R8 =0x000000000000008c, R9 =0x0000000000000000, R10=0x0000000000000000, R11=0x0000000033d232d1
R12=0x0000000059a8e0d0, R13=0x00000000000008d9, R14=0x0000000000000000, R15=0x00000000000046c8
RIP=0x000000007233daf4, EFLAGS=0x0000000000010206

Top of Stack: (sp=0x0000000059a8ded0)
0x0000000059a8ded0:   0000000058a9d790 0000000059a8eb90
0x0000000059a8dee0:   0000000059a8eb90 00000000723db836
0x0000000059a8def0:   0000000059a8eb90 00000000000302e8
0x0000000059a8df00:   0000000059a8e0d0 000000005c8e8d70
0x0000000059a8df10:   0000000059a8e130 00000000723dc57e
0x0000000059a8df20:   0000000059a8e020 00000000724b0818
0x0000000059a8df30:   00000000576a22c0 0000000059a8e020
0x0000000059a8df40:   000000005c8f0d58 0000000072345f12
0x0000000059a8df50:   00000000576a22c0 0000000059a8e050
0x0000000059a8df60:   000000005c8e95e0 000000005c8e8d70
0x0000000059a8df70:   0000000000000000 0000000059a8f3a0
0x0000000059a8df80:   0000000000000004 000000005c669470
0x0000000059a8df90:   0000000059a8f530 0000000059a8f548
0x0000000059a8dfa0:   0000000058752130 0000000000000004
0x0000000059a8dfb0:   0000000000000000 0000000000000000
0x0000000059a8dfc0:   0000000000000002 0000000000000000 

Instructions: (pc=0x000000007233daf4)
0x000000007233dad4:   8b 5b 20 45 8b d6 45 85 db 7e 65 4d 8b ce 66 66
0x000000007233dae4:   66 66 66 66 0f 1f 84 00 00 00 00 00 48 8b 6b 10
0x000000007233daf4:   49 8b 04 29 8b 48 28 8b c1 c1 e8 05 3b 47 30 73
0x000000007233db04:   19 44 8b c0 48 8b 47 38 83 e1 1f 42 8b 04 80 ba 


Register to memory mapping:

RAX=0x0000000000000000 is an unknown value
RBX=0x000000005880d448 is an unknown value
RCX=0x000000000000001d is an unknown value
RDX=0x0000000020000000 is an unknown value
RSP=0x0000000059a8ded0 is pointing into the stack for thread: 0x00000000576ab800
RBP=0x0000000000000000 is an unknown value
RSI=0x0000000059a8eb90 is pointing into the stack for thread: 0x00000000576ab800
RDI=0x0000000059a8e0e0 is pointing into the stack for thread: 0x00000000576ab800
R8 =0x000000000000008c is an unknown value
R9 =0x0000000000000000 is an unknown value
R10=0x0000000000000000 is an unknown value
R11=0x0000000033d232d1 is an unknown value
R12=0x0000000059a8e0d0 is pointing into the stack for thread: 0x00000000576ab800
R13=0x00000000000008d9 is an unknown value
R14=0x0000000000000000 is an unknown value
R15=0x00000000000046c8 is an unknown value


Stack: [0x0000000059990000,0x0000000059a90000],  sp=0x0000000059a8ded0,  free space=1015k
Native frames: (J=compiled Java code, j=interpreted, Vv=VM code, C=native code)


Current CompileTask:
C2: 150270 2479   !   4       sun.awt.PostEventQueue::flush (168 bytes)


---------------  P R O C E S S  ---------------

Java Threads: ( => current thread )
  0x000000005afbf000 JavaThread "mysql-cj-abandoned-connection-cleanup" daemon [_thread_blocked, id=7224, stack(0x000000005bc70000,0x000000005bd70000)]
  0x000000005aa09000 JavaThread "TimerQueue" daemon [_thread_blocked, id=7780, stack(0x000000005bf20000,0x000000005c020000)]
  0x0000000001c9e000 JavaThread "DestroyJavaVM" [_thread_blocked, id=7292, stack(0x0000000001eb0000,0x0000000001fb0000)]
  0x000000005a959800 JavaThread "AWT-EventQueue-0" [_thread_blocked, id=6692, stack(0x000000005b8d0000,0x000000005b9d0000)]
  0x000000005a8df800 JavaThread "AWT-Windows" daemon [_thread_in_native, id=7152, stack(0x000000005b310000,0x000000005b410000)]
  0x000000005a8df000 JavaThread "AWT-Shutdown" [_thread_blocked, id=6076, stack(0x0000000059f50000,0x000000005a050000)]
  0x000000005a8de000 JavaThread "Java2D Disposer" daemon [_thread_blocked, id=3424, stack(0x000000005b060000,0x000000005b160000)]
  0x00000000587ee800 JavaThread "Service Thread" daemon [_thread_blocked, id=7032, stack(0x000000005a1a0000,0x000000005a2a0000)]
  0x000000005876d000 JavaThread "C1 CompilerThread3" daemon [_thread_blocked, id=2140, stack(0x000000005a4f0000,0x000000005a5f0000)]
  0x00000000576ac800 JavaThread "C2 CompilerThread2" daemon [_thread_blocked, id=1668, stack(0x000000005a2f0000,0x000000005a3f0000)]
=>0x00000000576ab800 JavaThread "C2 CompilerThread1" daemon [_thread_in_native, id=7832, stack(0x0000000059990000,0x0000000059a90000)]
  0x000000005875b800 JavaThread "C2 CompilerThread0" daemon [_thread_blocked, id=3276, stack(0x000000005a070000,0x000000005a170000)]
  0x0000000058758000 JavaThread "Attach Listener" daemon [_thread_blocked, id=6592, stack(0x0000000059e50000,0x0000000059f50000)]
  0x0000000058757000 JavaThread "Signal Dispatcher" daemon [_thread_blocked, id=2948, stack(0x0000000059c70000,0x0000000059d70000)]
  0x00000000576a0000 JavaThread "Finalizer" daemon [_thread_blocked, id=7648, stack(0x0000000059ac0000,0x0000000059bc0000)]
  0x0000000057699000 JavaThread "Reference Handler" daemon [_thread_blocked, id=7516, stack(0x0000000059850000,0x0000000059950000)]

Other Threads:
  0x0000000058703800 VMThread [stack: 0x00000000596f0000,0x00000000597f0000] [id=6568]
  0x0000000058803000 WatcherThread [stack: 0x000000005a6c0000,0x000000005a7c0000] [id=8148]

VM state:not at safepoint (normal execution)

VM Mutex/Monitor currently owned by a thread: None

Heap:
 PSYoungGen      total 38400K, used 13266K [0x00000000d5d00000, 0x00000000da800000, 0x0000000100000000)
  eden space 33280K, 24% used [0x00000000d5d00000,0x00000000d64f78d8,0x00000000d7d80000)
  from space 5120K, 99% used [0x00000000da300000,0x00000000da7fd080,0x00000000da800000)
  to   space 5120K, 0% used [0x00000000d7d80000,0x00000000d7d80000,0x00000000d8280000)
 ParOldGen       total 87552K, used 34742K [0x0000000081600000, 0x0000000086b80000, 0x00000000d5d00000)
  object space 87552K, 39% used [0x0000000081600000,0x00000000837eda38,0x0000000086b80000)
 Metaspace       used 18015K, capacity 18242K, committed 18432K, reserved 1064960K
  class space    used 2175K, capacity 2253K, committed 2304K, reserved 1048576K

Card table byte_map: [0x0000000011640000,0x0000000011a40000] byte_map_base: 0x0000000011235000

Marking Bits: (ParMarkBitMap*) 0x00000000726ea6c0
 Begin Bits: [0x0000000012960000, 0x0000000014908000)
 End Bits:   [0x0000000014908000, 0x00000000168b0000)

Polling page: 0x00000000001b0000

CodeCache: size=245760Kb used=7950Kb max_used=7965Kb free=237809Kb
 bounds [0x0000000002280000, 0x0000000002a50000, 0x0000000011280000]
 total_blobs=3009 nmethods=2430 adapters=490
 compilation: enabled

Compilation events (10 events):
Event: 148.384 Thread 0x00000000576ab800 nmethod 2474 0x0000000002972a90 code [0x0000000002972bc0, 0x0000000002972c58]
Event: 148.593 Thread 0x000000005876d000 2475       3       javax.swing.RepaintManager::paint (93 bytes)
Event: 148.594 Thread 0x00000000576ac800 2476       4       java.awt.geom.AffineTransform::transform (663 bytes)
Event: 148.595 Thread 0x000000005876d000 nmethod 2475 0x0000000002a4a190 code [0x0000000002a4a360, 0x0000000002a4ac58]
Event: 148.597 Thread 0x000000005876d000 2477       1       javax.swing.JComboBox::isEditable (5 bytes)
Event: 148.597 Thread 0x000000005876d000 nmethod 2477 0x0000000002a3df10 code [0x0000000002a3e060, 0x0000000002a3e170]
Event: 148.608 Thread 0x000000005875b800 2478       4       javax.swing.JComponent::setFlag (34 bytes)
Event: 148.610 Thread 0x000000005875b800 nmethod 2478 0x0000000002984150 code [0x0000000002984280, 0x00000000029842f8]
Event: 148.641 Thread 0x00000000576ac800 nmethod 2476 0x0000000002a48850 code [0x0000000002a489c0, 0x0000000002a49c88]
Event: 150.174 Thread 0x00000000576ab800 2479   !   4       sun.awt.PostEventQueue::flush (168 bytes)

GC Heap History (4 events):
Event: 0.794 GC heap before
{Heap before GC invocations=1 (full 0):
 PSYoungGen      total 38400K, used 33280K [0x00000000d5d00000, 0x00000000d8780000, 0x0000000100000000)
  eden space 33280K, 100% used [0x00000000d5d00000,0x00000000d7d80000,0x00000000d7d80000)
  from space 5120K, 0% used [0x00000000d8280000,0x00000000d8280000,0x00000000d8780000)
  to   space 5120K, 0% used [0x00000000d7d80000,0x00000000d7d80000,0x00000000d8280000)
 ParOldGen       total 87552K, used 0K [0x0000000081600000, 0x0000000086b80000, 0x00000000d5d00000)
  object space 87552K, 0% used [0x0000000081600000,0x0000000081600000,0x0000000086b80000)
 Metaspace       used 14842K, capacity 15044K, committed 15360K, reserved 1062912K
  class space    used 1900K, capacity 1962K, committed 2048K, reserved 1048576K
Event: 0.802 GC heap after
Heap after GC invocations=1 (full 0):
 PSYoungGen      total 38400K, used 5094K [0x00000000d5d00000, 0x00000000da800000, 0x0000000100000000)
  eden space 33280K, 0% used [0x00000000d5d00000,0x00000000d5d00000,0x00000000d7d80000)
  from space 5120K, 99% used [0x00000000d7d80000,0x00000000d8279988,0x00000000d8280000)
  to   space 5120K, 0% used [0x00000000da300000,0x00000000da300000,0x00000000da800000)
 ParOldGen       total 87552K, used 17368K [0x0000000081600000, 0x0000000086b80000, 0x00000000d5d00000)
  object space 87552K, 19% used [0x0000000081600000,0x00000000826f6008,0x0000000086b80000)
 Metaspace       used 14842K, capacity 15044K, committed 15360K, reserved 1062912K
  class space    used 1900K, capacity 1962K, committed 2048K, reserved 1048576K
}
Event: 29.707 GC heap before
{Heap before GC invocations=2 (full 0):
 PSYoungGen      total 38400K, used 38374K [0x00000000d5d00000, 0x00000000da800000, 0x0000000100000000)
  eden space 33280K, 100% used [0x00000000d5d00000,0x00000000d7d80000,0x00000000d7d80000)
  from space 5120K, 99% used [0x00000000d7d80000,0x00000000d8279988,0x00000000d8280000)
  to   space 5120K, 0% used [0x00000000da300000,0x00000000da300000,0x00000000da800000)
 ParOldGen       total 87552K, used 17368K [0x0000000081600000, 0x0000000086b80000, 0x00000000d5d00000)
  object space 87552K, 19% used [0x0000000081600000,0x00000000826f6008,0x0000000086b80000)
 Metaspace       used 17807K, capacity 18018K, committed 18432K, reserved 1064960K
  class space    used 2153K, capacity 2221K, committed 2304K, reserved 1048576K
Event: 29.721 GC heap after
Heap after GC invocations=2 (full 0):
 PSYoungGen      total 38400K, used 5108K [0x00000000d5d00000, 0x00000000da800000, 0x0000000100000000)
  eden space 33280K, 0% used [0x00000000d5d00000,0x00000000d5d00000,0x00000000d7d80000)
  from space 5120K, 99% used [0x00000000da300000,0x00000000da7fd080,0x00000000da800000)
  to   space 5120K, 0% used [0x00000000d7d80000,0x00000000d7d80000,0x00000000d8280000)
 ParOldGen       total 87552K, used 34742K [0x0000000081600000, 0x0000000086b80000, 0x00000000d5d00000)
  object space 87552K, 39% used [0x0000000081600000,0x00000000837eda38,0x0000000086b80000)
 Metaspace       used 17807K, capacity 18018K, committed 18432K, reserved 1064960K
  class space    used 2153K, capacity 2221K, committed 2304K, reserved 1048576K
}

Deoptimization events (10 events):
Event: 0.657 Thread 0x000000005a959800 Uncommon trap: reason=class_check action=maybe_recompile pc=0x00000000024028cc method=java.lang.String.equals(Ljava/lang/Object;)Z @ 8
Event: 0.659 Thread 0x000000005a959800 Uncommon trap: reason=class_check action=maybe_recompile pc=0x00000000024028cc method=java.lang.String.equals(Ljava/lang/Object;)Z @ 8
Event: 0.667 Thread 0x000000005afbf000 Uncommon trap: reason=unstable_if action=reinterpret pc=0x00000000024dea78 method=java.lang.String.indexOf([CII[CIII)I @ 3
Event: 0.835 Thread 0x000000005a959800 Uncommon trap: reason=unstable_if action=reinterpret pc=0x000000000254761c method=java.util.Properties.loadConvert([CII[C)Ljava/lang/String; @ 4
Event: 0.836 Thread 0x000000005a959800 Uncommon trap: reason=unstable_if action=reinterpret pc=0x00000000025490ec method=java.util.Properties$LineReader.readLine()I @ 252
Event: 0.990 Thread 0x000000005a959800 Uncommon trap: reason=class_check action=maybe_recompile pc=0x00000000024028cc method=java.lang.String.equals(Ljava/lang/Object;)Z @ 8
Event: 0.990 Thread 0x000000005a959800 Uncommon trap: reason=class_check action=maybe_recompile pc=0x00000000024028cc method=java.lang.String.equals(Ljava/lang/Object;)Z @ 8
Event: 1.094 Thread 0x000000005a959800 Uncommon trap: reason=unstable_if action=reinterpret pc=0x0000000002624a60 method=java.awt.MultipleGradientPaintContext.indexIntoGradientsArrays(F)I @ 118
Event: 1.097 Thread 0x000000005a959800 Uncommon trap: reason=unstable_if action=reinterpret pc=0x0000000002465a78 method=javax.swing.plaf.nimbus.DerivedColor.equals(Ljava/lang/Object;)Z @ 45
Event: 29.761 Thread 0x000000005a959800 Uncommon trap: reason=unstable_if action=reinterpret pc=0x0000000002811c28 method=java.util.concurrent.ConcurrentHashMap.get(Ljava/lang/Object;)Ljava/lang/Object; @ 76

Internal exceptions (10 events):
Event: 0.240 Thread 0x0000000001c9e000 Exception <a 'java/lang/ClassNotFoundException': ToolBar> (0x00000000d611ddb8) thrown at [C:\re\workspace\8-2-build-windows-amd64-cygwin\jdk8u111\7883\hotspot\src\share\vm\classfile\systemDictionary.cpp, line 210]
Event: 0.240 Thread 0x0000000001c9e000 Exception <a 'java/lang/ClassNotFoundException': ToggleButton> (0x00000000d611e368) thrown at [C:\re\workspace\8-2-build-windows-amd64-cygwin\jdk8u111\7883\hotspot\src\share\vm\classfile\systemDictionary.cpp, line 210]
Event: 0.240 Thread 0x0000000001c9e000 Exception <a 'java/lang/ClassNotFoundException': javax/swing/JToolBarSeparator> (0x00000000d611e7c8) thrown at [C:\re\workspace\8-2-build-windows-amd64-cygwin\jdk8u111\7883\hotspot\src\share\vm\classfile\systemDictionary.cpp, line 210]
Event: 0.240 Thread 0x0000000001c9e000 Exception <a 'java/lang/ClassNotFoundException': ToolBarSeparator> (0x00000000d611ec60) thrown at [C:\re\workspace\8-2-build-windows-amd64-cygwin\jdk8u111\7883\hotspot\src\share\vm\classfile\systemDictionary.cpp, line 210]
Event: 0.240 Thread 0x0000000001c9e000 Exception <a 'java/lang/ClassNotFoundException': ToolTip> (0x00000000d611f3a0) thrown at [C:\re\workspace\8-2-build-windows-amd64-cygwin\jdk8u111\7883\hotspot\src\share\vm\classfile\systemDictionary.cpp, line 210]
Event: 0.241 Thread 0x0000000001c9e000 Exception <a 'java/lang/ClassNotFoundException': Tree> (0x00000000d611ffc0) thrown at [C:\re\workspace\8-2-build-windows-amd64-cygwin\jdk8u111\7883\hotspot\src\share\vm\classfile\systemDictionary.cpp, line 210]
Event: 0.241 Thread 0x0000000001c9e000 Exception <a 'java/lang/ClassNotFoundException': Tree> (0x00000000d6120700) thrown at [C:\re\workspace\8-2-build-windows-amd64-cygwin\jdk8u111\7883\hotspot\src\share\vm\classfile\systemDictionary.cpp, line 210]
Event: 0.241 Thread 0x0000000001c9e000 Exception <a 'java/lang/ClassNotFoundException': javax/swing/JTreeCell> (0x00000000d6120a80) thrown at [C:\re\workspace\8-2-build-windows-amd64-cygwin\jdk8u111\7883\hotspot\src\share\vm\classfile\systemDictionary.cpp, line 210]
Event: 0.241 Thread 0x0000000001c9e000 Exception <a 'java/lang/ClassNotFoundException': TreeCell> (0x00000000d6120f08) thrown at [C:\re\workspace\8-2-build-windows-amd64-cygwin\jdk8u111\7883\hotspot\src\share\vm\classfile\systemDictionary.cpp, line 210]
Event: 0.242 Thread 0x0000000001c9e000 Exception <a 'java/lang/ClassNotFoundException': RootPane> (0x00000000d6121968) thrown at [C:\re\workspace\8-2-build-windows-amd64-cygwin\jdk8u111\7883\hotspot\src\share\vm\classfile\systemDictionary.cpp, line 210]

Events (10 events):
Event: 31.452 loading class javax/swing/Popup$HeavyWeightWindow done
Event: 31.453 loading class javax/swing/JComponent$ActionStandin
Event: 31.453 loading class javax/swing/JComponent$ActionStandin done
Event: 33.100 Thread 0x000000005a959800 DEOPT PACKING pc=0x000000000263904a sp=0x000000005b9cbc30
Event: 33.100 Thread 0x000000005a959800 DEOPT UNPACKING pc=0x00000000022c787f sp=0x000000005b9cb998 mode 0
Event: 34.738 Executing VM operation: RevokeBias
Event: 34.738 Executing VM operation: RevokeBias done
Event: 34.738 Thread 0x000000005ad79000 Thread exited: 0x000000005ad79000
Event: 150.044 Executing VM operation: BulkRevokeBias
Event: 150.044 Executing VM operation: BulkRevokeBias done


Dynamic libraries:
0x000000013fb60000 - 0x000000013fb97000 	C:\Program Files\Java\jdk1.8.0_111\bin\java.exe
0x00000000773e0000 - 0x000000007757f000 	C:\Windows\SYSTEM32\ntdll.dll
0x00000000771c0000 - 0x00000000772df000 	C:\Windows\system32\kernel32.dll
0x000007fefd630000 - 0x000007fefd69a000 	C:\Windows\system32\KERNELBASE.dll
0x000007fefdc10000 - 0x000007fefdceb000 	C:\Windows\system32\ADVAPI32.dll
0x000007fefe240000 - 0x000007fefe2df000 	C:\Windows\system32\msvcrt.dll
0x000007feff170000 - 0x000007feff18f000 	C:\Windows\SYSTEM32\sechost.dll
0x000007fefe090000 - 0x000007fefe1bc000 	C:\Windows\system32\RPCRT4.dll
0x00000000772e0000 - 0x00000000773da000 	C:\Windows\system32\USER32.dll
0x000007fefdba0000 - 0x000007fefdc07000 	C:\Windows\system32\GDI32.dll
0x000007feff640000 - 0x000007feff64e000 	C:\Windows\system32\LPK.dll
0x000007feff3f0000 - 0x000007feff4b9000 	C:\Windows\system32\USP10.dll
0x000007fefcbc0000 - 0x000007fefcdb4000 	C:\Windows\WinSxS\amd64_microsoft.windows.common-controls_6595b64144ccf1df_6.0.7601.17514_none_fa396087175ac9ac\COMCTL32.dll
0x000007feff650000 - 0x000007feff6c1000 	C:\Windows\system32\SHLWAPI.dll
0x000007fefe060000 - 0x000007fefe08e000 	C:\Windows\system32\IMM32.DLL
0x000007fefd910000 - 0x000007fefda19000 	C:\Windows\system32\MSCTF.dll
0x0000000072e30000 - 0x0000000072f02000 	C:\Program Files\Java\jdk1.8.0_111\jre\bin\msvcr100.dll
0x0000000071ed0000 - 0x000000007276a000 	C:\Program Files\Java\jdk1.8.0_111\jre\bin\server\jvm.dll
0x000007feefda0000 - 0x000007feefda9000 	C:\Windows\system32\WSOCK32.dll
0x000007fefdb50000 - 0x000007fefdb9d000 	C:\Windows\system32\WS2_32.dll
0x000007fefde70000 - 0x000007fefde78000 	C:\Windows\system32\NSI.dll
0x000007fefcaf0000 - 0x000007fefcb2b000 	C:\Windows\system32\WINMM.dll
0x000007fefc160000 - 0x000007fefc16c000 	C:\Windows\system32\VERSION.dll
0x0000000077580000 - 0x0000000077587000 	C:\Windows\system32\PSAPI.DLL
0x00000000746c0000 - 0x00000000746cf000 	C:\Program Files\Java\jdk1.8.0_111\jre\bin\verify.dll
0x00000000743d0000 - 0x00000000743f9000 	C:\Program Files\Java\jdk1.8.0_111\jre\bin\java.dll
0x0000000074650000 - 0x0000000074666000 	C:\Program Files\Java\jdk1.8.0_111\jre\bin\zip.dll
0x000007fefe380000 - 0x000007feff108000 	C:\Windows\system32\SHELL32.dll
0x000007fefd700000 - 0x000007fefd903000 	C:\Windows\system32\ole32.dll
0x000007fefd310000 - 0x000007fefd31f000 	C:\Windows\system32\profapi.dll
0x0000000072c90000 - 0x0000000072e28000 	C:\Program Files\Java\jdk1.8.0_111\jre\bin\awt.dll
0x000007feff560000 - 0x000007feff637000 	C:\Windows\system32\OLEAUT32.dll
0x000007fefbaa0000 - 0x000007fefbaf6000 	C:\Windows\system32\uxtheme.dll
0x000007fefbb00000 - 0x000007fefbb18000 	C:\Windows\system32\dwmapi.dll
0x000007fefd1a0000 - 0x000007fefd1af000 	C:\Windows\system32\CRYPTBASE.dll
0x0000000073b00000 - 0x0000000073b47000 	C:\Program Files\Java\jdk1.8.0_111\jre\bin\fontmanager.dll
0x0000000074360000 - 0x000000007437a000 	C:\Program Files\Java\jdk1.8.0_111\jre\bin\net.dll
0x000007fefc7f0000 - 0x000007fefc845000 	C:\Windows\system32\mswsock.dll
0x000007fefc7e0000 - 0x000007fefc7e7000 	C:\Windows\System32\wship6.dll
0x0000000074160000 - 0x0000000074171000 	C:\Program Files\Java\jdk1.8.0_111\jre\bin\nio.dll
0x0000000074110000 - 0x0000000074152000 	C:\Program Files\Java\jdk1.8.0_111\jre\bin\t2k.dll
0x00000000732e0000 - 0x0000000073311000 	C:\Program Files\Java\jdk1.8.0_111\jre\bin\jpeg.dll
0x000007fefe2e0000 - 0x000007fefe379000 	C:\Windows\system32\CLBCatQ.DLL
0x000007fefb3a0000 - 0x000007fefb4ca000 	C:\Windows\system32\WindowsCodecs.dll
0x000007fefd250000 - 0x000007fefd2a7000 	C:\Windows\system32\apphelp.dll
0x000007fef8b60000 - 0x000007fef8b95000 	C:\Windows\system32\EhStorShell.dll
0x000007fefde80000 - 0x000007fefe057000 	C:\Windows\system32\SETUPAPI.dll
0x000007fefd6a0000 - 0x000007fefd6d6000 	C:\Windows\system32\CFGMGR32.dll
0x000007fefd530000 - 0x000007fefd54a000 	C:\Windows\system32\DEVOBJ.dll
0x000007fefbb20000 - 0x000007fefbc4c000 	C:\Windows\system32\PROPSYS.dll
0x000007fef8ae0000 - 0x000007fef8b5e000 	C:\Windows\System32\cscui.dll
0x000007fefa380000 - 0x000007fefa38c000 	C:\Windows\System32\CSCDLL.dll
0x000007fef8ad0000 - 0x000007fef8adf000 	C:\Windows\system32\CSCAPI.dll
0x000007fef8a50000 - 0x000007fef8ad0000 	C:\Windows\system32\ntshrui.dll
0x000007fefd0a0000 - 0x000007fefd0c3000 	C:\Windows\system32\srvcli.dll
0x000007fefa940000 - 0x000007fefa94b000 	C:\Windows\system32\slc.dll
0x000007fefc230000 - 0x000007fefc237000 	C:\Windows\System32\wshtcpip.dll
0x000007fefc670000 - 0x000007fefc6cb000 	C:\Windows\system32\DNSAPI.dll
0x000007fefade0000 - 0x000007fefae07000 	C:\Windows\system32\IPHLPAPI.DLL
0x000007fefad40000 - 0x000007fefad4b000 	C:\Windows\system32\WINNSI.DLL
0x000007fef6d40000 - 0x000007fef6d48000 	C:\Windows\system32\rasadhlp.dll
0x000007fefa560000 - 0x000007fefa5b3000 	C:\Windows\System32\fwpuclnt.dll
0x0000000073640000 - 0x000000007366a000 	C:\Program Files\Java\jdk1.8.0_111\jre\bin\dcpr.dll
0x000007feefa10000 - 0x000007feefb35000 	C:\Windows\system32\dbghelp.dll

VM Arguments:
jvm_args: -Dfile.encoding=UTF-8 
java_command: orderingsystem.POSNEW
java_class_path (initial): C:\Users\rejean\Documents\Installers\mysql-connector-java-5.1.48\mysql-connector-java-5.1.48\mysql-connector-java-5.1.48-bin.jar;C:\Users\rejean\Documents\Installers\mysql-connector-java-5.1.48\mysql-connector-java-5.1.48\mysql-connector-java-5.1.48.jar;C:\Users\rejean\Documents\NetBeansProjects\SUBSYSTEM\build\classes
Launcher Type: SUN_STANDARD

Environment Variables:
PATH=C:\ProgramData\Oracle\Java\javapath;C:\Program Files\Dell\DW WLAN Card;;C:\Windows\system32;C:\Windows;C:\Windows\System32\Wbem;C:\Windows\System32\WindowsPowerShell\v1.0\;C:\Program Files (x86)\QuickTime\QTSystem\;C:\Users\rejean\AppData\Local\Programs\Python\Python38-32\Scripts\;C:\Users\rejean\AppData\Local\Programs\Python\Python38-32\
USERNAME=rejean
OS=Windows_NT
PROCESSOR_IDENTIFIER=Intel64 Family 6 Model 42 Stepping 7, GenuineIntel



---------------  S Y S T E M  ---------------

OS: Windows 7 , 64 bit Build 7601 (6.1.7601.24384)

CPU:total 8 (4 cores per cpu, 2 threads per core) family 6 model 42 stepping 7, cmov, cx8, fxsr, mmx, sse, sse2, sse3, ssse3, sse4.1, sse4.2, popcnt, avx, aes, clmul, ht, tsc, tscinvbit

Memory: 4k page, physical 8292400k(4250960k free), swap 8392896k(3482844k free)

vm_info: Java HotSpot(TM) 64-Bit Server VM (25.111-b14) for windows-amd64 JRE (1.8.0_111-b14), built on Sep 22 2016 19:24:05 by "java_re" with MS VC++ 10.0 (VS2010)

time: Tue Apr 14 12:32:47 2020
elapsed time: 150 seconds (0d 0h 2m 30s)

