#
# A fatal error has been detected by the Java Runtime Environment:
#
#  Internal Error (sharedRuntime.cpp:834), pid=4428, tid=0x00000000000022d4
#  fatal error: exception happened outside interpreter, nmethods and vtable stubs at pc 0x0000000002b1c636
#
# JRE version: Java(TM) SE Runtime Environment (8.0_111-b14) (build 1.8.0_111-b14)
# Java VM: Java HotSpot(TM) 64-Bit Server VM (25.111-b14 mixed mode windows-amd64 compressed oops)
# Failed to write core dump. Minidumps are not enabled by default on client versions of Windows
#
# If you would like to submit a bug report, please visit:
#   http://bugreport.java.com/bugreport/crash.jsp
#

---------------  T H R E A D  ---------------

Current thread (0x000000000209f000):  JavaThread "main" [_thread_in_Java, id=8916, stack(0x0000000002650000,0x0000000002750000)]

Stack: [0x0000000002650000,0x0000000002750000]
[error occurred during error reporting (printing stack bounds), id 0xe0000000]

Native frames: (J=compiled Java code, j=interpreted, Vv=VM code, C=native code)


---------------  P R O C E S S  ---------------

Java Threads: ( => current thread )
  0x0000000059112000 JavaThread "Service Thread" daemon [_thread_blocked, id=8488, stack(0x000000005ba60000,0x000000005bb60000)]
  0x0000000057fbf000 JavaThread "C1 CompilerThread3" daemon [_thread_blocked, id=5364, stack(0x000000005b940000,0x000000005ba40000)]
  0x0000000057fbd000 JavaThread "C2 CompilerThread2" daemon [_thread_in_vm, id=5536, stack(0x000000005b530000,0x000000005b630000)]
  0x0000000057fba000 JavaThread "C2 CompilerThread1" daemon [_thread_in_native, id=5644, stack(0x000000005b380000,0x000000005b480000)]
  0x0000000059068000 JavaThread "C2 CompilerThread0" daemon [_thread_in_native, id=6404, stack(0x000000005b1e0000,0x000000005b2e0000)]
  0x0000000059067000 JavaThread "Attach Listener" daemon [_thread_blocked, id=8896, stack(0x000000005b020000,0x000000005b120000)]
  0x0000000059066000 JavaThread "Signal Dispatcher" daemon [_thread_blocked, id=4084, stack(0x000000005adc0000,0x000000005aec0000)]
  0x0000000057fb1800 JavaThread "Finalizer" daemon [_thread_blocked, id=4420, stack(0x000000005ab00000,0x000000005ac00000)]
  0x0000000057faa800 JavaThread "Reference Handler" daemon [_thread_blocked, id=8924, stack(0x000000005ac30000,0x000000005ad30000)]
=>0x000000000209f000 JavaThread "main" [_thread_in_Java, id=8916, stack(0x0000000002650000,0x0000000002750000)]

Other Threads:
  0x0000000057fa1800 VMThread [stack: 0x000000005a9a0000,0x000000005aaa0000] [id=5756]
  0x00000000590d6800 WatcherThread [stack: 0x000000005bc20000,0x000000005bd20000] [id=5240]

VM state:not at safepoint (normal execution)

VM Mutex/Monitor currently owned by a thread: None

Heap:
 PSYoungGen      total 31744K, used 2128K [0x00000000d5d00000, 0x00000000d8680000, 0x0000000100000000)
  eden space 22528K, 7% used [0x00000000d5d00000,0x00000000d5ec2450,0x00000000d7300000)
  from space 9216K, 3% used [0x00000000d7b80000,0x00000000d7bd1bc0,0x00000000d8480000)
  to   space 8704K, 0% used [0x00000000d7300000,0x00000000d7300000,0x00000000d7b80000)
 ParOldGen       total 23040K, used 14705K [0x0000000081600000, 0x0000000082c80000, 0x00000000d5d00000)
  object space 23040K, 63% used [0x0000000081600000,0x000000008245c7e0,0x0000000082c80000)
 Metaspace       used 9616K, capacity 10164K, committed 10368K, reserved 1058816K
  class space    used 1027K, capacity 1072K, committed 1152K, reserved 1048576K

Card table byte_map: [0x0000000011de0000,0x00000000121e0000] byte_map_base: 0x00000000119d5000

Marking Bits: (ParMarkBitMap*) 0x000000005a1da6c0
 Begin Bits: [0x0000000013270000, 0x0000000015218000)
 End Bits:   [0x0000000015218000, 0x00000000171c0000)

Polling page: 0x0000000000250000

CodeCache: size=245760Kb used=9550Kb max_used=9566Kb free=236209Kb
 bounds [0x0000000002a20000, 0x0000000003380000, 0x0000000011a20000]
 total_blobs=2502 nmethods=2204 adapters=209
 compilation: enabled

Compilation events (10 events):
Event: 2.459 Thread 0x0000000057fbd000 nmethod 2220 0x0000000003374a90 code [0x0000000003374be0, 0x0000000003374cf8]
Event: 2.459 Thread 0x0000000057fbd000 2221       4       com.sun.tools.javac.comp.Resolve$LookupFilter::accepts (57 bytes)
Event: 2.460 Thread 0x0000000057fbd000 nmethod 2221 0x00000000033644d0 code [0x0000000003364620, 0x00000000033646f8]
Event: 2.460 Thread 0x0000000057fbd000 2173       4       com.sun.tools.javac.code.Symbol::isMemberOf (47 bytes)
Event: 2.462 Thread 0x0000000057fbd000 nmethod 2173 0x0000000003379290 code [0x0000000003379400, 0x0000000003379588]
Event: 2.462 Thread 0x0000000057fbd000 2224       4       com.sun.tools.javac.code.Symbol::packge (23 bytes)
Event: 2.463 Thread 0x0000000057fbd000 nmethod 2224 0x0000000003378fd0 code [0x0000000003379120, 0x00000000033791b8]
Event: 2.463 Thread 0x0000000057fbd000 2223       4       com.sun.tools.javac.comp.Resolve$MethodResolutionContext::<init> (45 bytes)
Event: 2.463 Thread 0x0000000057fbd000 nmethod 2223 0x0000000003378d50 code [0x0000000003378ea0, 0x0000000003378f38]
Event: 2.463 Thread 0x0000000057fbd000 2222       4       com.sun.tools.javac.comp.Attr::visitSelect (1224 bytes)

GC Heap History (10 events):
Event: 0.911 GC heap before
{Heap before GC invocations=8 (full 1):
 PSYoungGen      total 14336K, used 2549K [0x00000000d5d00000, 0x00000000d7f00000, 0x0000000100000000)
  eden space 11776K, 0% used [0x00000000d5d00000,0x00000000d5d00000,0x00000000d6880000)
  from space 2560K, 99% used [0x00000000d6880000,0x00000000d6afd7c0,0x00000000d6b00000)
  to   space 5632K, 0% used [0x00000000d7980000,0x00000000d7980000,0x00000000d7f00000)
 ParOldGen       total 7680K, used 7544K [0x0000000081600000, 0x0000000081d80000, 0x00000000d5d00000)
  object space 7680K, 98% used [0x0000000081600000,0x0000000081d5e220,0x0000000081d80000)
 Metaspace       used 7593K, capacity 8372K, committed 8704K, reserved 1056768K
  class space    used 906K, capacity 944K, committed 1024K, reserved 1048576K
Event: 1.099 GC heap after
Heap after GC invocations=8 (full 1):
 PSYoungGen      total 14336K, used 2492K [0x00000000d5d00000, 0x00000000d7f00000, 0x0000000100000000)
  eden space 11776K, 0% used [0x00000000d5d00000,0x00000000d5d00000,0x00000000d6880000)
  from space 2560K, 97% used [0x00000000d6880000,0x00000000d6aef1d8,0x00000000d6b00000)
  to   space 5632K, 0% used [0x00000000d7980000,0x00000000d7980000,0x00000000d7f00000)
 ParOldGen       total 13312K, used 7202K [0x0000000081600000, 0x0000000082300000, 0x00000000d5d00000)
  object space 13312K, 54% used [0x0000000081600000,0x0000000081d08968,0x0000000082300000)
 Metaspace       used 7593K, capacity 8372K, committed 8704K, reserved 1056768K
  class space    used 906K, capacity 944K, committed 1024K, reserved 1048576K
}
Event: 1.227 GC heap before
{Heap before GC invocations=9 (full 1):
 PSYoungGen      total 14336K, used 14268K [0x00000000d5d00000, 0x00000000d7f00000, 0x0000000100000000)
  eden space 11776K, 100% used [0x00000000d5d00000,0x00000000d6880000,0x00000000d6880000)
  from space 2560K, 97% used [0x00000000d6880000,0x00000000d6aef1d8,0x00000000d6b00000)
  to   space 5632K, 0% used [0x00000000d7980000,0x00000000d7980000,0x00000000d7f00000)
 ParOldGen       total 13312K, used 7202K [0x0000000081600000, 0x0000000082300000, 0x00000000d5d00000)
  object space 13312K, 54% used [0x0000000081600000,0x0000000081d08968,0x0000000082300000)
 Metaspace       used 7776K, capacity 8500K, committed 8704K, reserved 1056768K
  class space    used 918K, capacity 944K, committed 1024K, reserved 1048576K
Event: 1.239 GC heap after
Heap after GC invocations=9 (full 1):
 PSYoungGen      total 23040K, used 5629K [0x00000000d5d00000, 0x00000000d7f00000, 0x0000000100000000)
  eden space 17408K, 0% used [0x00000000d5d00000,0x00000000d5d00000,0x00000000d6e00000)
  from space 5632K, 99% used [0x00000000d7980000,0x00000000d7eff478,0x00000000d7f00000)
  to   space 7168K, 0% used [0x00000000d7100000,0x00000000d7100000,0x00000000d7800000)
 ParOldGen       total 13312K, used 8327K [0x0000000081600000, 0x0000000082300000, 0x00000000d5d00000)
  object space 13312K, 62% used [0x0000000081600000,0x0000000081e21e58,0x0000000082300000)
 Metaspace       used 7776K, capacity 8500K, committed 8704K, reserved 1056768K
  class space    used 918K, capacity 944K, committed 1024K, reserved 1048576K
}
Event: 1.771 GC heap before
{Heap before GC invocations=10 (full 1):
 PSYoungGen      total 23040K, used 23037K [0x00000000d5d00000, 0x00000000d7f00000, 0x0000000100000000)
  eden space 17408K, 100% used [0x00000000d5d00000,0x00000000d6e00000,0x00000000d6e00000)
  from space 5632K, 99% used [0x00000000d7980000,0x00000000d7eff478,0x00000000d7f00000)
  to   space 7168K, 0% used [0x00000000d7100000,0x00000000d7100000,0x00000000d7800000)
 ParOldGen       total 13312K, used 8327K [0x0000000081600000, 0x0000000082300000, 0x00000000d5d00000)
  object space 13312K, 62% used [0x0000000081600000,0x0000000081e21e58,0x0000000082300000)
 Metaspace       used 9006K, capacity 9620K, committed 9856K, reserved 1058816K
  class space    used 1013K, capacity 1040K, committed 1152K, reserved 1048576K
Event: 1.796 GC heap after
Heap after GC invocations=10 (full 1):
 PSYoungGen      total 27648K, used 7154K [0x00000000d5d00000, 0x00000000d8480000, 0x0000000100000000)
  eden space 20480K, 0% used [0x00000000d5d00000,0x00000000d5d00000,0x00000000d7100000)
  from space 7168K, 99% used [0x00000000d7100000,0x00000000d77fc958,0x00000000d7800000)
  to   space 9216K, 0% used [0x00000000d7b80000,0x00000000d7b80000,0x00000000d8480000)
 ParOldGen       total 13312K, used 9843K [0x0000000081600000, 0x0000000082300000, 0x00000000d5d00000)
  object space 13312K, 73% used [0x0000000081600000,0x0000000081f9cdd0,0x0000000082300000)
 Metaspace       used 9006K, capacity 9620K, committed 9856K, reserved 1058816K
  class space    used 1013K, capacity 1040K, committed 1152K, reserved 1048576K
}
Event: 2.348 GC heap before
{Heap before GC invocations=11 (full 1):
 PSYoungGen      total 27648K, used 27634K [0x00000000d5d00000, 0x00000000d8480000, 0x0000000100000000)
  eden space 20480K, 100% used [0x00000000d5d00000,0x00000000d7100000,0x00000000d7100000)
  from space 7168K, 99% used [0x00000000d7100000,0x00000000d77fc958,0x00000000d7800000)
  to   space 9216K, 0% used [0x00000000d7b80000,0x00000000d7b80000,0x00000000d8480000)
 ParOldGen       total 13312K, used 9843K [0x0000000081600000, 0x0000000082300000, 0x00000000d5d00000)
  object space 13312K, 73% used [0x0000000081600000,0x0000000081f9cdd0,0x0000000082300000)
 Metaspace       used 9610K, capacity 10164K, committed 10368K, reserved 1058816K
  class space    used 1027K, capacity 1072K, committed 1152K, reserved 1048576K
Event: 2.357 GC heap after
Heap after GC invocations=11 (full 1):
 PSYoungGen      total 31744K, used 4021K [0x00000000d5d00000, 0x00000000d8680000, 0x0000000100000000)
  eden space 22528K, 0% used [0x00000000d5d00000,0x00000000d5d00000,0x00000000d7300000)
  from space 9216K, 43% used [0x00000000d7b80000,0x00000000d7f6d7a8,0x00000000d8480000)
  to   space 8704K, 0% used [0x00000000d7300000,0x00000000d7300000,0x00000000d7b80000)
 ParOldGen       total 14848K, used 14002K [0x0000000081600000, 0x0000000082480000, 0x00000000d5d00000)
  object space 14848K, 94% used [0x0000000081600000,0x00000000823ac990,0x0000000082480000)
 Metaspace       used 9610K, capacity 10164K, committed 10368K, reserved 1058816K
  class space    used 1027K, capacity 1072K, committed 1152K, reserved 1048576K
}
Event: 2.357 GC heap before
{Heap before GC invocations=12 (full 2):
 PSYoungGen      total 31744K, used 4021K [0x00000000d5d00000, 0x00000000d8680000, 0x0000000100000000)
  eden space 22528K, 0% used [0x00000000d5d00000,0x00000000d5d00000,0x00000000d7300000)
  from space 9216K, 43% used [0x00000000d7b80000,0x00000000d7f6d7a8,0x00000000d8480000)
  to   space 8704K, 0% used [0x00000000d7300000,0x00000000d7300000,0x00000000d7b80000)
 ParOldGen       total 14848K, used 14002K [0x0000000081600000, 0x0000000082480000, 0x00000000d5d00000)
  object space 14848K, 94% used [0x0000000081600000,0x00000000823ac990,0x0000000082480000)
 Metaspace       used 9610K, capacity 10164K, committed 10368K, reserved 1058816K
  class space    used 1027K, capacity 1072K, committed 1152K, reserved 1048576K
Event: 2.439 GC heap after
Heap after GC invocations=12 (full 2):
 PSYoungGen      total 31744K, used 326K [0x00000000d5d00000, 0x00000000d8680000, 0x0000000100000000)
  eden space 22528K, 0% used [0x00000000d5d00000,0x00000000d5d00000,0x00000000d7300000)
  from space 9216K, 3% used [0x00000000d7b80000,0x00000000d7bd1bc0,0x00000000d8480000)
  to   space 8704K, 0% used [0x00000000d7300000,0x00000000d7300000,0x00000000d7b80000)
 ParOldGen       total 23040K, used 14705K [0x0000000081600000, 0x0000000082c80000, 0x00000000d5d00000)
  object space 23040K, 63% used [0x0000000081600000,0x000000008245c7e0,0x0000000082c80000)
 Metaspace       used 9610K, capacity 10164K, committed 10368K, reserved 1058816K
  class space    used 1027K, capacity 1072K, committed 1152K, reserved 1048576K
}

Deoptimization events (10 events):
Event: 2.149 Thread 0x000000000209f000 Uncommon trap: reason=bimorphic action=maybe_recompile pc=0x00000000032474b8 method=com.sun.tools.javac.comp.Check.checkType(Lcom/sun/tools/javac/util/JCDiagnostic$DiagnosticPosition;Lcom/sun/tools/javac/code/Type;Lcom/sun/tools/javac/code/Type;Lcom/sun/t
Event: 2.152 Thread 0x000000000209f000 Uncommon trap: reason=bimorphic action=maybe_recompile pc=0x0000000003058d08 method=com.sun.tools.javac.comp.Attr.selectSym(Lcom/sun/tools/javac/tree/JCTree$JCFieldAccess;Lcom/sun/tools/javac/code/Symbol;Lcom/sun/tools/javac/code/Type;Lcom/sun/tools/javac
Event: 2.205 Thread 0x000000000209f000 Uncommon trap: reason=speculate_class_check action=maybe_recompile pc=0x000000000329789c method=com.sun.tools.javac.util.ArrayUtils.ensureCapacity([Ljava/lang/Object;I)[Ljava/lang/Object; @ 39
Event: 2.206 Thread 0x000000000209f000 Uncommon trap: reason=speculate_class_check action=maybe_recompile pc=0x000000000329789c method=com.sun.tools.javac.util.ArrayUtils.ensureCapacity([Ljava/lang/Object;I)[Ljava/lang/Object; @ 39
Event: 2.213 Thread 0x000000000209f000 Uncommon trap: reason=unstable_if action=reinterpret pc=0x0000000002c09acc method=com.sun.tools.javac.util.Convert.chars2utf([CI[BII)I @ 35
Event: 2.274 Thread 0x000000000209f000 Uncommon trap: reason=bimorphic action=maybe_recompile pc=0x0000000003058d08 method=com.sun.tools.javac.comp.Attr.selectSym(Lcom/sun/tools/javac/tree/JCTree$JCFieldAccess;Lcom/sun/tools/javac/code/Symbol;Lcom/sun/tools/javac/code/Type;Lcom/sun/tools/javac
Event: 2.296 Thread 0x000000000209f000 Uncommon trap: reason=class_check action=maybe_recompile pc=0x0000000002fc92fc method=com.sun.tools.javac.comp.Check.checkType(Lcom/sun/tools/javac/util/JCDiagnostic$DiagnosticPosition;Lcom/sun/tools/javac/code/Type;Lcom/sun/tools/javac/code/Type;Lcom/sun
Event: 2.328 Thread 0x000000000209f000 Uncommon trap: reason=speculate_class_check action=maybe_recompile pc=0x000000000329789c method=com.sun.tools.javac.util.ArrayUtils.ensureCapacity([Ljava/lang/Object;I)[Ljava/lang/Object; @ 39
Event: 2.328 Thread 0x000000000209f000 Uncommon trap: reason=unstable_if action=reinterpret pc=0x00000000032c30b4 method=com.sun.tools.javac.jvm.Pool.put(Ljava/lang/Object;)I @ 87
Event: 2.328 Thread 0x000000000209f000 Uncommon trap: reason=speculate_class_check action=maybe_recompile pc=0x000000000329789c method=com.sun.tools.javac.util.ArrayUtils.ensureCapacity([Ljava/lang/Object;I)[Ljava/lang/Object; @ 39

Internal exceptions (10 events):
Event: 0.140 Thread 0x000000000209f000 Exception <a 'java/security/PrivilegedActionException'> (0x00000000d5e7a568) thrown at [C:\re\workspace\8-2-build-windows-amd64-cygwin\jdk8u111\7883\hotspot\src\share\vm\prims\jvm.cpp, line 1386]
Event: 0.146 Thread 0x000000000209f000 Exception <a 'java/security/PrivilegedActionException'> (0x00000000d5d071e8) thrown at [C:\re\workspace\8-2-build-windows-amd64-cygwin\jdk8u111\7883\hotspot\src\share\vm\prims\jvm.cpp, line 1386]
Event: 0.146 Thread 0x000000000209f000 Exception <a 'java/security/PrivilegedActionException'> (0x00000000d5d075e0) thrown at [C:\re\workspace\8-2-build-windows-amd64-cygwin\jdk8u111\7883\hotspot\src\share\vm\prims\jvm.cpp, line 1386]
Event: 0.320 Thread 0x000000000209f000 Implicit null exception at 0x0000000002b9ef92 to 0x0000000002b9f159
Event: 0.384 Thread 0x000000000209f000 Exception <a 'java/security/PrivilegedActionException'> (0x00000000d5e5c6d8) thrown at [C:\re\workspace\8-2-build-windows-amd64-cygwin\jdk8u111\7883\hotspot\src\share\vm\prims\jvm.cpp, line 1386]
Event: 0.384 Thread 0x000000000209f000 Exception <a 'java/security/PrivilegedActionException'> (0x00000000d5e5c8e8) thrown at [C:\re\workspace\8-2-build-windows-amd64-cygwin\jdk8u111\7883\hotspot\src\share\vm\prims\jvm.cpp, line 1386]
Event: 0.384 Thread 0x000000000209f000 Exception <a 'java/security/PrivilegedActionException'> (0x00000000d5e5e1e8) thrown at [C:\re\workspace\8-2-build-windows-amd64-cygwin\jdk8u111\7883\hotspot\src\share\vm\prims\jvm.cpp, line 1386]
Event: 0.384 Thread 0x000000000209f000 Exception <a 'java/security/PrivilegedActionException'> (0x00000000d5e5e3f8) thrown at [C:\re\workspace\8-2-build-windows-amd64-cygwin\jdk8u111\7883\hotspot\src\share\vm\prims\jvm.cpp, line 1386]
Event: 1.131 Thread 0x000000000209f000 Exception <a 'java/io/FileNotFoundException'> (0x00000000d5f21760) thrown at [C:\re\workspace\8-2-build-windows-amd64-cygwin\jdk8u111\7883\hotspot\src\share\vm\prims\jni.cpp, line 709]
Event: 1.134 Thread 0x000000000209f000 Exception <a 'java/io/FileNotFoundException'> (0x00000000d5f555b0) thrown at [C:\re\workspace\8-2-build-windows-amd64-cygwin\jdk8u111\7883\hotspot\src\share\vm\prims\jni.cpp, line 709]

Events (10 events):
Event: 2.328 Thread 0x000000000209f000 DEOPT PACKING pc=0x000000000329789c sp=0x000000000274d870
Event: 2.328 Thread 0x000000000209f000 DEOPT UNPACKING pc=0x0000000002a6582a sp=0x000000000274d808 mode 2
Event: 2.328 Thread 0x000000000209f000 Uncommon trap: trap_request=0xffffff65 fr.pc=0x00000000032c30b4
Event: 2.328 Thread 0x000000000209f000 DEOPT PACKING pc=0x00000000032c30b4 sp=0x000000000274cc90
Event: 2.328 Thread 0x000000000209f000 DEOPT UNPACKING pc=0x0000000002a6582a sp=0x000000000274ccb0 mode 2
Event: 2.328 Thread 0x000000000209f000 Uncommon trap: trap_request=0xffffff76 fr.pc=0x000000000329789c
Event: 2.328 Thread 0x000000000209f000 DEOPT PACKING pc=0x000000000329789c sp=0x000000000274ea90
Event: 2.328 Thread 0x000000000209f000 DEOPT UNPACKING pc=0x0000000002a6582a sp=0x000000000274ea28 mode 2
Event: 2.348 Executing VM operation: ParallelGCFailedAllocation
Event: 2.439 Executing VM operation: ParallelGCFailedAllocation done


Dynamic libraries:
0x000000013f120000 - 0x000000013f127000 	C:\Program Files\Java\jdk1.8.0_111\bin\javac.exe
0x0000000077800000 - 0x000000007799f000 	C:\Windows\SYSTEM32\ntdll.dll
0x00000000775e0000 - 0x00000000776ff000 	C:\Windows\system32\kernel32.dll
0x000007fefd880000 - 0x000007fefd8ea000 	C:\Windows\system32\KERNELBASE.dll
0x000000005ca30000 - 0x000000005ca5f000 	C:\Program Files\Java\jdk1.8.0_111\bin\jli.dll
0x000007feff630000 - 0x000007feff70b000 	C:\Windows\system32\ADVAPI32.dll
0x000007feffa40000 - 0x000007feffadf000 	C:\Windows\system32\msvcrt.dll
0x000007feff7b0000 - 0x000007feff7cf000 	C:\Windows\SYSTEM32\sechost.dll
0x000007fefe100000 - 0x000007fefe22c000 	C:\Windows\system32\RPCRT4.dll
0x000007fefc1e0000 - 0x000007fefc3d4000 	C:\Windows\WinSxS\amd64_microsoft.windows.common-controls_6595b64144ccf1df_6.0.7601.17514_none_fa396087175ac9ac\COMCTL32.dll
0x000007fefe230000 - 0x000007fefe297000 	C:\Windows\system32\GDI32.dll
0x0000000077700000 - 0x00000000777fa000 	C:\Windows\system32\USER32.dll
0x000007feffa30000 - 0x000007feffa3e000 	C:\Windows\system32\LPK.dll
0x000007fefe000000 - 0x000007fefe0c9000 	C:\Windows\system32\USP10.dll
0x000007feff5b0000 - 0x000007feff621000 	C:\Windows\system32\SHLWAPI.dll
0x000000005b740000 - 0x000000005b812000 	C:\Program Files\Java\jdk1.8.0_111\bin\MSVCR100.dll
0x000007fefd670000 - 0x000007fefd6c7000 	C:\Windows\system32\apphelp.dll
0x000007fedba70000 - 0x000007fedbac1000 	C:\Windows\AppPatch\AppPatch64\AcGenral.DLL
0x000007fefd580000 - 0x000007fefd5a5000 	C:\Windows\system32\SspiCli.dll
0x000007fefdb00000 - 0x000007fefdd03000 	C:\Windows\system32\ole32.dll
0x000007fefe820000 - 0x000007feff5a8000 	C:\Windows\system32\SHELL32.dll
0x0000000075030000 - 0x0000000075033000 	C:\Windows\system32\sfc.dll
0x000007fef8f70000 - 0x000007fef8f80000 	C:\Windows\system32\sfc_os.DLL
0x000007fefca70000 - 0x000007fefca8e000 	C:\Windows\system32\USERENV.dll
0x000007fefd730000 - 0x000007fefd73f000 	C:\Windows\system32\profapi.dll
0x000007fefb9c0000 - 0x000007fefb9d8000 	C:\Windows\system32\dwmapi.dll
0x000007fefa5c0000 - 0x000007fefa5d8000 	C:\Windows\system32\MPR.dll
0x000007fefe0d0000 - 0x000007fefe0fe000 	C:\Windows\system32\IMM32.DLL
0x000007fefdd10000 - 0x000007fefde19000 	C:\Windows\system32\MSCTF.dll
0x00000000724e0000 - 0x00000000725b2000 	C:\Program Files\Java\jdk1.8.0_111\jre\bin\msvcr100.dll
0x00000000599c0000 - 0x000000005a25a000 	C:\Program Files\Java\jdk1.8.0_111\jre\bin\server\jvm.dll
0x000007fefa5f0000 - 0x000007fefa5f9000 	C:\Windows\system32\WSOCK32.dll
0x000007fefe340000 - 0x000007fefe38d000 	C:\Windows\system32\WS2_32.dll
0x000007feffae0000 - 0x000007feffae8000 	C:\Windows\system32\NSI.dll
0x000007fefbe30000 - 0x000007fefbe6b000 	C:\Windows\system32\WINMM.dll
0x000007fefc890000 - 0x000007fefc89c000 	C:\Windows\system32\VERSION.dll
0x00000000779a0000 - 0x00000000779a7000 	C:\Windows\system32\PSAPI.DLL
0x0000000073e50000 - 0x0000000073e5f000 	C:\Program Files\Java\jdk1.8.0_111\jre\bin\verify.dll
0x00000000729a0000 - 0x00000000729c9000 	C:\Program Files\Java\jdk1.8.0_111\jre\bin\java.dll
0x0000000072980000 - 0x0000000072996000 	C:\Program Files\Java\jdk1.8.0_111\jre\bin\zip.dll

VM Arguments:
jvm_args: -Dapplication.home=C:\Program Files\Java\jdk1.8.0_111 -Xms8m 
java_command: com.sun.tools.javac.Main -d C:\Users\rejean\Documents\NetBeansProjects\OrderingSystem\build\classes -classpath C:\Users\rejean\Documents\NetBeansProjects\OrderingSystem\build\classes;C:\Program Files\NetBeans 8.2\platform\modules\ext\swing-layout-1.0.4.jar;C:\Users\rejean\Documents\Installers\mysql-connector-java-5.1.48\mysql-connector-java-5.1.48\mysql-connector-java-5.1.48-bin.jar;C:\Users\rejean\Documents\Installers\mysql-connector-java-5.1.48\mysql-connector-java-5.1.48\mysql-connector-java-5.1.48.jar -sourcepath C:\Users\rejean\Documents\NetBeansProjects\OrderingSystem\build\empty -target 1.8 -encoding UTF-8 -g -processorpath C:\Users\John\Downloads\hhghg\Installers\mysql-connector-java-5.1.48\mysql-connector-java-5.1.48\mysql-connector-java-5.1.48-bin.jar;C:\Users\John\Downloads\hhghg\Installers\mysql-connector-java-5.1.48\mysql-connector-java-5.1.48\mysql-connector-java-5.1.48.jar;C:\Program Files\NetBeans 8.2\platform\modules\ext\swing-layout-1.0.4.jar;C:\Users\rejean\Documents\Installers\mysql-connector-java-5.1.48\mysql-connector-java-5.1.48\mysql-connector-java-5.1.48-bin.jar;C:\Users\rejean\Documents\Installers\mysql-connector-java-5.1.48\mysql-connector-java-5.1.48\mysql-connector-java-5.1.48.jar;C:\Users\rejean\Documents\NetBeansProjects\OrderingSystem\build\empty -s C:\Users\rejean\Documents\NetBeansProjects\OrderingSystem\build\generated-sources\ap-source-output -source 1.8 @C:\Users\rejean\AppData\Local\Temp\files8655101740994040111
java_class_path (initial): C:\Program Files\Java\jdk1.8.0_111/lib/tools.jar;C:\Program Files\Java\jdk1.8.0_111/classes
Launcher Type: SUN_STANDARD

Environment Variables:
PATH=C:\ProgramData\Oracle\Java\javapath;C:\Program Files\Dell\DW WLAN Card;;C:\Windows\system32;C:\Windows;C:\Windows\System32\Wbem;C:\Windows\System32\WindowsPowerShell\v1.0\;C:\Program Files (x86)\QuickTime\QTSystem\;C:\Users\rejean\AppData\Local\Programs\Python\Python38-32\Scripts\;C:\Users\rejean\AppData\Local\Programs\Python\Python38-32\
USERNAME=rejean
OS=Windows_NT
PROCESSOR_IDENTIFIER=Intel64 Family 6 Model 42 Stepping 7, GenuineIntel



---------------  S Y S T E M  ---------------

OS: Windows 7 , 64 bit Build 7601 (6.1.7601.24384)

CPU:total 8 (4 cores per cpu, 2 threads per core) family 6 model 42 stepping 7, cmov, cx8, fxsr, mmx, sse, sse2, sse3, ssse3, sse4.1, sse4.2, popcnt, avx, aes, clmul, ht, tsc, tscinvbit

Memory: 4k page, physical 8292400k(3768456k free), swap 8392896k(3351816k free)

vm_info: Java HotSpot(TM) 64-Bit Server VM (25.111-b14) for windows-amd64 JRE (1.8.0_111-b14), built on Sep 22 2016 19:24:05 by "java_re" with MS VC++ 10.0 (VS2010)

time: Wed Apr 22 12:50:31 2020
elapsed time: 2 seconds (0d 0h 0m 2s)

