#
# A fatal error has been detected by the Java Runtime Environment:
#
#  EXCEPTION_ACCESS_VIOLATION (0xc0000005) at pc=0x0000000067b8641e, pid=7268, tid=0x00000000000016c0
#
# JRE version: Java(TM) SE Runtime Environment (8.0_111-b14) (build 1.8.0_111-b14)
# Java VM: Java HotSpot(TM) 64-Bit Server VM (25.111-b14 mixed mode windows-amd64 compressed oops)
# Problematic frame:
# V  [jvm.dll+0x46641e]
#
# Failed to write core dump. Minidumps are not enabled by default on client versions of Windows
#
# If you would like to submit a bug report, please visit:
#   http://bugreport.java.com/bugreport/crash.jsp
#

---------------  T H R E A D  ---------------

Current thread (0x00000000588db800):  JavaThread "C2 CompilerThread0" daemon [_thread_in_native, id=5824, stack(0x0000000059f20000,0x000000005a020000)]

siginfo: ExceptionCode=0xc0000005, reading address 0x000000005ba9e9d0

Registers:
RAX=0x0000000000000000, RBX=0x000000005c04e110, RCX=0x000000005a01c9d0, RDX=0x0000000058a9e9d0
RSP=0x000000005a01c550, RBP=0x000000005a01c5b0, RSI=0x0000000000074ea0, RDI=0x0000000000000000
R8 =0x0000000000000000, R9 =0x000000005a5eda60, R10=0x0000000000c00000, R11=0x0000000000000000
R12=0x000000005c04e110, R13=0x000000000000752f, R14=0x0000000067720000, R15=0x0000000000000000
RIP=0x0000000067b8641e, EFLAGS=0x0000000000010206

Top of Stack: (sp=0x000000005a01c550)
0x000000005a01c550:   000000005bfe8740 000000005c04e110
0x000000005a01c560:   000000005a01c9d0 000000005a01c6e0
0x000000005a01c570:   0000086200000000 0000000000000008
0x000000005a01c580:   000000005bee17e0 0000000000000001
0x000000005a01c590:   000000005bfed390 0000000000000001
0x000000005a01c5a0:   000000005bfed380 000000005bf7bc90
0x000000005a01c5b0:   ffffffffffffffff 0000000000000000
0x000000005a01c5c0:   000000005a01c9d0 0000000067b86957
0x000000005a01c5d0:   000000005c04e110 000000005c04e110
0x000000005a01c5e0:   0000000000074ea0 0000000000074ea0
0x000000005a01c5f0:   0000086200000000 0000000000000008
0x000000005a01c600:   000000005bee17e0 0000000000000001
0x000000005a01c610:   000000005bfed390 0000000000000001
0x000000005a01c620:   000000005bfed380 0000000000000000
0x000000005a01c630:   000000005a5ede38 0000000000000000
0x000000005a01c640:   00000000000003d8 000000005a5eda60 

Instructions: (pc=0x0000000067b8641e)
0x0000000067b863fe:   cc cc 48 89 74 24 18 55 57 41 54 48 8b ec 48 83
0x0000000067b8640e:   ec 60 4c 63 52 20 4c 8b e2 48 8b 91 08 01 00 00
0x0000000067b8641e:   46 8b 0c 92 41 8b f0 48 8b f9 45 3b ca 74 3d 0f
0x0000000067b8642e:   1f 00 41 8b c9 49 63 c1 44 8b 0c 82 44 3b c9 75 


Register to memory mapping:

RAX=0x0000000000000000 is an unknown value
RBX=0x000000005c04e110 is an unknown value
RCX=0x000000005a01c9d0 is pointing into the stack for thread: 0x00000000588db800
RDX=0x0000000058a9e9d0 is an unknown value
RSP=0x000000005a01c550 is pointing into the stack for thread: 0x00000000588db800
RBP=0x000000005a01c5b0 is pointing into the stack for thread: 0x00000000588db800
RSI=0x0000000000074ea0 is an unknown value
RDI=0x0000000000000000 is an unknown value
R8 =0x0000000000000000 is an unknown value
R9 =0x000000005a5eda60 is an unknown value
R10=0x0000000000c00000 is an unknown value
R11=0x0000000000000000 is an unknown value
R12=0x000000005c04e110 is an unknown value
R13=0x000000000000752f is an unknown value
R14=0x0000000067720000 is an unknown value
R15=0x0000000000000000 is an unknown value


Stack: [0x0000000059f20000,0x000000005a020000],  sp=0x000000005a01c550,  free space=1009k
Native frames: (J=compiled Java code, j=interpreted, Vv=VM code, C=native code)
V  [jvm.dll+0x46641e]
V  [jvm.dll+0x466957]
V  [jvm.dll+0x4682ec]
V  [jvm.dll+0x47374b]
V  [jvm.dll+0x476057]
V  [jvm.dll+0x4589b2]
V  [jvm.dll+0xa5742]
V  [jvm.dll+0xa607f]
V  [jvm.dll+0x244b7f]
V  [jvm.dll+0x29c43a]
C  [msvcr100.dll+0x21d9f]
C  [msvcr100.dll+0x21e3b]
C  [kernel32.dll+0x1570d]
C  [ntdll.dll+0x5385d]


Current CompileTask:
C2:   2490  645 % !   4       sun.awt.image.PNGImageDecoder::produceImage @ 960 (1916 bytes)


---------------  P R O C E S S  ---------------

Java Threads: ( => current thread )
  0x000000005a689000 JavaThread "Image Fetcher 0" daemon [_thread_blocked, id=2600, stack(0x000000005ba10000,0x000000005bb10000)]
  0x0000000001ece000 JavaThread "DestroyJavaVM" [_thread_blocked, id=3824, stack(0x0000000001fe0000,0x00000000020e0000)]
  0x000000005a5e3800 JavaThread "AWT-EventQueue-0" [_thread_blocked, id=5508, stack(0x000000005b720000,0x000000005b820000)]
  0x000000005a5c3000 JavaThread "AWT-Windows" daemon [_thread_in_native, id=2636, stack(0x000000005b130000,0x000000005b230000)]
  0x000000005a5c2800 JavaThread "AWT-Shutdown" [_thread_blocked, id=6788, stack(0x000000005b010000,0x000000005b110000)]
  0x000000005a5c1800 JavaThread "Java2D Disposer" daemon [_thread_blocked, id=6924, stack(0x000000005ad80000,0x000000005ae80000)]
  0x0000000058978800 JavaThread "Service Thread" daemon [_thread_blocked, id=6848, stack(0x000000005a400000,0x000000005a500000)]
  0x00000000588fd000 JavaThread "C1 CompilerThread3" daemon [_thread_blocked, id=3736, stack(0x00000000597e0000,0x00000000598e0000)]
  0x000000005793e000 JavaThread "C2 CompilerThread2" daemon [_thread_blocked, id=5660, stack(0x000000005a1c0000,0x000000005a2c0000)]
  0x00000000588e0800 JavaThread "C2 CompilerThread1" daemon [_thread_blocked, id=6660, stack(0x000000005a020000,0x000000005a120000)]
=>0x00000000588db800 JavaThread "C2 CompilerThread0" daemon [_thread_in_native, id=5824, stack(0x0000000059f20000,0x000000005a020000)]
  0x00000000588d8000 JavaThread "Attach Listener" daemon [_thread_blocked, id=1452, stack(0x00000000129f0000,0x0000000012af0000)]
  0x00000000588d7000 JavaThread "Signal Dispatcher" daemon [_thread_blocked, id=6784, stack(0x0000000059d10000,0x0000000059e10000)]
  0x0000000057932000 JavaThread "Finalizer" daemon [_thread_blocked, id=1256, stack(0x0000000059bf0000,0x0000000059cf0000)]
  0x0000000057929000 JavaThread "Reference Handler" daemon [_thread_blocked, id=2556, stack(0x0000000059a80000,0x0000000059b80000)]

Other Threads:
  0x0000000058883800 VMThread [stack: 0x0000000059960000,0x0000000059a60000] [id=1752]
  0x0000000058985000 WatcherThread [stack: 0x000000005a2e0000,0x000000005a3e0000] [id=6348]

VM state:not at safepoint (normal execution)

VM Mutex/Monitor currently owned by a thread: None

Heap:
 PSYoungGen      total 38400K, used 29875K [0x00000000d5d00000, 0x00000000d8780000, 0x0000000100000000)
  eden space 33280K, 89% used [0x00000000d5d00000,0x00000000d7a2cee0,0x00000000d7d80000)
  from space 5120K, 0% used [0x00000000d8280000,0x00000000d8280000,0x00000000d8780000)
  to   space 5120K, 0% used [0x00000000d7d80000,0x00000000d7d80000,0x00000000d8280000)
 ParOldGen       total 87552K, used 0K [0x0000000081600000, 0x0000000086b80000, 0x00000000d5d00000)
  object space 87552K, 0% used [0x0000000081600000,0x0000000081600000,0x0000000086b80000)
 Metaspace       used 11365K, capacity 11568K, committed 11776K, reserved 1058816K
  class space    used 1427K, capacity 1510K, committed 1536K, reserved 1048576K

Card table byte_map: [0x0000000011770000,0x0000000011b70000] byte_map_base: 0x0000000011365000

Marking Bits: (ParMarkBitMap*) 0x0000000067f3a6c0
 Begin Bits: [0x0000000012bf0000, 0x0000000014b98000)
 End Bits:   [0x0000000014b98000, 0x0000000016b40000)

Polling page: 0x00000000000a0000

CodeCache: size=245760Kb used=2721Kb max_used=2721Kb free=243038Kb
 bounds [0x00000000023b0000, 0x0000000002660000, 0x00000000113b0000]
 total_blobs=1156 nmethods=676 adapters=393
 compilation: enabled

Compilation events (10 events):
Event: 2.462 Thread 0x00000000588fd000  677       3       java.lang.Class::getInterfaces (41 bytes)
Event: 2.462 Thread 0x00000000588fd000 nmethod 677 0x0000000002642350 code [0x0000000002642500, 0x0000000002642938]
Event: 2.462 Thread 0x00000000588fd000  672       1       java.awt.Component::getX (5 bytes)
Event: 2.462 Thread 0x00000000588fd000 nmethod 672 0x0000000002642090 code [0x00000000026421e0, 0x00000000026422f0]
Event: 2.462 Thread 0x00000000588fd000  673       1       java.awt.Component::getY (5 bytes)
Event: 2.462 Thread 0x00000000588fd000 nmethod 673 0x0000000002641dd0 code [0x0000000002641f20, 0x0000000002642030]
Event: 2.462 Thread 0x00000000588fd000  676       1       java.nio.DirectByteBuffer::isReadOnly (2 bytes)
Event: 2.462 Thread 0x00000000588fd000 nmethod 676 0x0000000002641b10 code [0x0000000002641c60, 0x0000000002641d70]
Event: 2.462 Thread 0x00000000588fd000  674       1       javax.swing.plaf.synth.Region::isSubregion (5 bytes)
Event: 2.462 Thread 0x00000000588fd000 nmethod 674 0x0000000002641850 code [0x00000000026419a0, 0x0000000002641ab0]

GC Heap History (0 events):
No events

Deoptimization events (3 events):
Event: 0.186 Thread 0x0000000001ece000 Uncommon trap: reason=null_check action=make_not_entrant pc=0x000000000251df0c method=java.lang.String.equals(Ljava/lang/Object;)Z @ 8
Event: 0.388 Thread 0x000000005a5e3800 Uncommon trap: reason=bimorphic action=maybe_recompile pc=0x00000000025c6550 method=java.util.HashMap.putVal(ILjava/lang/Object;Ljava/lang/Object;ZZ)Ljava/lang/Object; @ 152
Event: 0.393 Thread 0x000000005a5e3800 Uncommon trap: reason=bimorphic action=maybe_recompile pc=0x00000000025c6550 method=java.util.HashMap.putVal(ILjava/lang/Object;Ljava/lang/Object;ZZ)Ljava/lang/Object; @ 152

Internal exceptions (10 events):
Event: 0.234 Thread 0x0000000001ece000 Exception <a 'java/lang/ClassNotFoundException': ToolBar> (0x00000000d61190d8) thrown at [C:\re\workspace\8-2-build-windows-amd64-cygwin\jdk8u111\7883\hotspot\src\share\vm\classfile\systemDictionary.cpp, line 210]
Event: 0.234 Thread 0x0000000001ece000 Exception <a 'java/lang/ClassNotFoundException': ToggleButton> (0x00000000d6119688) thrown at [C:\re\workspace\8-2-build-windows-amd64-cygwin\jdk8u111\7883\hotspot\src\share\vm\classfile\systemDictionary.cpp, line 210]
Event: 0.234 Thread 0x0000000001ece000 Exception <a 'java/lang/ClassNotFoundException': javax/swing/JToolBarSeparator> (0x00000000d6119ae8) thrown at [C:\re\workspace\8-2-build-windows-amd64-cygwin\jdk8u111\7883\hotspot\src\share\vm\classfile\systemDictionary.cpp, line 210]
Event: 0.234 Thread 0x0000000001ece000 Exception <a 'java/lang/ClassNotFoundException': ToolBarSeparator> (0x00000000d6119f80) thrown at [C:\re\workspace\8-2-build-windows-amd64-cygwin\jdk8u111\7883\hotspot\src\share\vm\classfile\systemDictionary.cpp, line 210]
Event: 0.234 Thread 0x0000000001ece000 Exception <a 'java/lang/ClassNotFoundException': ToolTip> (0x00000000d611a6c0) thrown at [C:\re\workspace\8-2-build-windows-amd64-cygwin\jdk8u111\7883\hotspot\src\share\vm\classfile\systemDictionary.cpp, line 210]
Event: 0.235 Thread 0x0000000001ece000 Exception <a 'java/lang/ClassNotFoundException': Tree> (0x00000000d611b2e0) thrown at [C:\re\workspace\8-2-build-windows-amd64-cygwin\jdk8u111\7883\hotspot\src\share\vm\classfile\systemDictionary.cpp, line 210]
Event: 0.235 Thread 0x0000000001ece000 Exception <a 'java/lang/ClassNotFoundException': Tree> (0x00000000d611ba20) thrown at [C:\re\workspace\8-2-build-windows-amd64-cygwin\jdk8u111\7883\hotspot\src\share\vm\classfile\systemDictionary.cpp, line 210]
Event: 0.235 Thread 0x0000000001ece000 Exception <a 'java/lang/ClassNotFoundException': javax/swing/JTreeCell> (0x00000000d611bda0) thrown at [C:\re\workspace\8-2-build-windows-amd64-cygwin\jdk8u111\7883\hotspot\src\share\vm\classfile\systemDictionary.cpp, line 210]
Event: 0.235 Thread 0x0000000001ece000 Exception <a 'java/lang/ClassNotFoundException': TreeCell> (0x00000000d611c228) thrown at [C:\re\workspace\8-2-build-windows-amd64-cygwin\jdk8u111\7883\hotspot\src\share\vm\classfile\systemDictionary.cpp, line 210]
Event: 0.236 Thread 0x0000000001ece000 Exception <a 'java/lang/ClassNotFoundException': RootPane> (0x00000000d611cc88) thrown at [C:\re\workspace\8-2-build-windows-amd64-cygwin\jdk8u111\7883\hotspot\src\share\vm\classfile\systemDictionary.cpp, line 210]

Events (10 events):
Event: 1.175 loading class java/awt/event/ContainerEvent
Event: 1.175 loading class java/awt/event/ContainerEvent done
Event: 2.388 loading class orderingsystem/Choose
Event: 2.388 loading class orderingsystem/Choose done
Event: 2.403 loading class orderingsystem/Choose$1
Event: 2.403 loading class orderingsystem/Choose$1 done
Event: 2.411 loading class orderingsystem/Choose$2
Event: 2.411 loading class orderingsystem/Choose$2 done
Event: 2.415 loading class orderingsystem/Choose$3
Event: 2.415 loading class orderingsystem/Choose$3 done


Dynamic libraries:
0x000000013f3e0000 - 0x000000013f417000 	C:\Program Files\Java\jdk1.8.0_111\bin\java.exe
0x0000000077300000 - 0x000000007749f000 	C:\Windows\SYSTEM32\ntdll.dll
0x00000000771e0000 - 0x00000000772ff000 	C:\Windows\system32\kernel32.dll
0x000007fefd450000 - 0x000007fefd4ba000 	C:\Windows\system32\KERNELBASE.dll
0x000007feff460000 - 0x000007feff53b000 	C:\Windows\system32\ADVAPI32.dll
0x000007fefdb00000 - 0x000007fefdb9f000 	C:\Windows\system32\msvcrt.dll
0x000007fefe290000 - 0x000007fefe2af000 	C:\Windows\SYSTEM32\sechost.dll
0x000007feff330000 - 0x000007feff45c000 	C:\Windows\system32\RPCRT4.dll
0x00000000770e0000 - 0x00000000771da000 	C:\Windows\system32\USER32.dll
0x000007fefe0f0000 - 0x000007fefe157000 	C:\Windows\system32\GDI32.dll
0x000007feff540000 - 0x000007feff54e000 	C:\Windows\system32\LPK.dll
0x000007fefd9e0000 - 0x000007fefdaa9000 	C:\Windows\system32\USP10.dll
0x000007fefbca0000 - 0x000007fefbe94000 	C:\Windows\WinSxS\amd64_microsoft.windows.common-controls_6595b64144ccf1df_6.0.7601.17514_none_fa396087175ac9ac\COMCTL32.dll
0x000007fefdf90000 - 0x000007fefe001000 	C:\Windows\system32\SHLWAPI.dll
0x000007fefe0b0000 - 0x000007fefe0de000 	C:\Windows\system32\IMM32.DLL
0x000007fefe2b0000 - 0x000007fefe3b9000 	C:\Windows\system32\MSCTF.dll
0x0000000072560000 - 0x0000000072632000 	C:\Program Files\Java\jdk1.8.0_111\jre\bin\msvcr100.dll
0x0000000067720000 - 0x0000000067fba000 	C:\Program Files\Java\jdk1.8.0_111\jre\bin\server\jvm.dll
0x000007fef05f0000 - 0x000007fef05f9000 	C:\Windows\system32\WSOCK32.dll
0x000007fefdab0000 - 0x000007fefdafd000 	C:\Windows\system32\WS2_32.dll
0x000007fefe0e0000 - 0x000007fefe0e8000 	C:\Windows\system32\NSI.dll
0x000007fefbb20000 - 0x000007fefbb5b000 	C:\Windows\system32\WINMM.dll
0x000007fefc390000 - 0x000007fefc39c000 	C:\Windows\system32\VERSION.dll
0x00000000774a0000 - 0x00000000774a7000 	C:\Windows\system32\PSAPI.DLL
0x00000000739c0000 - 0x00000000739cf000 	C:\Program Files\Java\jdk1.8.0_111\jre\bin\verify.dll
0x00000000730d0000 - 0x00000000730f9000 	C:\Program Files\Java\jdk1.8.0_111\jre\bin\java.dll
0x00000000738b0000 - 0x00000000738c6000 	C:\Program Files\Java\jdk1.8.0_111\jre\bin\zip.dll
0x000007fefe3c0000 - 0x000007feff148000 	C:\Windows\system32\SHELL32.dll
0x000007fefdba0000 - 0x000007fefdda3000 	C:\Windows\system32\ole32.dll
0x000007fefd230000 - 0x000007fefd23f000 	C:\Windows\system32\profapi.dll
0x0000000069b30000 - 0x0000000069cc8000 	C:\Program Files\Java\jdk1.8.0_111\jre\bin\awt.dll
0x000007fefde30000 - 0x000007fefdf07000 	C:\Windows\system32\OLEAUT32.dll
0x000007fefb8c0000 - 0x000007fefb916000 	C:\Windows\system32\uxtheme.dll
0x000007fefae50000 - 0x000007fefae68000 	C:\Windows\system32\dwmapi.dll
0x000007fefd0c0000 - 0x000007fefd0cf000 	C:\Windows\system32\CRYPTBASE.dll
0x0000000072880000 - 0x00000000728c7000 	C:\Program Files\Java\jdk1.8.0_111\jre\bin\fontmanager.dll
0x00000000720c0000 - 0x00000000720f1000 	C:\Program Files\Java\jdk1.8.0_111\jre\bin\jpeg.dll
0x00000000737b0000 - 0x00000000737ca000 	C:\Program Files\Java\jdk1.8.0_111\jre\bin\net.dll
0x000007fefca10000 - 0x000007fefca65000 	C:\Windows\system32\mswsock.dll
0x000007fefca00000 - 0x000007fefca07000 	C:\Windows\System32\wship6.dll
0x0000000073540000 - 0x0000000073551000 	C:\Program Files\Java\jdk1.8.0_111\jre\bin\nio.dll
0x00000000727b0000 - 0x00000000727f2000 	C:\Program Files\Java\jdk1.8.0_111\jre\bin\t2k.dll
0x000007feff550000 - 0x000007feff5e9000 	C:\Windows\system32\CLBCatQ.DLL
0x000007feef520000 - 0x000007feef645000 	C:\Windows\system32\dbghelp.dll

VM Arguments:
jvm_args: -Dfile.encoding=UTF-8 
java_command: orderingsystem.FirstPart
java_class_path (initial): C:\Users\rejean\Documents\Installers\mysql-connector-java-5.1.48\mysql-connector-java-5.1.48\mysql-connector-java-5.1.48-bin.jar;C:\Users\rejean\Documents\Installers\mysql-connector-java-5.1.48\mysql-connector-java-5.1.48\mysql-connector-java-5.1.48.jar;C:\Program Files\NetBeans 8.2\platform\modules\ext\swing-layout-1.0.4.jar;C:\Users\rejean\Documents\NetBeansProjects\SUBSYSTEM\build\classes
Launcher Type: SUN_STANDARD

Environment Variables:
PATH=C:\ProgramData\Oracle\Java\javapath;C:\Program Files\Dell\DW WLAN Card;;C:\Windows\system32;C:\Windows;C:\Windows\System32\Wbem;C:\Windows\System32\WindowsPowerShell\v1.0\;C:\Program Files (x86)\QuickTime\QTSystem\;C:\Users\rejean\AppData\Local\Programs\Python\Python38-32\Scripts\;C:\Users\rejean\AppData\Local\Programs\Python\Python38-32\
USERNAME=rejean
OS=Windows_NT
PROCESSOR_IDENTIFIER=Intel64 Family 6 Model 42 Stepping 7, GenuineIntel



---------------  S Y S T E M  ---------------

OS: Windows 7 , 64 bit Build 7601 (6.1.7601.24384)

CPU:total 8 (4 cores per cpu, 2 threads per core) family 6 model 42 stepping 7, cmov, cx8, fxsr, mmx, sse, sse2, sse3, ssse3, sse4.1, sse4.2, popcnt, avx, aes, clmul, ht, tsc, tscinvbit

Memory: 4k page, physical 8292400k(4288460k free), swap 8392896k(3568136k free)

vm_info: Java HotSpot(TM) 64-Bit Server VM (25.111-b14) for windows-amd64 JRE (1.8.0_111-b14), built on Sep 22 2016 19:24:05 by "java_re" with MS VC++ 10.0 (VS2010)

time: Mon Apr 20 02:14:11 2020
elapsed time: 2 seconds (0d 0h 0m 2s)

