#
# A fatal error has been detected by the Java Runtime Environment:
#
#  EXCEPTION_ACCESS_VIOLATION (0xc0000005) at pc=0x0000000070374c1b, pid=9344, tid=0x0000000000000cf4
#
# JRE version: Java(TM) SE Runtime Environment (8.0_111-b14) (build 1.8.0_111-b14)
# Java VM: Java HotSpot(TM) 64-Bit Server VM (25.111-b14 mixed mode windows-amd64 compressed oops)
# Problematic frame:
# V  [jvm.dll+0x64c1b]
#
# Failed to write core dump. Minidumps are not enabled by default on client versions of Windows
#
# If you would like to submit a bug report, please visit:
#   http://bugreport.java.com/bugreport/crash.jsp
#

---------------  T H R E A D  ---------------

Current thread (0x0000000001dce000):  JavaThread "main" [_thread_in_vm, id=3316, stack(0x00000000021b0000,0x00000000022b0000)]

siginfo: ExceptionCode=0xc0000005, reading address 0x0000000056976e20

Registers:
RAX=0x0000000056e9bfe8, RBX=0x0000000001e39bc0, RCX=0x0000000056f5b948, RDX=0x0000000000000012
RSP=0x00000000022aba20, RBP=0x0000000000000000, RSI=0x0000000056976e18, RDI=0x0000000056e9bec0
R8 =0x0000000056f59730, R9 =0x0000000000000000, R10=0x000000007090fec8, R11=0x0000000056f5a310
R12=0x0000000000000002, R13=0x0000000000000010, R14=0x0000000016dd8e90, R15=0x0000000016df2a18
RIP=0x0000000070374c1b, EFLAGS=0x0000000000010246

Top of Stack: (sp=0x00000000022aba20)
0x00000000022aba20:   0000000001e39bc0 0000000000000000
0x00000000022aba30:   0000000056df6d60 0000000056e9bec0
0x00000000022aba40:   0000000001e39990 0000000001dce000
0x00000000022aba50:   0000000001e417b8 00000000022abaf0
0x00000000022aba60:   0000000001dc8e90 0000000070375e68
0x00000000022aba70:   0000000016df2a18 0000000001e397d0
0x00000000022aba80:   00000000022abbf0 0000000001dc8e90
0x00000000022aba90:   0000000001dce000 000000140000000b
0x00000000022abaa0:   0000000000000000 0000000000000007
0x00000000022abab0:   0000000001e39990 000000007037fb00
0x00000000022abac0:   0000000400000000 0000000000000000
0x00000000022abad0:   000000000000000f 0000000001e39aa0
0x00000000022abae0:   00000000022aba90 000000007037fe14
0x00000000022abaf0:   0000000000000000 00000000022abff0
0x00000000022abb00:   0000000001dce000 00000000022abf30
0x00000000022abb10:   0000000016dd8e90 0000000000000000 

Instructions: (pc=0x0000000070374c1b)
0x0000000070374bfb:   01 00 00 83 38 00 44 8b e5 0f 8e 1c 01 00 00 4c
0x0000000070374c0b:   8b ed 0f 1f 00 49 8b 74 05 08 4d 8b 17 45 33 c9
0x0000000070374c1b:   48 8b 4e 08 48 8b 51 08 0f b7 41 24 4c 8b 44 c2
0x0000000070374c2b:   50 0f b7 41 22 49 8b cf 48 8b 54 c2 50 41 ff 92 


Register to memory mapping:

RAX=0x0000000056e9bfe8 is pointing into metadata
RBX=0x0000000001e39bc0 is an unknown value
RCX=0x0000000056f5b948 is pointing into metadata
RDX=0x0000000000000012 is an unknown value
RSP=0x00000000022aba20 is pointing into the stack for thread: 0x0000000001dce000
RBP=0x0000000000000000 is an unknown value
RSI=0x0000000056976e18 is an unknown value
RDI={method} {0x0000000056e9bec8} 'eq' '(Ljava/lang/Object;Ljava/lang/Object;)Z' in 'java/util/AbstractMap'
R8 =0x0000000056f59730 is pointing into metadata
R9 =0x0000000000000000 is an unknown value
R10=0x000000007090fec8 is an unknown value
R11={method} {0x0000000056f5a318} 'isEmpty' '()Z' in 'java/util/concurrent/ConcurrentHashMap'
R12=0x0000000000000002 is an unknown value
R13=0x0000000000000010 is an unknown value
R14=0x0000000016dd8e90 is pointing into metadata
R15=0x0000000016df2a18 is pointing into metadata


Stack: [0x00000000021b0000,0x00000000022b0000],  sp=0x00000000022aba20,  free space=1006k
Native frames: (J=compiled Java code, j=interpreted, Vv=VM code, C=native code)

Java frames: (J=compiled Java code, j=interpreted, Vv=VM code)
j  sun.util.locale.LocaleObjectCache.<init>(IFI)V+16
j  sun.util.locale.LocaleObjectCache.<init>()V+7
j  java.util.Locale$Cache.<init>()V+1
j  java.util.Locale$Cache.<init>(Ljava/util/Locale$1;)V+1
j  java.util.Locale.<clinit>()V+21
v  ~StubRoutines::call_stub
j  java.io.WinNTFileSystem.hashCode(Ljava/io/File;)I+4
j  java.io.File.hashCode()I+4
j  java.util.HashMap.hash(Ljava/lang/Object;)I+9
j  java.util.HashMap.put(Ljava/lang/Object;Ljava/lang/Object;)Ljava/lang/Object;+2
j  sun.misc.MetaIndex.registerDirectory(Ljava/io/File;)V+178
j  sun.misc.Launcher$ExtClassLoader$1.run()Lsun/misc/Launcher$ExtClassLoader;+19
j  sun.misc.Launcher$ExtClassLoader$1.run()Ljava/lang/Object;+1
v  ~StubRoutines::call_stub
j  java.security.AccessController.doPrivileged(Ljava/security/PrivilegedExceptionAction;)Ljava/lang/Object;+0
j  sun.misc.Launcher$ExtClassLoader.getExtClassLoader()Lsun/misc/Launcher$ExtClassLoader;+12
j  sun.misc.Launcher.<init>()V+4
j  sun.misc.Launcher.<clinit>()V+15
v  ~StubRoutines::call_stub
j  java.lang.ClassLoader.initSystemClassLoader()V+22
j  java.lang.ClassLoader.getSystemClassLoader()Ljava/lang/ClassLoader;+0
v  ~StubRoutines::call_stub

---------------  P R O C E S S  ---------------

Java Threads: ( => current thread )
  0x00000000577af800 JavaThread "Finalizer" daemon [_thread_blocked, id=9280, stack(0x0000000059970000,0x0000000059a70000)]
  0x00000000577a8800 JavaThread "Reference Handler" daemon [_thread_blocked, id=9848, stack(0x0000000059700000,0x0000000059800000)]
=>0x0000000001dce000 JavaThread "main" [_thread_in_vm, id=3316, stack(0x00000000021b0000,0x00000000022b0000)]

Other Threads:
  0x0000000058703800 VMThread [stack: 0x0000000059810000,0x0000000059910000] [id=5700]

VM state:not at safepoint (normal execution)

VM Mutex/Monitor currently owned by a thread: None

Heap:
 PSYoungGen      total 38400K, used 665K [0x00000000d5d00000, 0x00000000d8780000, 0x0000000100000000)
  eden space 33280K, 2% used [0x00000000d5d00000,0x00000000d5da6670,0x00000000d7d80000)
  from space 5120K, 0% used [0x00000000d8280000,0x00000000d8280000,0x00000000d8780000)
  to   space 5120K, 0% used [0x00000000d7d80000,0x00000000d7d80000,0x00000000d8280000)
 ParOldGen       total 87552K, used 0K [0x0000000081600000, 0x0000000086b80000, 0x00000000d5d00000)
  object space 87552K, 0% used [0x0000000081600000,0x0000000081600000,0x0000000086b80000)
 Metaspace       used 1866K, capacity 4480K, committed 4480K, reserved 1056768K
  class space    used 203K, capacity 384K, committed 384K, reserved 1048576K

Card table byte_map: [0x0000000011940000,0x0000000011d40000] byte_map_base: 0x0000000011535000

Marking Bits: (ParMarkBitMap*) 0x0000000070b2a6c0
 Begin Bits: [0x0000000012a70000, 0x0000000014a18000)
 End Bits:   [0x0000000014a18000, 0x00000000169c0000)

Polling page: 0x0000000000330000

CodeCache: size=245760Kb used=425Kb max_used=425Kb free=245335Kb
 bounds [0x0000000002580000, 0x00000000027f0000, 0x0000000011580000]
 total_blobs=145 nmethods=0 adapters=111
 compilation: enabled

Compilation events (0 events):
No events

GC Heap History (0 events):
No events

Deoptimization events (0 events):
No events

Internal exceptions (2 events):
Event: 0.029 Thread 0x0000000001dce000 Exception <a 'java/lang/NoSuchMethodError': Method sun.misc.Unsafe.defineClass(Ljava/lang/String;[BII)Ljava/lang/Class; name or signature does not match> (0x00000000d5d07c78) thrown at [C:\re\workspace\8-2-build-windows-amd64-cygwin\jdk8u111\7883\hotspot\
Event: 0.029 Thread 0x0000000001dce000 Exception <a 'java/lang/NoSuchMethodError': Method sun.misc.Unsafe.prefetchRead(Ljava/lang/Object;J)V name or signature does not match> (0x00000000d5d07f60) thrown at [C:\re\workspace\8-2-build-windows-amd64-cygwin\jdk8u111\7883\hotspot\src\share\vm\prims

Events (10 events):
Event: 0.047 loading class java/lang/reflect/Array done
Event: 0.047 loading class java/util/Locale
Event: 0.047 loading class java/util/Locale done
Event: 0.048 loading class java/util/Locale$Cache
Event: 0.048 loading class sun/util/locale/LocaleObjectCache
Event: 0.048 loading class sun/util/locale/LocaleObjectCache done
Event: 0.048 loading class java/util/Locale$Cache done
Event: 0.048 loading class java/util/concurrent/ConcurrentHashMap
Event: 0.048 loading class java/util/concurrent/ConcurrentMap
Event: 0.048 loading class java/util/concurrent/ConcurrentMap done


Dynamic libraries:
0x000000013f3a0000 - 0x000000013f3d7000 	C:\Program Files\Java\jdk1.8.0_111\bin\java.exe
0x0000000077210000 - 0x00000000773af000 	C:\Windows\SYSTEM32\ntdll.dll
0x00000000770f0000 - 0x000000007720f000 	C:\Windows\system32\kernel32.dll
0x000007fefd1f0000 - 0x000007fefd25a000 	C:\Windows\system32\KERNELBASE.dll
0x000007feff3a0000 - 0x000007feff47b000 	C:\Windows\system32\ADVAPI32.dll
0x000007fefd770000 - 0x000007fefd80f000 	C:\Windows\system32\msvcrt.dll
0x000007fefe650000 - 0x000007fefe66f000 	C:\Windows\SYSTEM32\sechost.dll
0x000007fefe8f0000 - 0x000007fefea1c000 	C:\Windows\system32\RPCRT4.dll
0x0000000076ff0000 - 0x00000000770ea000 	C:\Windows\system32\USER32.dll
0x000007fefec20000 - 0x000007fefec87000 	C:\Windows\system32\GDI32.dll
0x000007fefee50000 - 0x000007fefee5e000 	C:\Windows\system32\LPK.dll
0x000007fefeb50000 - 0x000007fefec19000 	C:\Windows\system32\USP10.dll
0x000007fefbbf0000 - 0x000007fefbde4000 	C:\Windows\WinSxS\amd64_microsoft.windows.common-controls_6595b64144ccf1df_6.0.7601.17514_none_fa396087175ac9ac\COMCTL32.dll
0x000007fefedd0000 - 0x000007fefee41000 	C:\Windows\system32\SHLWAPI.dll
0x000007fefd080000 - 0x000007fefd0d7000 	C:\Windows\system32\apphelp.dll
0x000007fef8420000 - 0x000007fef8471000 	C:\Windows\AppPatch\AppPatch64\AcGenral.DLL
0x000007fefcf90000 - 0x000007fefcfb5000 	C:\Windows\system32\SspiCli.dll
0x000007fefe6e0000 - 0x000007fefe8e3000 	C:\Windows\system32\ole32.dll
0x000007fefd810000 - 0x000007fefe598000 	C:\Windows\system32\SHELL32.dll
0x0000000074a40000 - 0x0000000074a43000 	C:\Windows\system32\sfc.dll
0x000007fefad10000 - 0x000007fefad20000 	C:\Windows\system32\sfc_os.DLL
0x000007fefc480000 - 0x000007fefc49e000 	C:\Windows\system32\USERENV.dll
0x000007fefd140000 - 0x000007fefd14f000 	C:\Windows\system32\profapi.dll
0x000007fefb7b0000 - 0x000007fefb7c8000 	C:\Windows\system32\dwmapi.dll
0x000007fef9c80000 - 0x000007fef9c98000 	C:\Windows\system32\MPR.dll
0x000007fefec90000 - 0x000007fefecbe000 	C:\Windows\system32\IMM32.DLL
0x000007fefecc0000 - 0x000007fefedc9000 	C:\Windows\system32\MSCTF.dll
0x0000000073620000 - 0x00000000736f2000 	C:\Program Files\Java\jdk1.8.0_111\jre\bin\msvcr100.dll
0x0000000070310000 - 0x0000000070baa000 	C:\Program Files\Java\jdk1.8.0_111\jre\bin\server\jvm.dll
0x000007feefb60000 - 0x000007feefb69000 	C:\Windows\system32\WSOCK32.dll
0x000007fefe690000 - 0x000007fefe6dd000 	C:\Windows\system32\WS2_32.dll
0x000007fefe640000 - 0x000007fefe648000 	C:\Windows\system32\NSI.dll
0x000007fefb860000 - 0x000007fefb89b000 	C:\Windows\system32\WINMM.dll
0x000007fefc2a0000 - 0x000007fefc2ac000 	C:\Windows\system32\VERSION.dll
0x00000000773b0000 - 0x00000000773b7000 	C:\Windows\system32\PSAPI.DLL
0x00000000740f0000 - 0x00000000740ff000 	C:\Program Files\Java\jdk1.8.0_111\jre\bin\verify.dll
0x0000000073e30000 - 0x0000000073e59000 	C:\Program Files\Java\jdk1.8.0_111\jre\bin\java.dll
0x0000000073e10000 - 0x0000000073e26000 	C:\Program Files\Java\jdk1.8.0_111\jre\bin\zip.dll
0x000007feee430000 - 0x000007feee555000 	C:\Windows\system32\dbghelp.dll

VM Arguments:
jvm_args: -Dfile.encoding=UTF-8 
java_command: orderingsystem.OrderingSystem
java_class_path (initial): C:\Users\rejean\Documents\Installers\mysql-connector-java-5.1.48\mysql-connector-java-5.1.48\mysql-connector-java-5.1.48-bin.jar;C:\Users\rejean\Documents\Installers\mysql-connector-java-5.1.48\mysql-connector-java-5.1.48\mysql-connector-java-5.1.48.jar;C:\Program Files\NetBeans 8.2\platform\modules\ext\swing-layout-1.0.4.jar;C:\Users\rejean\Documents\NetBeansProjects\SUBSYSTEM\build\classes
Launcher Type: SUN_STANDARD

Environment Variables:
PATH=C:\ProgramData\Oracle\Java\javapath;C:\Program Files\Dell\DW WLAN Card;;C:\Windows\system32;C:\Windows;C:\Windows\System32\Wbem;C:\Windows\System32\WindowsPowerShell\v1.0\;C:\Program Files (x86)\QuickTime\QTSystem\;C:\Users\rejean\AppData\Local\Programs\Python\Python38-32\Scripts\;C:\Users\rejean\AppData\Local\Programs\Python\Python38-32\
USERNAME=rejean
OS=Windows_NT
PROCESSOR_IDENTIFIER=Intel64 Family 6 Model 42 Stepping 7, GenuineIntel



---------------  S Y S T E M  ---------------

OS: Windows 7 , 64 bit Build 7601 (6.1.7601.24384)

CPU:total 8 (4 cores per cpu, 2 threads per core) family 6 model 42 stepping 7, cmov, cx8, fxsr, mmx, sse, sse2, sse3, ssse3, sse4.1, sse4.2, popcnt, avx, aes, clmul, ht, tsc, tscinvbit

Memory: 4k page, physical 8292400k(4887440k free), swap 8392896k(4055300k free)

vm_info: Java HotSpot(TM) 64-Bit Server VM (25.111-b14) for windows-amd64 JRE (1.8.0_111-b14), built on Sep 22 2016 19:24:05 by "java_re" with MS VC++ 10.0 (VS2010)

time: Tue Apr 21 03:25:07 2020
elapsed time: 0 seconds (0d 0h 0m 0s)

