#
# A fatal error has been detected by the Java Runtime Environment:
#
#  EXCEPTION_ACCESS_VIOLATION (0xc0000005) at pc=0x0000000076d88243, pid=160, tid=0x00000000000010ac
#
# JRE version: Java(TM) SE Runtime Environment (8.0_111-b14) (build 1.8.0_111-b14)
# Java VM: Java HotSpot(TM) 64-Bit Server VM (25.111-b14 mixed mode windows-amd64 compressed oops)
# Problematic frame:
# C  [ntdll.dll+0x28243]
[error occurred during error reporting (printing problematic frame), id 0xc0000005]

# Failed to write core dump. Minidumps are not enabled by default on client versions of Windows
#
# If you would like to submit a bug report, please visit:
#   http://bugreport.java.com/bugreport/crash.jsp
# The crash happened outside the Java Virtual Machine in native code.
# See problematic frame for where to report the bug.
#

---------------  T H R E A D  ---------------

Current thread (0x000000005a745800):  JavaThread "AWT-Windows" daemon [_thread_in_native, id=4268, stack(0x000000005a250000,0x000000005a350000)]

siginfo: ExceptionCode=0xc0000005, reading address 0x0000000000420010

Registers:
RAX=0x0000000000420000, RBX=0x0000000000000004, RCX=0x0000000001e78898, RDX=0x0000000000000005
RSP=0x000000005a34b7e0, RBP=0x0000000000000000, RSI=0x0000000001e60080, RDI=0x0000000001e60280
R8 =0x0000000001e78890, R9 =0x000000000000ffee, R10=0x0000000001e78860, R11=0x0000000076d60000
R12=0x0000000001e78860, R13=0x0000000001e78530, R14=0x0000000076d60000, R15=0xffffffff0000ffff
RIP=0x0000000076d88243, EFLAGS=0x0000000000010206

Top of Stack: (sp=0x000000005a34b7e0)
0x000000005a34b7e0:   000000005a34bed8 0000000072ce5695
0x000000005a34b7f0:   ffffffff00000028 0000000000000028
0x000000005a34b800:   0000000000000000 0000000000000000
0x000000005a34b810:   0000000000000007 0000000001e78890
0x000000005a34b820:   0000000001e78870 0000000000000000
0x000000005a34b830:   0000000072d737e0 0000000001e60080
0x000000005a34b840:   0000000001f17100 0000000001e60280
0x000000005a34b850:   0000000001e78860 0000000000020000
0x000000005a34b860:   0000000000000000 000000000000001a
0x000000005a34b870:   0000000000730077 0000000000000000
0x000000005a34b880:   0000000076d63128 0000000000000000
0x000000005a34b890:   0000000000000050 0000000001fc0000
0x000000005a34b8a0:   0000000000000048 0000000000000048
0x000000005a34b8b0:   0000000001fc02c8 0000000076d87b14
0x000000005a34b8c0:   0000000000000004 0000000000000048
0x000000005a34b8d0:   0000000001e78860 0000000001e78530 

Instructions: (pc=0x0000000076d88243)
0x0000000076d88223:   54 c1 10 48 85 d2 0f 85 ca 03 00 00 33 c0 f0 4e
0x0000000076d88233:   0f b1 44 c9 10 0f 84 dd fb ff ff e9 ca 03 00 00
0x0000000076d88243:   44 0f b7 40 10 45 3b c1 77 17 4c 8b 44 24 38 e9
0x0000000076d88253:   45 fd ff ff 49 c7 04 24 00 00 00 00 e9 b7 fb ff 


Register to memory mapping:

RAX=0x0000000000420000 is an unknown value
RBX=0x0000000000000004 is an unknown value
RCX=0x0000000001e78898 is an unknown value
RDX=0x0000000000000005 is an unknown value
RSP=0x000000005a34b7e0 is pointing into the stack for thread: 0x000000005a745800
RBP=0x0000000000000000 is an unknown value
RSI=0x0000000001e60080 is an unknown value
RDI=0x0000000001e60280 is an unknown value
R8 =0x0000000001e78890 is an unknown value
R9 =0x000000000000ffee is an unknown value
R10=0x0000000001e78860 is an unknown value
R11=0x0000000076d60000 is an unknown value
R12=0x0000000001e78860 is an unknown value
R13=0x0000000001e78530 is an unknown value
R14=0x0000000076d60000 is an unknown value
R15=0xffffffff0000ffff is an unknown value


Stack: [0x000000005a250000,0x000000005a350000],  sp=0x000000005a34b7e0,  free space=1005k
Native frames: (J=compiled Java code, j=interpreted, Vv=VM code, C=native code)

Java frames: (J=compiled Java code, j=interpreted, Vv=VM code)
j  sun.awt.windows.WWindowPeer.preprocessPostEvent(Ljava/awt/AWTEvent;)V+1
j  sun.awt.windows.WComponentPeer.postEvent(Ljava/awt/AWTEvent;)V+2
v  ~StubRoutines::call_stub
j  sun.awt.windows.WToolkit.eventLoop()V+0
j  sun.awt.windows.WToolkit.run()V+58
j  java.lang.Thread.run()V+11
v  ~StubRoutines::call_stub

---------------  P R O C E S S  ---------------

Java Threads: ( => current thread )
  0x000000005a8bc000 JavaThread "Image Fetcher 0" daemon [_thread_blocked, id=2008, stack(0x000000005bf00000,0x000000005c000000)]
  0x000000005a8bb000 JavaThread "TimerQueue" daemon [_thread_blocked, id=7652, stack(0x000000005bbe0000,0x000000005bce0000)]
  0x0000000001fce000 JavaThread "DestroyJavaVM" [_thread_blocked, id=5932, stack(0x0000000002030000,0x0000000002130000)]
  0x000000005a79f000 JavaThread "AWT-EventQueue-0" [_thread_in_native, id=6804, stack(0x000000005b8e0000,0x000000005b9e0000)]
=>0x000000005a745800 JavaThread "AWT-Windows" daemon [_thread_in_native, id=4268, stack(0x000000005a250000,0x000000005a350000)]
  0x000000005a743800 JavaThread "AWT-Shutdown" [_thread_blocked, id=6384, stack(0x000000005b1a0000,0x000000005b2a0000)]
  0x000000005a743000 JavaThread "Java2D Disposer" daemon [_thread_blocked, id=8028, stack(0x000000005afa0000,0x000000005b0a0000)]
  0x00000000588ca800 JavaThread "Service Thread" daemon [_thread_blocked, id=5300, stack(0x0000000059fe0000,0x000000005a0e0000)]
  0x0000000058841000 JavaThread "C1 CompilerThread3" daemon [_thread_blocked, id=8004, stack(0x000000005a350000,0x000000005a450000)]
  0x0000000058835000 JavaThread "C2 CompilerThread2" daemon [_thread_blocked, id=6356, stack(0x000000005a100000,0x000000005a200000)]
  0x000000005777b000 JavaThread "C2 CompilerThread1" daemon [_thread_blocked, id=7860, stack(0x0000000059ec0000,0x0000000059fc0000)]
  0x000000005882b000 JavaThread "C2 CompilerThread0" daemon [_thread_blocked, id=484, stack(0x0000000059d00000,0x0000000059e00000)]
  0x0000000058828000 JavaThread "Attach Listener" daemon [_thread_blocked, id=6076, stack(0x0000000059850000,0x0000000059950000)]
  0x0000000058827000 JavaThread "Signal Dispatcher" daemon [_thread_blocked, id=6484, stack(0x0000000059ad0000,0x0000000059bd0000)]
  0x000000005776f800 JavaThread "Finalizer" daemon [_thread_blocked, id=2760, stack(0x0000000059bf0000,0x0000000059cf0000)]
  0x0000000057768800 JavaThread "Reference Handler" daemon [_thread_blocked, id=7052, stack(0x00000000599a0000,0x0000000059aa0000)]

Other Threads:
  0x00000000587d3800 VMThread [stack: 0x0000000059740000,0x0000000059840000] [id=4188]
  0x00000000588f7000 WatcherThread [stack: 0x000000005a560000,0x000000005a660000] [id=7148]

VM state:not at safepoint (normal execution)

VM Mutex/Monitor currently owned by a thread: None

Heap:
 PSYoungGen      total 38400K, used 28274K [0x00000000d5d00000, 0x00000000d8780000, 0x0000000100000000)
  eden space 33280K, 84% used [0x00000000d5d00000,0x00000000d789cb90,0x00000000d7d80000)
  from space 5120K, 0% used [0x00000000d8280000,0x00000000d8280000,0x00000000d8780000)
  to   space 5120K, 0% used [0x00000000d7d80000,0x00000000d7d80000,0x00000000d8280000)
 ParOldGen       total 87552K, used 0K [0x0000000081600000, 0x0000000086b80000, 0x00000000d5d00000)
  object space 87552K, 0% used [0x0000000081600000,0x0000000081600000,0x0000000086b80000)
 Metaspace       used 13030K, capacity 13236K, committed 13440K, reserved 1060864K
  class space    used 1750K, capacity 1834K, committed 1920K, reserved 1048576K

Card table byte_map: [0x00000000117c0000,0x0000000011bc0000] byte_map_base: 0x00000000113b5000

Marking Bits: (ParMarkBitMap*) 0x0000000065b1a6c0
 Begin Bits: [0x0000000012a30000, 0x00000000149d8000)
 End Bits:   [0x00000000149d8000, 0x0000000016980000)

Polling page: 0x0000000000120000

CodeCache: size=245760Kb used=2700Kb max_used=2700Kb free=243059Kb
 bounds [0x0000000002400000, 0x00000000026b0000, 0x0000000011400000]
 total_blobs=1147 nmethods=662 adapters=398
 compilation: enabled

Compilation events (10 events):
Event: 2.018 Thread 0x0000000058841000  661       3       java.awt.Component::isVisible (5 bytes)
Event: 2.019 Thread 0x0000000058841000 nmethod 661 0x000000000269e250 code [0x000000000269e3a0, 0x000000000269e590]
Event: 2.019 Thread 0x0000000058841000  656       3       java.awt.Component::getSiblingIndexAbove (33 bytes)
Event: 2.019 Thread 0x0000000058841000 nmethod 656 0x00000000026a3590 code [0x00000000026a3740, 0x00000000026a3d78]
Event: 2.019 Thread 0x0000000058841000  657   !   3       java.awt.Container::getComponentZOrder (43 bytes)
Event: 2.020 Thread 0x0000000058841000 nmethod 657 0x00000000026a3f50 code [0x00000000026a40e0, 0x00000000026a4668]
Event: 2.020 Thread 0x0000000058841000  662       3       java.util.HashMap$TreeNode::getTreeNode (22 bytes)
Event: 2.021 Thread 0x0000000058841000 nmethod 662 0x00000000026a4850 code [0x00000000026a49e0, 0x00000000026a4dc8]
Event: 2.021 Thread 0x0000000058841000  663       3       java.awt.Toolkit::enabledOnToolkit (16 bytes)
Event: 2.021 Thread 0x0000000058841000 nmethod 663 0x000000000269de10 code [0x000000000269df60, 0x000000000269e110]

GC Heap History (0 events):
No events

Deoptimization events (9 events):
Event: 1.022 Thread 0x0000000001fce000 Uncommon trap: reason=null_check action=make_not_entrant pc=0x000000000256ca8c method=java.lang.String.equals(Ljava/lang/Object;)Z @ 8
Event: 1.471 Thread 0x000000005a79f000 Uncommon trap: reason=bimorphic action=maybe_recompile pc=0x000000000260c104 method=java.util.HashMap.putVal(ILjava/lang/Object;Ljava/lang/Object;ZZ)Ljava/lang/Object; @ 152
Event: 1.685 Thread 0x000000005a8bc000 Uncommon trap: reason=unstable_if action=reinterpret pc=0x000000000266ec2c method=sun.awt.image.PNGImageDecoder.produceImage()V @ 867
Event: 1.821 Thread 0x000000005a79f000 Uncommon trap: reason=class_check action=maybe_recompile pc=0x00000000025e4cb0 method=javax.swing.plaf.nimbus.DerivedColor$UIResource.equals(Ljava/lang/Object;)Z @ 1
Event: 1.821 Thread 0x000000005a79f000 Uncommon trap: reason=class_check action=maybe_recompile pc=0x00000000025e4cb0 method=javax.swing.plaf.nimbus.DerivedColor$UIResource.equals(Ljava/lang/Object;)Z @ 1
Event: 1.821 Thread 0x000000005a79f000 Uncommon trap: reason=class_check action=maybe_recompile pc=0x00000000025e4cb0 method=javax.swing.plaf.nimbus.DerivedColor$UIResource.equals(Ljava/lang/Object;)Z @ 1
Event: 1.821 Thread 0x000000005a79f000 Uncommon trap: reason=class_check action=maybe_recompile pc=0x00000000025e4cb0 method=javax.swing.plaf.nimbus.DerivedColor$UIResource.equals(Ljava/lang/Object;)Z @ 1
Event: 1.909 Thread 0x000000005a8bc000 Uncommon trap: reason=bimorphic action=maybe_recompile pc=0x000000000260c104 method=java.util.HashMap.putVal(ILjava/lang/Object;Ljava/lang/Object;ZZ)Ljava/lang/Object; @ 152
Event: 1.944 Thread 0x000000005a745800 Uncommon trap: reason=unstable_if action=reinterpret pc=0x000000000260bcd4 method=java.util.HashMap.putVal(ILjava/lang/Object;Ljava/lang/Object;ZZ)Ljava/lang/Object; @ 206

Internal exceptions (10 events):
Event: 1.206 Thread 0x0000000001fce000 Exception <a 'java/lang/ClassNotFoundException': ToolBar> (0x00000000d611fb30) thrown at [C:\re\workspace\8-2-build-windows-amd64-cygwin\jdk8u111\7883\hotspot\src\share\vm\classfile\systemDictionary.cpp, line 210]
Event: 1.206 Thread 0x0000000001fce000 Exception <a 'java/lang/ClassNotFoundException': ToggleButton> (0x00000000d61200e0) thrown at [C:\re\workspace\8-2-build-windows-amd64-cygwin\jdk8u111\7883\hotspot\src\share\vm\classfile\systemDictionary.cpp, line 210]
Event: 1.206 Thread 0x0000000001fce000 Exception <a 'java/lang/ClassNotFoundException': javax/swing/JToolBarSeparator> (0x00000000d6120540) thrown at [C:\re\workspace\8-2-build-windows-amd64-cygwin\jdk8u111\7883\hotspot\src\share\vm\classfile\systemDictionary.cpp, line 210]
Event: 1.206 Thread 0x0000000001fce000 Exception <a 'java/lang/ClassNotFoundException': ToolBarSeparator> (0x00000000d61209d8) thrown at [C:\re\workspace\8-2-build-windows-amd64-cygwin\jdk8u111\7883\hotspot\src\share\vm\classfile\systemDictionary.cpp, line 210]
Event: 1.207 Thread 0x0000000001fce000 Exception <a 'java/lang/ClassNotFoundException': ToolTip> (0x00000000d6121118) thrown at [C:\re\workspace\8-2-build-windows-amd64-cygwin\jdk8u111\7883\hotspot\src\share\vm\classfile\systemDictionary.cpp, line 210]
Event: 1.210 Thread 0x0000000001fce000 Exception <a 'java/lang/ClassNotFoundException': Tree> (0x00000000d6121d38) thrown at [C:\re\workspace\8-2-build-windows-amd64-cygwin\jdk8u111\7883\hotspot\src\share\vm\classfile\systemDictionary.cpp, line 210]
Event: 1.210 Thread 0x0000000001fce000 Exception <a 'java/lang/ClassNotFoundException': Tree> (0x00000000d6122478) thrown at [C:\re\workspace\8-2-build-windows-amd64-cygwin\jdk8u111\7883\hotspot\src\share\vm\classfile\systemDictionary.cpp, line 210]
Event: 1.210 Thread 0x0000000001fce000 Exception <a 'java/lang/ClassNotFoundException': javax/swing/JTreeCell> (0x00000000d61227f8) thrown at [C:\re\workspace\8-2-build-windows-amd64-cygwin\jdk8u111\7883\hotspot\src\share\vm\classfile\systemDictionary.cpp, line 210]
Event: 1.210 Thread 0x0000000001fce000 Exception <a 'java/lang/ClassNotFoundException': TreeCell> (0x00000000d6122c80) thrown at [C:\re\workspace\8-2-build-windows-amd64-cygwin\jdk8u111\7883\hotspot\src\share\vm\classfile\systemDictionary.cpp, line 210]
Event: 1.211 Thread 0x0000000001fce000 Exception <a 'java/lang/ClassNotFoundException': RootPane> (0x00000000d61236e0) thrown at [C:\re\workspace\8-2-build-windows-amd64-cygwin\jdk8u111\7883\hotspot\src\share\vm\classfile\systemDictionary.cpp, line 210]

Events (10 events):
Event: 2.013 loading class sun/util/locale/StringTokenIterator done
Event: 2.013 loading class sun/util/locale/InternalLocaleBuilder
Event: 2.013 loading class sun/util/locale/InternalLocaleBuilder done
Event: 2.013 loading class sun/util/locale/InternalLocaleBuilder$CaseInsensitiveChar
Event: 2.013 loading class sun/util/locale/InternalLocaleBuilder$CaseInsensitiveChar done
Event: 2.014 loading class javax/swing/plaf/nimbus/TableScrollPaneCorner
Event: 2.014 loading class javax/swing/plaf/nimbus/TableScrollPaneCorner done
Event: 2.017 loading class javax/swing/plaf/nimbus/ComboBoxArrowButtonPainter
Event: 2.018 loading class javax/swing/plaf/nimbus/ComboBoxArrowButtonPainter done
Event: 2.021 loading class java/awt/event/WindowEvent


Dynamic libraries:
0x000000013f4a0000 - 0x000000013f4d7000 	C:\Program Files\Java\jdk1.8.0_111\bin\java.exe
0x0000000076d60000 - 0x0000000076eff000 	C:\Windows\SYSTEM32\ntdll.dll
0x0000000076c40000 - 0x0000000076d5f000 	C:\Windows\system32\kernel32.dll
0x000007fefced0000 - 0x000007fefcf3a000 	C:\Windows\system32\KERNELBASE.dll
0x000007fefe450000 - 0x000007fefe52b000 	C:\Windows\system32\ADVAPI32.dll
0x000007fefe280000 - 0x000007fefe31f000 	C:\Windows\system32\msvcrt.dll
0x000007fefefb0000 - 0x000007fefefcf000 	C:\Windows\SYSTEM32\sechost.dll
0x000007fefead0000 - 0x000007fefebfc000 	C:\Windows\system32\RPCRT4.dll
0x0000000076b40000 - 0x0000000076c3a000 	C:\Windows\system32\USER32.dll
0x000007fefe530000 - 0x000007fefe597000 	C:\Windows\system32\GDI32.dll
0x000007fefe6d0000 - 0x000007fefe6de000 	C:\Windows\system32\LPK.dll
0x000007fefe600000 - 0x000007fefe6c9000 	C:\Windows\system32\USP10.dll
0x000007fefb740000 - 0x000007fefb934000 	C:\Windows\WinSxS\amd64_microsoft.windows.common-controls_6595b64144ccf1df_6.0.7601.17514_none_fa396087175ac9ac\COMCTL32.dll
0x000007fefefd0000 - 0x000007feff041000 	C:\Windows\system32\SHLWAPI.dll
0x000007fefd0b0000 - 0x000007fefd0de000 	C:\Windows\system32\IMM32.DLL
0x000007fefdf50000 - 0x000007fefe059000 	C:\Windows\system32\MSCTF.dll
0x0000000072cc0000 - 0x0000000072d92000 	C:\Program Files\Java\jdk1.8.0_111\jre\bin\msvcr100.dll
0x0000000065300000 - 0x0000000065b9a000 	C:\Program Files\Java\jdk1.8.0_111\jre\bin\server\jvm.dll
0x000007feefc60000 - 0x000007feefc69000 	C:\Windows\system32\WSOCK32.dll
0x000007fefd060000 - 0x000007fefd0ad000 	C:\Windows\system32\WS2_32.dll
0x000007fefef20000 - 0x000007fefef28000 	C:\Windows\system32\NSI.dll
0x000007fefb3e0000 - 0x000007fefb41b000 	C:\Windows\system32\WINMM.dll
0x000007fefbdf0000 - 0x000007fefbdfc000 	C:\Windows\system32\VERSION.dll
0x0000000076f00000 - 0x0000000076f07000 	C:\Windows\system32\PSAPI.DLL
0x0000000074220000 - 0x000000007422f000 	C:\Program Files\Java\jdk1.8.0_111\jre\bin\verify.dll
0x00000000741f0000 - 0x0000000074219000 	C:\Program Files\Java\jdk1.8.0_111\jre\bin\java.dll
0x00000000741d0000 - 0x00000000741e6000 	C:\Program Files\Java\jdk1.8.0_111\jre\bin\zip.dll
0x000007fefd0e0000 - 0x000007fefde68000 	C:\Windows\system32\SHELL32.dll
0x000007fefe8c0000 - 0x000007fefeac3000 	C:\Windows\system32\ole32.dll
0x000007fefcc90000 - 0x000007fefcc9f000 	C:\Windows\system32\profapi.dll
0x00000000674b0000 - 0x0000000067648000 	C:\Program Files\Java\jdk1.8.0_111\jre\bin\awt.dll
0x000007fefde70000 - 0x000007fefdf47000 	C:\Windows\system32\OLEAUT32.dll
0x000007fefb350000 - 0x000007fefb3a6000 	C:\Windows\system32\uxtheme.dll
0x000007fefaf20000 - 0x000007fefaf38000 	C:\Windows\system32\dwmapi.dll
0x000007fefcb20000 - 0x000007fefcb2f000 	C:\Windows\system32\CRYPTBASE.dll
0x0000000073400000 - 0x0000000073447000 	C:\Program Files\Java\jdk1.8.0_111\jre\bin\fontmanager.dll
0x0000000073f90000 - 0x0000000073faa000 	C:\Program Files\Java\jdk1.8.0_111\jre\bin\net.dll
0x000007fefc470000 - 0x000007fefc4c5000 	C:\Windows\system32\mswsock.dll
0x000007fefc460000 - 0x000007fefc467000 	C:\Windows\System32\wship6.dll
0x0000000073f70000 - 0x0000000073f81000 	C:\Program Files\Java\jdk1.8.0_111\jre\bin\nio.dll
0x0000000073530000 - 0x0000000073572000 	C:\Program Files\Java\jdk1.8.0_111\jre\bin\t2k.dll
0x00000000733c0000 - 0x00000000733f1000 	C:\Program Files\Java\jdk1.8.0_111\jre\bin\jpeg.dll
0x000007fefe1e0000 - 0x000007fefe279000 	C:\Windows\system32\CLBCatQ.DLL
0x000007fefa9b0000 - 0x000007fefaada000 	C:\Windows\system32\WindowsCodecs.dll
0x000007fefcbd0000 - 0x000007fefcc27000 	C:\Windows\system32\apphelp.dll
0x000007fef8460000 - 0x000007fef8495000 	C:\Windows\system32\EhStorShell.dll
0x000007fefe6e0000 - 0x000007fefe8b7000 	C:\Windows\system32\SETUPAPI.dll
0x000007fefcf40000 - 0x000007fefcf76000 	C:\Windows\system32\CFGMGR32.dll
0x000007fefceb0000 - 0x000007fefceca000 	C:\Windows\system32\DEVOBJ.dll
0x000007fefb4d0000 - 0x000007fefb5fc000 	C:\Windows\system32\PROPSYS.dll
0x000007fef83e0000 - 0x000007fef845e000 	C:\Windows\System32\cscui.dll
0x000007fef83d0000 - 0x000007fef83dc000 	C:\Windows\System32\CSCDLL.dll
0x000007fef83c0000 - 0x000007fef83cf000 	C:\Windows\system32\CSCAPI.dll
0x000007fef8340000 - 0x000007fef83c0000 	C:\Windows\system32\ntshrui.dll
0x000007fefc730000 - 0x000007fefc753000 	C:\Windows\system32\srvcli.dll
0x000007fefa320000 - 0x000007fefa32b000 	C:\Windows\system32\slc.dll

VM Arguments:
jvm_args: -Dfile.encoding=UTF-8 
java_command: orderingsystem.POSNEW
java_class_path (initial): C:\Users\rejean\Documents\Installers\mysql-connector-java-5.1.48\mysql-connector-java-5.1.48\mysql-connector-java-5.1.48-bin.jar;C:\Users\rejean\Documents\Installers\mysql-connector-java-5.1.48\mysql-connector-java-5.1.48\mysql-connector-java-5.1.48.jar;C:\Users\rejean\Documents\NetBeansProjects\SUBSYSTEM\build\classes
Launcher Type: SUN_STANDARD

Environment Variables:
PATH=C:\ProgramData\Oracle\Java\javapath;C:\Program Files\Dell\DW WLAN Card;;C:\Windows\system32;C:\Windows;C:\Windows\System32\Wbem;C:\Windows\System32\WindowsPowerShell\v1.0\;C:\Program Files (x86)\QuickTime\QTSystem\;C:\Users\rejean\AppData\Local\Programs\Python\Python38-32\Scripts\;C:\Users\rejean\AppData\Local\Programs\Python\Python38-32\
USERNAME=rejean
OS=Windows_NT
PROCESSOR_IDENTIFIER=Intel64 Family 6 Model 42 Stepping 7, GenuineIntel



---------------  S Y S T E M  ---------------

OS: Windows 7 , 64 bit Build 7601 (6.1.7601.24384)

CPU:total 8 (4 cores per cpu, 2 threads per core) family 6 model 42 stepping 7, cmov, cx8, fxsr, mmx, sse, sse2, sse3, ssse3, sse4.1, sse4.2, popcnt, avx, aes, clmul, ht, tsc, tscinvbit

Memory: 4k page, physical 8292400k(3869040k free), swap 8392896k(3561224k free)

vm_info: Java HotSpot(TM) 64-Bit Server VM (25.111-b14) for windows-amd64 JRE (1.8.0_111-b14), built on Sep 22 2016 19:24:05 by "java_re" with MS VC++ 10.0 (VS2010)

time: Sun Apr 19 16:54:13 2020
elapsed time: 2 seconds (0d 0h 0m 2s)

