#
# A fatal error has been detected by the Java Runtime Environment:
#
#  EXCEPTION_PRIV_INSTRUCTION (0xc0000096) at pc=0x00000000026359ad, pid=3188, tid=0x00000000000011a0
#
# JRE version: Java(TM) SE Runtime Environment (8.0_111-b14) (build 1.8.0_111-b14)
# Java VM: Java HotSpot(TM) 64-Bit Server VM (25.111-b14 mixed mode windows-amd64 compressed oops)
# Problematic frame:
# j  java.net.DualStackPlainSocketImpl.socketConnect(Ljava/net/InetAddress;II)V+1
#
# Failed to write core dump. Minidumps are not enabled by default on client versions of Windows
#
# If you would like to submit a bug report, please visit:
#   http://bugreport.java.com/bugreport/crash.jsp
#

---------------  T H R E A D  ---------------

Current thread (0x000000005a817000):  JavaThread "AWT-EventQueue-0" [_thread_in_Java, id=4512, stack(0x000000005b8e0000,0x000000005b9e0000)]

siginfo: ExceptionCode=0xc0000096

Registers:
RAX=0x0000000000000000, RBX=0x0000000000000044, RCX=0x0000000000000000, RDX=0x0000000000000000
RSP=0x000000005b9dbd30, RBP=0x000000005b9dbdf8, RSI=0x0000000000000001, RDI=0x0000000000064410
R8 =0x0000000000000061, R9 =0x0000000001f48200, R10=0x0000000000000061, R11=0x000000005b9db500
R12=0x0000000000000000, R13=0x000000005dcde88a, R14=0x000000005b9dbe38, R15=0x000000005a817000
RIP=0x00000000026359ad, EFLAGS=0x0000000000010206

Top of Stack: (sp=0x000000005b9dbd30)
0x000000005b9dbd30:   0000000000000000 000000005a817000
0x000000005b9dbd40:   0000000000000044 0000000000000001
0x000000005b9dbd50:   0000000000000000 000000005dcf5868
0x000000005b9dbd60:   00000000608f3110 00000000000000e0
0x000000005b9dbd70:   0000000000000011 0000000000064410
0x000000005b9dbd80:   0000000000000001 000000005b9dbdf8
0x000000005b9dbd90:   000000005b9dbdb8 0000000000000044
0x000000005b9dbda0:   000000000000000d 000000005dcde908
0x000000005b9dbdb0:   00000000000005b4 000000005b9dbdb8
0x000000005b9dbdc0:   000000005dcde871 000000005b9dbe38
0x000000005b9dbdd0:   000000005dce0028 0000000000000000
0x000000005b9dbde0:   000000005dcde908 0000000000000000
0x000000005b9dbdf0:   000000005b9dbe20 000000005b9dbea0
0x000000005b9dbe00:   0000000002638331 0000000000000000
0x000000005b9dbe10:   0000000000000000 00000000000005b4
0x000000005b9dbe20:   0000000000000000 0000000000000cea 

Instructions: (pc=0x00000000026359ad)
0x000000000263598d:   48 b9 80 67 6e 60 00 00 00 00 48 ba 37 59 63 02
0x000000000263599d:   00 00 00 00 4c 8b c4 48 83 e4 f0 e8 83 db da 5d
0x00000000026359ad:   f4 66 90 00 00 00 00 00 00 00 00 00 00 00 00 00
0x00000000026359bd:   00 00 00 60 20 00 00 00 00 00 00 68 67 6e 60 00 


Register to memory mapping:

RAX=0x0000000000000000 is an unknown value
RBX=0x0000000000000044 is an unknown value
RCX=0x0000000000000000 is an unknown value
RDX=0x0000000000000000 is an unknown value
RSP=0x000000005b9dbd30 is pointing into the stack for thread: 0x000000005a817000
RBP=0x000000005b9dbdf8 is pointing into the stack for thread: 0x000000005a817000
RSI=0x0000000000000001 is an unknown value
RDI=0x0000000000064410 is an unknown value
R8 =0x0000000000000061 is an unknown value
R9 =0x0000000001f48200 is an unknown value
R10=0x0000000000000061 is an unknown value
R11=0x000000005b9db500 is pointing into the stack for thread: 0x000000005a817000
R12=0x0000000000000000 is an unknown value
R13=0x000000005dcde88a is pointing into metadata
R14=0x000000005b9dbe38 is pointing into the stack for thread: 0x000000005a817000
R15=0x000000005a817000 is a thread


Stack: [0x000000005b8e0000,0x000000005b9e0000],  sp=0x000000005b9dbd30,  free space=1007k
Native frames: (J=compiled Java code, j=interpreted, Vv=VM code, C=native code)
C  0x00000000026359ad


---------------  P R O C E S S  ---------------

Java Threads: ( => current thread )
  0x000000005aac6800 JavaThread "mysql-cj-abandoned-connection-cleanup" daemon [_thread_blocked, id=5184, stack(0x000000005d240000,0x000000005d340000)]
  0x000000005bf15800 JavaThread "TimerQueue" daemon [_thread_blocked, id=10460, stack(0x000000005d590000,0x000000005d690000)]
  0x000000005a878800 JavaThread "Image Fetcher 0" daemon [_thread_blocked, id=7788, stack(0x000000005b260000,0x000000005b360000)]
  0x0000000001f4e000 JavaThread "DestroyJavaVM" [_thread_blocked, id=7328, stack(0x0000000002260000,0x0000000002360000)]
=>0x000000005a817000 JavaThread "AWT-EventQueue-0" [_thread_in_Java, id=4512, stack(0x000000005b8e0000,0x000000005b9e0000)]
  0x000000005a775000 JavaThread "AWT-Windows" daemon [_thread_in_native, id=8484, stack(0x000000005b0c0000,0x000000005b1c0000)]
  0x000000005a774000 JavaThread "AWT-Shutdown" [_thread_blocked, id=10016, stack(0x000000005af70000,0x000000005b070000)]
  0x000000005a758000 JavaThread "Java2D Disposer" daemon [_thread_blocked, id=9016, stack(0x0000000059b40000,0x0000000059c40000)]
  0x000000005875e800 JavaThread "Service Thread" daemon [_thread_blocked, id=11864, stack(0x000000005a610000,0x000000005a710000)]
  0x00000000586c3800 JavaThread "C1 CompilerThread3" daemon [_thread_blocked, id=11352, stack(0x000000005a3c0000,0x000000005a4c0000)]
  0x00000000586c2800 JavaThread "C2 CompilerThread2" daemon [_thread_blocked, id=11044, stack(0x000000005a1b0000,0x000000005a2b0000)]
  0x00000000586b9800 JavaThread "C2 CompilerThread1" daemon [_thread_blocked, id=3476, stack(0x0000000059f00000,0x000000005a000000)]
  0x00000000586b2800 JavaThread "C2 CompilerThread0" daemon [_thread_blocked, id=11996, stack(0x000000005a010000,0x000000005a110000)]
  0x00000000586af000 JavaThread "Attach Listener" daemon [_thread_blocked, id=5688, stack(0x0000000059d70000,0x0000000059e70000)]
  0x00000000586ad800 JavaThread "Signal Dispatcher" daemon [_thread_blocked, id=6736, stack(0x0000000059c40000,0x0000000059d40000)]
  0x00000000574ed000 JavaThread "Finalizer" daemon [_thread_blocked, id=10856, stack(0x0000000059a10000,0x0000000059b10000)]
  0x00000000574e6800 JavaThread "Reference Handler" daemon [_thread_blocked, id=6992, stack(0x0000000059810000,0x0000000059910000)]

Other Threads:
  0x0000000058660800 VMThread [stack: 0x00000000595b0000,0x00000000596b0000] [id=8156]
  0x000000005878b000 WatcherThread [stack: 0x000000005a510000,0x000000005a610000] [id=9892]

VM state:not at safepoint (normal execution)

VM Mutex/Monitor currently owned by a thread: None

Heap:
 PSYoungGen      total 38400K, used 17386K [0x00000000d5d00000, 0x00000000d8780000, 0x0000000100000000)
  eden space 33280K, 36% used [0x00000000d5d00000,0x00000000d68fb4b0,0x00000000d7d80000)
  from space 5120K, 99% used [0x00000000d7d80000,0x00000000d827f510,0x00000000d8280000)
  to   space 5120K, 0% used [0x00000000d8280000,0x00000000d8280000,0x00000000d8780000)
 ParOldGen       total 87552K, used 18852K [0x0000000081600000, 0x0000000086b80000, 0x00000000d5d00000)
  object space 87552K, 21% used [0x0000000081600000,0x0000000082869168,0x0000000086b80000)
 Metaspace       used 16287K, capacity 16486K, committed 16768K, reserved 1064960K
  class space    used 1980K, capacity 2055K, committed 2176K, reserved 1048576K

Card table byte_map: [0x00000000119f0000,0x0000000011df0000] byte_map_base: 0x00000000115e5000

Marking Bits: (ParMarkBitMap*) 0x000000006090a6c0
 Begin Bits: [0x00000000127b0000, 0x0000000014758000)
 End Bits:   [0x0000000014758000, 0x0000000016700000)

Polling page: 0x0000000000210000

CodeCache: size=245760Kb used=4365Kb max_used=4376Kb free=241395Kb
 bounds [0x0000000002630000, 0x0000000002a80000, 0x0000000011630000]
 total_blobs=1826 nmethods=1262 adapters=476
 compilation: enabled

Compilation events (10 events):
Event: 8.161 Thread 0x00000000586c3800 nmethod 1257 0x0000000002a714d0 code [0x0000000002a71640, 0x0000000002a717c8]
Event: 8.165 Thread 0x00000000586c3800 1258       3       sun.misc.URLClassPath::getResource (83 bytes)
Event: 8.165 Thread 0x00000000586c3800 nmethod 1258 0x0000000002a70dd0 code [0x0000000002a70f60, 0x0000000002a71328]
Event: 8.170 Thread 0x00000000586c3800 1259       3       java.util.LinkedHashMap::get (33 bytes)
Event: 8.170 Thread 0x00000000586c3800 nmethod 1259 0x0000000002a74a90 code [0x0000000002a74c20, 0x0000000002a75108]
Event: 8.170 Thread 0x00000000586c3800 1260       3       java.lang.Class::arrayContentsEq (70 bytes)
Event: 8.171 Thread 0x00000000586c3800 nmethod 1260 0x0000000002a72090 code [0x0000000002a72220, 0x0000000002a72650]
Event: 8.171 Thread 0x00000000586c3800 1261       3       java.lang.reflect.Executable::<init> (5 bytes)
Event: 8.171 Thread 0x00000000586c3800 nmethod 1261 0x0000000002a74650 code [0x0000000002a747c0, 0x0000000002a749d0]
Event: 8.178 Thread 0x00000000586b9800 1262       4       java.lang.String::indexOf (7 bytes)

GC Heap History (2 events):
Event: 4.073 GC heap before
{Heap before GC invocations=1 (full 0):
 PSYoungGen      total 38400K, used 32549K [0x00000000d5d00000, 0x00000000d8780000, 0x0000000100000000)
  eden space 33280K, 97% used [0x00000000d5d00000,0x00000000d7cc9638,0x00000000d7d80000)
  from space 5120K, 0% used [0x00000000d8280000,0x00000000d8280000,0x00000000d8780000)
  to   space 5120K, 0% used [0x00000000d7d80000,0x00000000d7d80000,0x00000000d8280000)
 ParOldGen       total 87552K, used 0K [0x0000000081600000, 0x0000000086b80000, 0x00000000d5d00000)
  object space 87552K, 0% used [0x0000000081600000,0x0000000081600000,0x0000000086b80000)
 Metaspace       used 13450K, capacity 13638K, committed 13952K, reserved 1060864K
  class space    used 1757K, capacity 1831K, committed 1920K, reserved 1048576K
Event: 4.084 GC heap after
Heap after GC invocations=1 (full 0):
 PSYoungGen      total 38400K, used 5117K [0x00000000d5d00000, 0x00000000d8780000, 0x0000000100000000)
  eden space 33280K, 0% used [0x00000000d5d00000,0x00000000d5d00000,0x00000000d7d80000)
  from space 5120K, 99% used [0x00000000d7d80000,0x00000000d827f510,0x00000000d8280000)
  to   space 5120K, 0% used [0x00000000d8280000,0x00000000d8280000,0x00000000d8780000)
 ParOldGen       total 87552K, used 18852K [0x0000000081600000, 0x0000000086b80000, 0x00000000d5d00000)
  object space 87552K, 21% used [0x0000000081600000,0x0000000082869168,0x0000000086b80000)
 Metaspace       used 13450K, capacity 13638K, committed 13952K, reserved 1060864K
  class space    used 1757K, capacity 1831K, committed 1920K, reserved 1048576K
}

Deoptimization events (10 events):
Event: 0.424 Thread 0x000000005a817000 Uncommon trap: reason=bimorphic action=maybe_recompile pc=0x0000000002839b94 method=java.util.HashMap.putVal(ILjava/lang/Object;Ljava/lang/Object;ZZ)Ljava/lang/Object; @ 152
Event: 0.430 Thread 0x000000005a817000 Uncommon trap: reason=bimorphic action=maybe_recompile pc=0x0000000002839b94 method=java.util.HashMap.putVal(ILjava/lang/Object;Ljava/lang/Object;ZZ)Ljava/lang/Object; @ 152
Event: 2.830 Thread 0x000000005a817000 Uncommon trap: reason=unstable_if action=reinterpret pc=0x0000000002852594 method=java.util.HashMap.getNode(ILjava/lang/Object;)Ljava/util/HashMap$Node; @ 84
Event: 2.830 Thread 0x000000005a817000 Uncommon trap: reason=unstable_if action=reinterpret pc=0x00000000028afeec method=java.util.HashMap.getNode(ILjava/lang/Object;)Ljava/util/HashMap$Node; @ 84
Event: 2.870 Thread 0x000000005a817000 Uncommon trap: reason=bimorphic action=maybe_recompile pc=0x0000000002839b94 method=java.util.HashMap.putVal(ILjava/lang/Object;Ljava/lang/Object;ZZ)Ljava/lang/Object; @ 152
Event: 2.887 Thread 0x000000005a817000 Uncommon trap: reason=bimorphic action=maybe_recompile pc=0x0000000002839b94 method=java.util.HashMap.putVal(ILjava/lang/Object;Ljava/lang/Object;ZZ)Ljava/lang/Object; @ 152
Event: 2.890 Thread 0x000000005a817000 Uncommon trap: reason=bimorphic action=maybe_recompile pc=0x000000000283e22c method=java.util.HashMap.putVal(ILjava/lang/Object;Ljava/lang/Object;ZZ)Ljava/lang/Object; @ 152
Event: 2.907 Thread 0x000000005a817000 Uncommon trap: reason=unstable_if action=reinterpret pc=0x0000000002909e80 method=java.awt.MultipleGradientPaintContext.indexIntoGradientsArrays(F)I @ 24
Event: 4.097 Thread 0x000000005a817000 Uncommon trap: reason=unstable_if action=reinterpret pc=0x0000000002929d98 method=java.util.HashMap.putVal(ILjava/lang/Object;Ljava/lang/Object;ZZ)Ljava/lang/Object; @ 109
Event: 7.996 Thread 0x000000005aac6800 Uncommon trap: reason=unstable_if action=reinterpret pc=0x0000000002885fdc method=java.lang.String.indexOf([CII[CIII)I @ 3

Internal exceptions (10 events):
Event: 0.253 Thread 0x0000000001f4e000 Exception <a 'java/lang/ClassNotFoundException': ToolBar> (0x00000000d61190d8) thrown at [C:\re\workspace\8-2-build-windows-amd64-cygwin\jdk8u111\7883\hotspot\src\share\vm\classfile\systemDictionary.cpp, line 210]
Event: 0.253 Thread 0x0000000001f4e000 Exception <a 'java/lang/ClassNotFoundException': ToggleButton> (0x00000000d6119688) thrown at [C:\re\workspace\8-2-build-windows-amd64-cygwin\jdk8u111\7883\hotspot\src\share\vm\classfile\systemDictionary.cpp, line 210]
Event: 0.253 Thread 0x0000000001f4e000 Exception <a 'java/lang/ClassNotFoundException': javax/swing/JToolBarSeparator> (0x00000000d6119ae8) thrown at [C:\re\workspace\8-2-build-windows-amd64-cygwin\jdk8u111\7883\hotspot\src\share\vm\classfile\systemDictionary.cpp, line 210]
Event: 0.253 Thread 0x0000000001f4e000 Exception <a 'java/lang/ClassNotFoundException': ToolBarSeparator> (0x00000000d6119f80) thrown at [C:\re\workspace\8-2-build-windows-amd64-cygwin\jdk8u111\7883\hotspot\src\share\vm\classfile\systemDictionary.cpp, line 210]
Event: 0.253 Thread 0x0000000001f4e000 Exception <a 'java/lang/ClassNotFoundException': ToolTip> (0x00000000d611a6c0) thrown at [C:\re\workspace\8-2-build-windows-amd64-cygwin\jdk8u111\7883\hotspot\src\share\vm\classfile\systemDictionary.cpp, line 210]
Event: 0.254 Thread 0x0000000001f4e000 Exception <a 'java/lang/ClassNotFoundException': Tree> (0x00000000d611b2e0) thrown at [C:\re\workspace\8-2-build-windows-amd64-cygwin\jdk8u111\7883\hotspot\src\share\vm\classfile\systemDictionary.cpp, line 210]
Event: 0.254 Thread 0x0000000001f4e000 Exception <a 'java/lang/ClassNotFoundException': Tree> (0x00000000d611ba20) thrown at [C:\re\workspace\8-2-build-windows-amd64-cygwin\jdk8u111\7883\hotspot\src\share\vm\classfile\systemDictionary.cpp, line 210]
Event: 0.254 Thread 0x0000000001f4e000 Exception <a 'java/lang/ClassNotFoundException': javax/swing/JTreeCell> (0x00000000d611bda0) thrown at [C:\re\workspace\8-2-build-windows-amd64-cygwin\jdk8u111\7883\hotspot\src\share\vm\classfile\systemDictionary.cpp, line 210]
Event: 0.254 Thread 0x0000000001f4e000 Exception <a 'java/lang/ClassNotFoundException': TreeCell> (0x00000000d611c228) thrown at [C:\re\workspace\8-2-build-windows-amd64-cygwin\jdk8u111\7883\hotspot\src\share\vm\classfile\systemDictionary.cpp, line 210]
Event: 0.255 Thread 0x0000000001f4e000 Exception <a 'java/lang/ClassNotFoundException': RootPane> (0x00000000d611cc88) thrown at [C:\re\workspace\8-2-build-windows-amd64-cygwin\jdk8u111\7883\hotspot\src\share\vm\classfile\systemDictionary.cpp, line 210]

Events (10 events):
Event: 8.179 loading class sun/net/spi/DefaultProxySelector$NonProxyInfo
Event: 8.179 loading class sun/net/spi/DefaultProxySelector$NonProxyInfo done
Event: 8.179 loading class sun/net/spi/DefaultProxySelector$3
Event: 8.179 loading class sun/net/spi/DefaultProxySelector$3 done
Event: 8.179 loading class java/net/Proxy
Event: 8.179 loading class java/net/Proxy done
Event: 8.179 loading class java/net/Proxy$Type
Event: 8.179 loading class java/net/Proxy$Type done
Event: 8.179 loading class sun/net/NetHooks
Event: 8.179 loading class sun/net/NetHooks done


Dynamic libraries:
0x000000013f610000 - 0x000000013f647000 	C:\Program Files\Java\jdk1.8.0_111\bin\java.exe
0x0000000077300000 - 0x000000007749f000 	C:\Windows\SYSTEM32\ntdll.dll
0x00000000771e0000 - 0x00000000772ff000 	C:\Windows\system32\kernel32.dll
0x000007fefd450000 - 0x000007fefd4ba000 	C:\Windows\system32\KERNELBASE.dll
0x000007feff460000 - 0x000007feff53b000 	C:\Windows\system32\ADVAPI32.dll
0x000007fefdb00000 - 0x000007fefdb9f000 	C:\Windows\system32\msvcrt.dll
0x000007fefe290000 - 0x000007fefe2af000 	C:\Windows\SYSTEM32\sechost.dll
0x000007feff330000 - 0x000007feff45c000 	C:\Windows\system32\RPCRT4.dll
0x00000000770e0000 - 0x00000000771da000 	C:\Windows\system32\USER32.dll
0x000007fefe0f0000 - 0x000007fefe157000 	C:\Windows\system32\GDI32.dll
0x000007feff540000 - 0x000007feff54e000 	C:\Windows\system32\LPK.dll
0x000007fefd9e0000 - 0x000007fefdaa9000 	C:\Windows\system32\USP10.dll
0x000007fefbca0000 - 0x000007fefbe94000 	C:\Windows\WinSxS\amd64_microsoft.windows.common-controls_6595b64144ccf1df_6.0.7601.17514_none_fa396087175ac9ac\COMCTL32.dll
0x000007fefdf90000 - 0x000007fefe001000 	C:\Windows\system32\SHLWAPI.dll
0x000007fefe0b0000 - 0x000007fefe0de000 	C:\Windows\system32\IMM32.DLL
0x000007fefe2b0000 - 0x000007fefe3b9000 	C:\Windows\system32\MSCTF.dll
0x0000000067d80000 - 0x0000000067e52000 	C:\Program Files\Java\jdk1.8.0_111\jre\bin\msvcr100.dll
0x00000000600f0000 - 0x000000006098a000 	C:\Program Files\Java\jdk1.8.0_111\jre\bin\server\jvm.dll
0x000007fef05f0000 - 0x000007fef05f9000 	C:\Windows\system32\WSOCK32.dll
0x000007fefdab0000 - 0x000007fefdafd000 	C:\Windows\system32\WS2_32.dll
0x000007fefe0e0000 - 0x000007fefe0e8000 	C:\Windows\system32\NSI.dll
0x000007fefbb20000 - 0x000007fefbb5b000 	C:\Windows\system32\WINMM.dll
0x000007fefc390000 - 0x000007fefc39c000 	C:\Windows\system32\VERSION.dll
0x00000000774a0000 - 0x00000000774a7000 	C:\Windows\system32\PSAPI.DLL
0x00000000738c0000 - 0x00000000738cf000 	C:\Program Files\Java\jdk1.8.0_111\jre\bin\verify.dll
0x00000000730d0000 - 0x00000000730f9000 	C:\Program Files\Java\jdk1.8.0_111\jre\bin\java.dll
0x00000000738a0000 - 0x00000000738b6000 	C:\Program Files\Java\jdk1.8.0_111\jre\bin\zip.dll
0x000007fefe3c0000 - 0x000007feff148000 	C:\Windows\system32\SHELL32.dll
0x000007fefdba0000 - 0x000007fefdda3000 	C:\Windows\system32\ole32.dll
0x000007fefd230000 - 0x000007fefd23f000 	C:\Windows\system32\profapi.dll
0x0000000067be0000 - 0x0000000067d78000 	C:\Program Files\Java\jdk1.8.0_111\jre\bin\awt.dll
0x000007fefde30000 - 0x000007fefdf07000 	C:\Windows\system32\OLEAUT32.dll
0x000007fefb8c0000 - 0x000007fefb916000 	C:\Windows\system32\uxtheme.dll
0x000007fefae50000 - 0x000007fefae68000 	C:\Windows\system32\dwmapi.dll
0x000007fefd0c0000 - 0x000007fefd0cf000 	C:\Windows\system32\CRYPTBASE.dll
0x00000000727b0000 - 0x00000000727f7000 	C:\Program Files\Java\jdk1.8.0_111\jre\bin\fontmanager.dll
0x00000000720c0000 - 0x00000000720f1000 	C:\Program Files\Java\jdk1.8.0_111\jre\bin\jpeg.dll
0x00000000737b0000 - 0x00000000737ca000 	C:\Program Files\Java\jdk1.8.0_111\jre\bin\net.dll
0x000007fefca10000 - 0x000007fefca65000 	C:\Windows\system32\mswsock.dll
0x000007fefca00000 - 0x000007fefca07000 	C:\Windows\System32\wship6.dll
0x0000000073540000 - 0x0000000073551000 	C:\Program Files\Java\jdk1.8.0_111\jre\bin\nio.dll
0x0000000072880000 - 0x00000000728c2000 	C:\Program Files\Java\jdk1.8.0_111\jre\bin\t2k.dll
0x000007feff550000 - 0x000007feff5e9000 	C:\Windows\system32\CLBCatQ.DLL
0x000007fefaaa0000 - 0x000007fefabca000 	C:\Windows\system32\WindowsCodecs.dll
0x000007fefd170000 - 0x000007fefd1c7000 	C:\Windows\system32\apphelp.dll
0x000007fef8a80000 - 0x000007fef8ab5000 	C:\Windows\system32\EhStorShell.dll
0x000007feff150000 - 0x000007feff327000 	C:\Windows\system32\SETUPAPI.dll
0x000007fefd4c0000 - 0x000007fefd4f6000 	C:\Windows\system32\CFGMGR32.dll
0x000007fefd500000 - 0x000007fefd51a000 	C:\Windows\system32\DEVOBJ.dll
0x000007fefb970000 - 0x000007fefba9c000 	C:\Windows\system32\PROPSYS.dll
0x000007fef8a00000 - 0x000007fef8a7e000 	C:\Windows\System32\cscui.dll
0x000007fef89f0000 - 0x000007fef89fc000 	C:\Windows\System32\CSCDLL.dll
0x000007fef89e0000 - 0x000007fef89ef000 	C:\Windows\system32\CSCAPI.dll
0x000007fef8960000 - 0x000007fef89e0000 	C:\Windows\system32\ntshrui.dll
0x000007fefce20000 - 0x000007fefce43000 	C:\Windows\system32\srvcli.dll
0x000007fefac30000 - 0x000007fefac3b000 	C:\Windows\system32\slc.dll
0x0000000073000000 - 0x000000007302a000 	C:\Program Files\Java\jdk1.8.0_111\jre\bin\dcpr.dll
0x000007fefc460000 - 0x000007fefc467000 	C:\Windows\System32\wshtcpip.dll
0x000007fefc890000 - 0x000007fefc8eb000 	C:\Windows\system32\DNSAPI.dll
0x000007fefafb0000 - 0x000007fefafd7000 	C:\Windows\system32\IPHLPAPI.DLL
0x000007fefae70000 - 0x000007fefae7b000 	C:\Windows\system32\WINNSI.DLL
0x000007fef1be0000 - 0x000007fef1be8000 	C:\Windows\system32\rasadhlp.dll
0x000007fefa910000 - 0x000007fefa963000 	C:\Windows\System32\fwpuclnt.dll
0x000007feef520000 - 0x000007feef645000 	C:\Windows\system32\dbghelp.dll

VM Arguments:
jvm_args: -Dfile.encoding=UTF-8 
java_command: orderingsystem.FirstPart
java_class_path (initial): C:\Users\rejean\Documents\Installers\mysql-connector-java-5.1.48\mysql-connector-java-5.1.48\mysql-connector-java-5.1.48-bin.jar;C:\Users\rejean\Documents\Installers\mysql-connector-java-5.1.48\mysql-connector-java-5.1.48\mysql-connector-java-5.1.48.jar;C:\Program Files\NetBeans 8.2\platform\modules\ext\swing-layout-1.0.4.jar;C:\Users\rejean\Documents\NetBeansProjects\SUBSYSTEM\build\classes
Launcher Type: SUN_STANDARD

Environment Variables:
PATH=C:\ProgramData\Oracle\Java\javapath;C:\Program Files\Dell\DW WLAN Card;;C:\Windows\system32;C:\Windows;C:\Windows\System32\Wbem;C:\Windows\System32\WindowsPowerShell\v1.0\;C:\Program Files (x86)\QuickTime\QTSystem\;C:\Users\rejean\AppData\Local\Programs\Python\Python38-32\Scripts\;C:\Users\rejean\AppData\Local\Programs\Python\Python38-32\
USERNAME=rejean
OS=Windows_NT
PROCESSOR_IDENTIFIER=Intel64 Family 6 Model 42 Stepping 7, GenuineIntel



---------------  S Y S T E M  ---------------

OS: Windows 7 , 64 bit Build 7601 (6.1.7601.24384)

CPU:total 8 (4 cores per cpu, 2 threads per core) family 6 model 42 stepping 7, cmov, cx8, fxsr, mmx, sse, sse2, sse3, ssse3, sse4.1, sse4.2, popcnt, avx, aes, clmul, ht, tsc, tscinvbit

Memory: 4k page, physical 8292400k(4404564k free), swap 8392896k(3259752k free)

vm_info: Java HotSpot(TM) 64-Bit Server VM (25.111-b14) for windows-amd64 JRE (1.8.0_111-b14), built on Sep 22 2016 19:24:05 by "java_re" with MS VC++ 10.0 (VS2010)

time: Mon Apr 20 18:33:14 2020
elapsed time: 8 seconds (0d 0h 0m 8s)

