#
# A fatal error has been detected by the Java Runtime Environment:
#
#  EXCEPTION_ACCESS_VIOLATION (0xc0000005) at pc=0x0000000002567ba0, pid=3920, tid=0x000000000000272c
#
# JRE version: Java(TM) SE Runtime Environment (8.0_111-b14) (build 1.8.0_111-b14)
# Java VM: Java HotSpot(TM) 64-Bit Server VM (25.111-b14 mixed mode windows-amd64 compressed oops)
# Problematic frame:
# J 577 C1 sun.font.SunFontManager.addToPool(Lsun/font/FileFont;)V (131 bytes) @ 0x0000000002567ba0 [0x0000000002567b80+0x20]
#
# Failed to write core dump. Minidumps are not enabled by default on client versions of Windows
#
# If you would like to submit a bug report, please visit:
#   http://bugreport.java.com/bugreport/crash.jsp
#

---------------  T H R E A D  ---------------

Current thread (0x000000005a77b800):  JavaThread "AWT-EventQueue-0" [_thread_in_Java, id=10028, stack(0x000000005b660000,0x000000005b760000)]

siginfo: ExceptionCode=0xc0000005, writing address 0x0000000184a9c090

Registers:
RAX=0x00000000571fdb00, RBX=0x00000000571fdb00, RCX=0x00000000d601ffd0, RDX=0x00000000d601ffd0
RSP=0x000000005b75b8e8, RBP=0x000000005b75b958, RSI=0x0000000000000178, RDI=0x0000000016d33b30
R8 =0x00000000d76e9e68, R9 =0x00000000d6019ab0, R10=0x00000000608ec0c0, R11=0x0000000002567ba0
R12=0x0000000000000000, R13=0x000000005b75b8f8, R14=0x000000005bb8abb0, R15=0x000000005a77b800
RIP=0x0000000002567ba0, EFLAGS=0x0000000000010206

Top of Stack: (sp=0x000000005b75b8e8)
0x000000005b75b8e8:   0000000002308331 0000000002308331
0x000000005b75b8f8:   00000000d76e9e68 00000000d601ffd0
0x000000005b75b908:   0000000002308331 00000000d76e9e68
0x000000005b75b918:   000000005b75b908 0000000057206c39
0x000000005b75b928:   000000005b75b980 000000005720ffc0
0x000000005b75b938:   000000005bb8abb0 0000000057206cc0
0x000000005b75b948:   000000005b75b8f8 000000005b75b978
0x000000005b75b958:   000000005b75b9c8 00000000023080c0
0x000000005b75b968:   00000000d601ffd0 00000000d76e9f90
0x000000005b75b978:   0000000000000001 00000000d76e9e68
0x000000005b75b988:   000000005b75b988 000000005720732a
0x000000005b75b998:   000000005b75b9e0 000000005720ffc0
0x000000005b75b9a8:   0000000000000000 0000000057207340
0x000000005b75b9b8:   000000005b75b978 000000005b75b9d8
0x000000005b75b9c8:   000000005b75ba28 0000000002308331
0x000000005b75b9d8:   0000000000000001 00000000d76e9e68 

Instructions: (pc=0x0000000002567ba0)
0x0000000002567b80:   44 8b 46 08 4c 3b d0 0f 85 d3 d0 dd ff 66 66 66
0x0000000002567b90:   0f 1f af 00 00 00 00 00 66 66 8f 90 0f 1f 40 00
0x0000000002567ba0:   89 84 af 00 a0 ff ff 55 48 83 7a 40 48 8b f2 48
0x0000000002567bb0:   b8 e8 df b8 5b 00 00 00 00 8b 9a dc 00 00 00 83 


Register to memory mapping:

RAX={method} {0x00000000571fdb08} 'addToPool' '(Lsun/font/FileFont;)V' in 'sun/font/SunFontManager'
RBX={method} {0x00000000571fdb08} 'addToPool' '(Lsun/font/FileFont;)V' in 'sun/font/SunFontManager'
RCX=0x00000000d601ffd0 is an oop
sun.awt.Win32FontManager 
 - klass: 'sun/awt/Win32FontManager'
RDX=0x00000000d601ffd0 is an oop
sun.awt.Win32FontManager 
 - klass: 'sun/awt/Win32FontManager'
RSP=0x000000005b75b8e8 is pointing into the stack for thread: 0x000000005a77b800
RBP=0x000000005b75b958 is pointing into the stack for thread: 0x000000005a77b800
RSI=0x0000000000000178 is an unknown value
RDI=0x0000000016d33b30 is pointing into metadata
R8 =0x00000000d76e9e68 is an oop
sun.font.TrueTypeFont 
 - klass: 'sun/font/TrueTypeFont'
R9 =0x00000000d6019ab0 is an oop
java.lang.Class 
 - klass: 'java/lang/Class'
R10=0x00000000608ec0c0 is an unknown value
R11=0x0000000002567ba0 is at entry_point+32 in (nmethod*)0x00000000025679d0
R12=0x0000000000000000 is an unknown value
R13=0x000000005b75b8f8 is pointing into the stack for thread: 0x000000005a77b800
R14=0x000000005bb8abb0 is pointing into metadata
R15=0x000000005a77b800 is a thread


Stack: [0x000000005b660000,0x000000005b760000],  sp=0x000000005b75b8e8,  free space=1006k
Native frames: (J=compiled Java code, j=interpreted, Vv=VM code, C=native code)
C  0x0000000002567ba0


---------------  P R O C E S S  ---------------

Java Threads: ( => current thread )
  0x000000005a817800 JavaThread "Image Fetcher 0" daemon [_thread_blocked, id=9588, stack(0x000000005b900000,0x000000005ba00000)]
  0x000000000041e000 JavaThread "DestroyJavaVM" [_thread_blocked, id=11976, stack(0x0000000001e40000,0x0000000001f40000)]
=>0x000000005a77b800 JavaThread "AWT-EventQueue-0" [_thread_in_Java, id=10028, stack(0x000000005b660000,0x000000005b760000)]
  0x000000005a77b000 JavaThread "AWT-Shutdown" [_thread_blocked, id=3356, stack(0x0000000059e50000,0x0000000059f50000)]
  0x000000005a75b800 JavaThread "AWT-Windows" daemon [_thread_in_native, id=6392, stack(0x000000005b010000,0x000000005b110000)]
  0x000000005a75a000 JavaThread "Java2D Disposer" daemon [_thread_blocked, id=8504, stack(0x000000005a470000,0x000000005a570000)]
  0x00000000587b0000 JavaThread "Service Thread" daemon [_thread_blocked, id=6848, stack(0x000000005a370000,0x000000005a470000)]
  0x0000000058746800 JavaThread "C1 CompilerThread3" daemon [_thread_blocked, id=11416, stack(0x000000005a270000,0x000000005a370000)]
  0x0000000058725000 JavaThread "C2 CompilerThread2" daemon [_thread_blocked, id=9468, stack(0x000000005a160000,0x000000005a260000)]
  0x000000005871e000 JavaThread "C2 CompilerThread1" daemon [_thread_blocked, id=11552, stack(0x0000000059fd0000,0x000000005a0d0000)]
  0x0000000058712000 JavaThread "C2 CompilerThread0" daemon [_thread_blocked, id=7788, stack(0x0000000059d50000,0x0000000059e50000)]
  0x000000005870e800 JavaThread "Attach Listener" daemon [_thread_blocked, id=6372, stack(0x0000000059c50000,0x0000000059d50000)]
  0x000000005870d800 JavaThread "Signal Dispatcher" daemon [_thread_blocked, id=5732, stack(0x0000000059890000,0x0000000059990000)]
  0x000000005765d000 JavaThread "Finalizer" daemon [_thread_blocked, id=11348, stack(0x0000000059ab0000,0x0000000059bb0000)]
  0x0000000057656800 JavaThread "Reference Handler" daemon [_thread_blocked, id=5584, stack(0x0000000059990000,0x0000000059a90000)]

Other Threads:
  0x00000000586c0800 VMThread [stack: 0x0000000059730000,0x0000000059830000] [id=10244]
  0x00000000587c5000 WatcherThread [stack: 0x000000005a590000,0x000000005a690000] [id=11252]

VM state:not at safepoint (normal execution)

VM Mutex/Monitor currently owned by a thread: None

Heap:
 PSYoungGen      total 38400K, used 26656K [0x00000000d5d00000, 0x00000000d8780000, 0x0000000100000000)
  eden space 33280K, 80% used [0x00000000d5d00000,0x00000000d77082c8,0x00000000d7d80000)
  from space 5120K, 0% used [0x00000000d8280000,0x00000000d8280000,0x00000000d8780000)
  to   space 5120K, 0% used [0x00000000d7d80000,0x00000000d7d80000,0x00000000d8280000)
 ParOldGen       total 87552K, used 0K [0x0000000081600000, 0x0000000086b80000, 0x00000000d5d00000)
  object space 87552K, 0% used [0x0000000081600000,0x0000000081600000,0x0000000086b80000)
 Metaspace       used 11078K, capacity 11224K, committed 11520K, reserved 1058816K
  class space    used 1396K, capacity 1478K, committed 1536K, reserved 1048576K

Card table byte_map: [0x00000000116c0000,0x0000000011ac0000] byte_map_base: 0x00000000112b5000

Marking Bits: (ParMarkBitMap*) 0x000000006090a6c0
 Begin Bits: [0x0000000012920000, 0x00000000148c8000)
 End Bits:   [0x00000000148c8000, 0x0000000016870000)

Polling page: 0x0000000000440000

CodeCache: size=245760Kb used=2472Kb max_used=2472Kb free=243287Kb
 bounds [0x0000000002300000, 0x0000000002570000, 0x0000000011300000]
 total_blobs=1057 nmethods=579 adapters=391
 compilation: enabled

Compilation events (10 events):
Event: 4.754 Thread 0x0000000058746800  575       3       java.nio.charset.CharsetDecoder::flush (49 bytes)
Event: 4.755 Thread 0x0000000058746800 nmethod 575 0x0000000002568d50 code [0x0000000002568ee0, 0x0000000002569308]
Event: 4.755 Thread 0x0000000058746800  576       3       java.nio.charset.CharsetDecoder::implFlush (4 bytes)
Event: 4.755 Thread 0x0000000058746800 nmethod 576 0x0000000002568a50 code [0x0000000002568ba0, 0x0000000002568cf0]
Event: 4.758 Thread 0x0000000058746800  577   !   3       sun.font.SunFontManager::addToPool (131 bytes)
Event: 4.759 Thread 0x0000000058746800 nmethod 577 0x00000000025679d0 code [0x0000000002567b80, 0x0000000002568488]
Event: 4.759 Thread 0x0000000058746800  578   !   3       sun.font.TrueTypeFont::getTableBuffer (199 bytes)
Event: 4.762 Thread 0x0000000058746800 nmethod 578 0x0000000002569750 code [0x00000000025699e0, 0x000000000256acb8]
Event: 4.762 Thread 0x0000000058746800  579       3       sun.nio.ch.Util$BufferCache::get (164 bytes)
Event: 4.763 Thread 0x0000000058746800 nmethod 579 0x000000000256b890 code [0x000000000256ba80, 0x000000000256c588]

GC Heap History (0 events):
No events

Deoptimization events (3 events):
Event: 0.836 Thread 0x000000000041e000 Uncommon trap: reason=null_check action=make_not_entrant pc=0x0000000002472f8c method=java.lang.String.equals(Ljava/lang/Object;)Z @ 8
Event: 3.743 Thread 0x000000005a77b800 Uncommon trap: reason=bimorphic action=maybe_recompile pc=0x0000000002514cd4 method=java.util.HashMap.putVal(ILjava/lang/Object;Ljava/lang/Object;ZZ)Ljava/lang/Object; @ 152
Event: 3.942 Thread 0x000000005a77b800 Uncommon trap: reason=bimorphic action=maybe_recompile pc=0x0000000002514cd4 method=java.util.HashMap.putVal(ILjava/lang/Object;Ljava/lang/Object;ZZ)Ljava/lang/Object; @ 152

Internal exceptions (10 events):
Event: 1.604 Thread 0x000000000041e000 Exception <a 'java/lang/ClassNotFoundException': ToolBar> (0x00000000d61190d8) thrown at [C:\re\workspace\8-2-build-windows-amd64-cygwin\jdk8u111\7883\hotspot\src\share\vm\classfile\systemDictionary.cpp, line 210]
Event: 1.604 Thread 0x000000000041e000 Exception <a 'java/lang/ClassNotFoundException': ToggleButton> (0x00000000d6119688) thrown at [C:\re\workspace\8-2-build-windows-amd64-cygwin\jdk8u111\7883\hotspot\src\share\vm\classfile\systemDictionary.cpp, line 210]
Event: 1.604 Thread 0x000000000041e000 Exception <a 'java/lang/ClassNotFoundException': javax/swing/JToolBarSeparator> (0x00000000d6119ae8) thrown at [C:\re\workspace\8-2-build-windows-amd64-cygwin\jdk8u111\7883\hotspot\src\share\vm\classfile\systemDictionary.cpp, line 210]
Event: 1.604 Thread 0x000000000041e000 Exception <a 'java/lang/ClassNotFoundException': ToolBarSeparator> (0x00000000d6119f80) thrown at [C:\re\workspace\8-2-build-windows-amd64-cygwin\jdk8u111\7883\hotspot\src\share\vm\classfile\systemDictionary.cpp, line 210]
Event: 1.605 Thread 0x000000000041e000 Exception <a 'java/lang/ClassNotFoundException': ToolTip> (0x00000000d611a6c0) thrown at [C:\re\workspace\8-2-build-windows-amd64-cygwin\jdk8u111\7883\hotspot\src\share\vm\classfile\systemDictionary.cpp, line 210]
Event: 1.609 Thread 0x000000000041e000 Exception <a 'java/lang/ClassNotFoundException': Tree> (0x00000000d611b2e0) thrown at [C:\re\workspace\8-2-build-windows-amd64-cygwin\jdk8u111\7883\hotspot\src\share\vm\classfile\systemDictionary.cpp, line 210]
Event: 1.610 Thread 0x000000000041e000 Exception <a 'java/lang/ClassNotFoundException': Tree> (0x00000000d611ba20) thrown at [C:\re\workspace\8-2-build-windows-amd64-cygwin\jdk8u111\7883\hotspot\src\share\vm\classfile\systemDictionary.cpp, line 210]
Event: 1.610 Thread 0x000000000041e000 Exception <a 'java/lang/ClassNotFoundException': javax/swing/JTreeCell> (0x00000000d611bda0) thrown at [C:\re\workspace\8-2-build-windows-amd64-cygwin\jdk8u111\7883\hotspot\src\share\vm\classfile\systemDictionary.cpp, line 210]
Event: 1.610 Thread 0x000000000041e000 Exception <a 'java/lang/ClassNotFoundException': TreeCell> (0x00000000d611c228) thrown at [C:\re\workspace\8-2-build-windows-amd64-cygwin\jdk8u111\7883\hotspot\src\share\vm\classfile\systemDictionary.cpp, line 210]
Event: 1.612 Thread 0x000000000041e000 Exception <a 'java/lang/ClassNotFoundException': RootPane> (0x00000000d611cc88) thrown at [C:\re\workspace\8-2-build-windows-amd64-cygwin\jdk8u111\7883\hotspot\src\share\vm\classfile\systemDictionary.cpp, line 210]

Events (10 events):
Event: 4.184 loading class java/util/concurrent/ConcurrentHashMap$KeyIterator
Event: 4.184 loading class java/util/concurrent/ConcurrentHashMap$BaseIterator
Event: 4.184 loading class java/util/concurrent/ConcurrentHashMap$Traverser
Event: 4.206 loading class java/util/concurrent/ConcurrentHashMap$Traverser done
Event: 4.206 loading class java/util/concurrent/ConcurrentHashMap$BaseIterator done
Event: 4.206 loading class java/util/concurrent/ConcurrentHashMap$KeyIterator done
Event: 4.385 loading class java/io/RandomAccessFile$1
Event: 4.405 loading class java/io/RandomAccessFile$1 done
Event: 4.538 loading class sun/font/SunFontManager$4
Event: 4.554 loading class sun/font/SunFontManager$4 done


Dynamic libraries:
0x000000013f610000 - 0x000000013f647000 	C:\Program Files\Java\jdk1.8.0_111\bin\java.exe
0x0000000077300000 - 0x000000007749f000 	C:\Windows\SYSTEM32\ntdll.dll
0x00000000771e0000 - 0x00000000772ff000 	C:\Windows\system32\kernel32.dll
0x000007fefd450000 - 0x000007fefd4ba000 	C:\Windows\system32\KERNELBASE.dll
0x000007feff460000 - 0x000007feff53b000 	C:\Windows\system32\ADVAPI32.dll
0x000007fefdb00000 - 0x000007fefdb9f000 	C:\Windows\system32\msvcrt.dll
0x000007fefe290000 - 0x000007fefe2af000 	C:\Windows\SYSTEM32\sechost.dll
0x000007feff330000 - 0x000007feff45c000 	C:\Windows\system32\RPCRT4.dll
0x00000000770e0000 - 0x00000000771da000 	C:\Windows\system32\USER32.dll
0x000007fefe0f0000 - 0x000007fefe157000 	C:\Windows\system32\GDI32.dll
0x000007feff540000 - 0x000007feff54e000 	C:\Windows\system32\LPK.dll
0x000007fefd9e0000 - 0x000007fefdaa9000 	C:\Windows\system32\USP10.dll
0x000007fefbca0000 - 0x000007fefbe94000 	C:\Windows\WinSxS\amd64_microsoft.windows.common-controls_6595b64144ccf1df_6.0.7601.17514_none_fa396087175ac9ac\COMCTL32.dll
0x000007fefdf90000 - 0x000007fefe001000 	C:\Windows\system32\SHLWAPI.dll
0x000007fefe0b0000 - 0x000007fefe0de000 	C:\Windows\system32\IMM32.DLL
0x000007fefe2b0000 - 0x000007fefe3b9000 	C:\Windows\system32\MSCTF.dll
0x0000000067d80000 - 0x0000000067e52000 	C:\Program Files\Java\jdk1.8.0_111\jre\bin\msvcr100.dll
0x00000000600f0000 - 0x000000006098a000 	C:\Program Files\Java\jdk1.8.0_111\jre\bin\server\jvm.dll
0x000007fef05f0000 - 0x000007fef05f9000 	C:\Windows\system32\WSOCK32.dll
0x000007fefdab0000 - 0x000007fefdafd000 	C:\Windows\system32\WS2_32.dll
0x000007fefe0e0000 - 0x000007fefe0e8000 	C:\Windows\system32\NSI.dll
0x000007fefbb20000 - 0x000007fefbb5b000 	C:\Windows\system32\WINMM.dll
0x000007fefc390000 - 0x000007fefc39c000 	C:\Windows\system32\VERSION.dll
0x00000000774a0000 - 0x00000000774a7000 	C:\Windows\system32\PSAPI.DLL
0x00000000738c0000 - 0x00000000738cf000 	C:\Program Files\Java\jdk1.8.0_111\jre\bin\verify.dll
0x00000000730d0000 - 0x00000000730f9000 	C:\Program Files\Java\jdk1.8.0_111\jre\bin\java.dll
0x00000000738a0000 - 0x00000000738b6000 	C:\Program Files\Java\jdk1.8.0_111\jre\bin\zip.dll
0x000007fefe3c0000 - 0x000007feff148000 	C:\Windows\system32\SHELL32.dll
0x000007fefdba0000 - 0x000007fefdda3000 	C:\Windows\system32\ole32.dll
0x000007fefd230000 - 0x000007fefd23f000 	C:\Windows\system32\profapi.dll
0x0000000067be0000 - 0x0000000067d78000 	C:\Program Files\Java\jdk1.8.0_111\jre\bin\awt.dll
0x000007fefde30000 - 0x000007fefdf07000 	C:\Windows\system32\OLEAUT32.dll
0x000007fefb8c0000 - 0x000007fefb916000 	C:\Windows\system32\uxtheme.dll
0x000007fefae50000 - 0x000007fefae68000 	C:\Windows\system32\dwmapi.dll
0x000007fefd0c0000 - 0x000007fefd0cf000 	C:\Windows\system32\CRYPTBASE.dll
0x00000000727b0000 - 0x00000000727f7000 	C:\Program Files\Java\jdk1.8.0_111\jre\bin\fontmanager.dll
0x00000000720c0000 - 0x00000000720f1000 	C:\Program Files\Java\jdk1.8.0_111\jre\bin\jpeg.dll
0x00000000737b0000 - 0x00000000737ca000 	C:\Program Files\Java\jdk1.8.0_111\jre\bin\net.dll
0x000007fefca10000 - 0x000007fefca65000 	C:\Windows\system32\mswsock.dll
0x000007fefca00000 - 0x000007fefca07000 	C:\Windows\System32\wship6.dll
0x0000000073540000 - 0x0000000073551000 	C:\Program Files\Java\jdk1.8.0_111\jre\bin\nio.dll
0x0000000072880000 - 0x00000000728c2000 	C:\Program Files\Java\jdk1.8.0_111\jre\bin\t2k.dll
0x000007feff550000 - 0x000007feff5e9000 	C:\Windows\system32\CLBCatQ.DLL
0x000007feef520000 - 0x000007feef645000 	C:\Windows\system32\dbghelp.dll

VM Arguments:
jvm_args: -Dfile.encoding=UTF-8 
java_command: orderingsystem.FirstPart
java_class_path (initial): C:\Users\rejean\Documents\Installers\mysql-connector-java-5.1.48\mysql-connector-java-5.1.48\mysql-connector-java-5.1.48-bin.jar;C:\Users\rejean\Documents\Installers\mysql-connector-java-5.1.48\mysql-connector-java-5.1.48\mysql-connector-java-5.1.48.jar;C:\Program Files\NetBeans 8.2\platform\modules\ext\swing-layout-1.0.4.jar;C:\Users\rejean\Documents\NetBeansProjects\SUBSYSTEM\build\classes
Launcher Type: SUN_STANDARD

Environment Variables:
PATH=C:\ProgramData\Oracle\Java\javapath;C:\Program Files\Dell\DW WLAN Card;;C:\Windows\system32;C:\Windows;C:\Windows\System32\Wbem;C:\Windows\System32\WindowsPowerShell\v1.0\;C:\Program Files (x86)\QuickTime\QTSystem\;C:\Users\rejean\AppData\Local\Programs\Python\Python38-32\Scripts\;C:\Users\rejean\AppData\Local\Programs\Python\Python38-32\
USERNAME=rejean
OS=Windows_NT
PROCESSOR_IDENTIFIER=Intel64 Family 6 Model 42 Stepping 7, GenuineIntel



---------------  S Y S T E M  ---------------

OS: Windows 7 , 64 bit Build 7601 (6.1.7601.24384)

CPU:total 8 (4 cores per cpu, 2 threads per core) family 6 model 42 stepping 7, cmov, cx8, fxsr, mmx, sse, sse2, sse3, ssse3, sse4.1, sse4.2, popcnt, avx, aes, clmul, ht, tsc, tscinvbit

Memory: 4k page, physical 8292400k(4832064k free), swap 8392896k(3979456k free)

vm_info: Java HotSpot(TM) 64-Bit Server VM (25.111-b14) for windows-amd64 JRE (1.8.0_111-b14), built on Sep 22 2016 19:24:05 by "java_re" with MS VC++ 10.0 (VS2010)

time: Mon Apr 20 16:29:59 2020
elapsed time: 4 seconds (0d 0h 0m 4s)

