#
# A fatal error has been detected by the Java Runtime Environment:
#
#  EXCEPTION_ACCESS_VIOLATION (0xc0000005) at pc=0x00000000605b1e23, pid=2224, tid=0x0000000000001f60
#
# JRE version: Java(TM) SE Runtime Environment (8.0_111-b14) (build 1.8.0_111-b14)
# Java VM: Java HotSpot(TM) 64-Bit Server VM (25.111-b14 mixed mode windows-amd64 compressed oops)
# Problematic frame:
# V  [jvm.dll+0x4c1e23]
#
# Failed to write core dump. Minidumps are not enabled by default on client versions of Windows
#
# If you would like to submit a bug report, please visit:
#   http://bugreport.java.com/bugreport/crash.jsp
#

---------------  T H R E A D  ---------------

Current thread (0x000000005879f800):  JavaThread "C2 CompilerThread1" daemon [_thread_in_native, id=8032, stack(0x000000005a1b0000,0x000000005a2b0000)]

siginfo: ExceptionCode=0xc0000005, reading address 0x000000005a00c6a0

Registers:
RAX=0x000000005a00c678, RBX=0x000000005ab4cec8, RCX=0x000000005ab4cec8, RDX=0x000000005ab4cf08
RSP=0x000000005a2ab6b0, RBP=0x000000005a2ab6f0, RSI=0x0000000000000051, RDI=0x0000000000000001
R8 =0x000000005ab4cf10, R9 =0x000000005ad1ff00, R10=0x000000005ad1fe70, R11=0x000000005ad22a90
R12=0x0000000000000052, R13=0x000000005a2abbb0, R14=0x000000005ab4ce00, R15=0x0000000000000000
RIP=0x00000000605b1e23, EFLAGS=0x0000000000010283

Top of Stack: (sp=0x000000005a2ab6b0)
0x000000005a2ab6b0:   000000005c36ab28 000000005c36af98
0x000000005a2ab6c0:   0000000000000050 000000006061e486
0x000000005a2ab6d0:   0000025a00000052 0000000000000000
0x000000005a2ab6e0:   0000000000000007 000000005ad22a90
0x000000005a2ab6f0:   00000000576e14b0 000000005c3ae7b0
0x000000005a2ab700:   00000000576e14b0 0000000000000000
0x000000005a2ab710:   000000005a2ab820 00000000605b3da8
0x000000005a2ab720:   000000005a2abbb0 0000000000000003
0x000000005a2ab730:   000000005a2abbd0 00000000606210f3
0x000000005a2ab740:   000000005c3ae800 000000005c3b6798
0x000000005a2ab750:   0000000000068298 0000000000000000
0x000000005a2ab760:   0000000000008020 0000000001f90000
0x000000005a2ab770:   0000000000008010 0000000060765e88
0x000000005a2ab780:   00000000576e14b0 0000000000000002
0x000000005a2ab790:   000000005c3ae800 0000000000000003
0x000000005a2ab7a0:   000000005c3ae7b0 0000000000008020 

Instructions: (pc=0x00000000605b1e23)
0x00000000605b1e03:   75 67 48 8b 53 10 8b 43 20 4c 8d 04 c2 49 3b d0
0x00000000605b1e13:   73 57 66 66 66 0f 1f 84 00 00 00 00 00 48 8b 02
0x00000000605b1e23:   8b 48 28 41 8b 04 89 85 c0 74 0a a8 01 75 06 d1
0x00000000605b1e33:   e8 3b c6 7c 0b 48 83 c2 08 49 3b d0 72 df eb 29 


Register to memory mapping:

RAX=0x000000005a00c678 is pointing into the stack for thread: 0x000000005879b800
RBX=0x000000005ab4cec8 is an unknown value
RCX=0x000000005ab4cec8 is an unknown value
RDX=0x000000005ab4cf08 is an unknown value
RSP=0x000000005a2ab6b0 is pointing into the stack for thread: 0x000000005879f800
RBP=0x000000005a2ab6f0 is pointing into the stack for thread: 0x000000005879f800
RSI=0x0000000000000051 is an unknown value
RDI=0x0000000000000001 is an unknown value
R8 =0x000000005ab4cf10 is an unknown value
R9 =0x000000005ad1ff00 is an unknown value
R10=0x000000005ad1fe70 is an unknown value
R11=0x000000005ad22a90 is an unknown value
R12=0x0000000000000052 is an unknown value
R13=0x000000005a2abbb0 is pointing into the stack for thread: 0x000000005879f800
R14=0x000000005ab4ce00 is an unknown value
R15=0x0000000000000000 is an unknown value


Stack: [0x000000005a1b0000,0x000000005a2b0000],  sp=0x000000005a2ab6b0,  free space=1005k
Native frames: (J=compiled Java code, j=interpreted, Vv=VM code, C=native code)
V  [jvm.dll+0x4c1e23]
V  [jvm.dll+0x4c3da8]
V  [jvm.dll+0x475190]
V  [jvm.dll+0x475fc3]
V  [jvm.dll+0x4589b2]
V  [jvm.dll+0xa5742]
V  [jvm.dll+0xa607f]
V  [jvm.dll+0x244b7f]
V  [jvm.dll+0x29c43a]
C  [msvcr100.dll+0x21d9f]
C  [msvcr100.dll+0x21e3b]
C  [kernel32.dll+0x1570d]
C  [ntdll.dll+0x5385d]


Current CompileTask:
C2: 105132 2949   !   4       java.awt.Component::firePropertyChange (59 bytes)


---------------  P R O C E S S  ---------------

Java Threads: ( => current thread )
  0x00000000587c8800 JavaThread "Image Fetcher 0" daemon [_thread_in_native, id=6568, stack(0x000000005f240000,0x000000005f340000)]
  0x00000000587c5800 JavaThread "mysql-cj-abandoned-connection-cleanup" daemon [_thread_blocked, id=5436, stack(0x000000005d7a0000,0x000000005d8a0000)]
  0x00000000587c6000 JavaThread "TimerQueue" daemon [_thread_blocked, id=10836, stack(0x000000005d5d0000,0x000000005d6d0000)]
  0x00000000587c4800 JavaThread "DestroyJavaVM" [_thread_blocked, id=5884, stack(0x00000000021c0000,0x00000000022c0000)]
  0x00000000587c4000 JavaThread "AWT-EventQueue-0" [_thread_blocked, id=8120, stack(0x000000005b780000,0x000000005b880000)]
  0x00000000587c3000 JavaThread "AWT-Windows" daemon [_thread_in_native, id=6040, stack(0x000000005b1d0000,0x000000005b2d0000)]
  0x00000000587c2800 JavaThread "AWT-Shutdown" [_thread_blocked, id=6072, stack(0x000000005aef0000,0x000000005aff0000)]
  0x00000000587c1800 JavaThread "Java2D Disposer" daemon [_thread_blocked, id=4444, stack(0x000000005a4b0000,0x000000005a5b0000)]
  0x0000000058859000 JavaThread "Service Thread" daemon [_thread_blocked, id=7476, stack(0x000000005a5e0000,0x000000005a6e0000)]
  0x00000000587c0000 JavaThread "C1 CompilerThread3" daemon [_thread_blocked, id=180, stack(0x000000005a320000,0x000000005a420000)]
  0x00000000576ef000 JavaThread "C2 CompilerThread2" daemon [_thread_blocked, id=4592, stack(0x0000000059e50000,0x0000000059f50000)]
=>0x000000005879f800 JavaThread "C2 CompilerThread1" daemon [_thread_in_native, id=8032, stack(0x000000005a1b0000,0x000000005a2b0000)]
  0x000000005879b800 JavaThread "C2 CompilerThread0" daemon [_thread_blocked, id=2932, stack(0x0000000059fb0000,0x000000005a0b0000)]
  0x0000000058798800 JavaThread "Attach Listener" daemon [_thread_blocked, id=6000, stack(0x0000000059d40000,0x0000000059e40000)]
  0x0000000058797000 JavaThread "Signal Dispatcher" daemon [_thread_blocked, id=5156, stack(0x0000000059b50000,0x0000000059c50000)]
  0x00000000576e0000 JavaThread "Finalizer" daemon [_thread_blocked, id=6912, stack(0x00000000599a0000,0x0000000059aa0000)]
  0x00000000576d9000 JavaThread "Reference Handler" daemon [_thread_blocked, id=9144, stack(0x0000000059690000,0x0000000059790000)]

Other Threads:
  0x0000000058743800 VMThread [stack: 0x0000000059850000,0x0000000059950000] [id=2292]
  0x0000000058865800 WatcherThread [stack: 0x000000005a0b0000,0x000000005a1b0000] [id=8468]

VM state:not at safepoint (normal execution)

VM Mutex/Monitor currently owned by a thread: None

Heap:
 PSYoungGen      total 38400K, used 22333K [0x00000000d5d00000, 0x00000000d8780000, 0x0000000100000000)
  eden space 33280K, 51% used [0x00000000d5d00000,0x00000000d6dd2b68,0x00000000d7d80000)
  from space 5120K, 99% used [0x00000000d7d80000,0x00000000d827c8e0,0x00000000d8280000)
  to   space 5120K, 0% used [0x00000000d8280000,0x00000000d8280000,0x00000000d8780000)
 ParOldGen       total 87552K, used 48480K [0x0000000081600000, 0x0000000086b80000, 0x00000000d5d00000)
  object space 87552K, 55% used [0x0000000081600000,0x00000000845583b0,0x0000000086b80000)
 Metaspace       used 18574K, capacity 18852K, committed 19072K, reserved 1067008K
  class space    used 2232K, capacity 2330K, committed 2432K, reserved 1048576K

Card table byte_map: [0x0000000011950000,0x0000000011d50000] byte_map_base: 0x0000000011545000

Marking Bits: (ParMarkBitMap*) 0x000000006090a6c0
 Begin Bits: [0x00000000129a0000, 0x0000000014948000)
 End Bits:   [0x0000000014948000, 0x00000000168f0000)

Polling page: 0x0000000000110000

CodeCache: size=245760Kb used=9307Kb max_used=9323Kb free=236452Kb
 bounds [0x0000000002590000, 0x0000000002ec0000, 0x0000000011590000]
 total_blobs=3302 nmethods=2721 adapters=492
 compilation: enabled

Compilation events (10 events):
Event: 105.063 Thread 0x00000000587c0000 nmethod 2957 0x0000000002eaa510 code [0x0000000002eaa660, 0x0000000002eaa8d0]
Event: 105.075 Thread 0x00000000587c0000 2958       1       sun.misc.URLClassPath$FileLoader$1::getURL (5 bytes)
Event: 105.076 Thread 0x00000000587c0000 nmethod 2958 0x0000000002eaa950 code [0x0000000002eaaaa0, 0x0000000002eaabb0]
Event: 105.077 Thread 0x00000000587c0000 2959       1       java.util.Calendar::internalGet (7 bytes)
Event: 105.077 Thread 0x00000000587c0000 nmethod 2959 0x0000000002eaac10 code [0x0000000002eaad60, 0x0000000002eaae90]
Event: 105.080 Thread 0x000000005879b800 nmethod 2941 0x0000000002eae650 code [0x0000000002eae800, 0x0000000002eaf2c0]
Event: 105.080 Thread 0x000000005879b800 2955       4       java.util.LinkedList$ListItr::next (56 bytes)
Event: 105.082 Thread 0x000000005879b800 nmethod 2955 0x0000000002eab610 code [0x0000000002eab760, 0x0000000002eab858]
Event: 105.082 Thread 0x000000005879b800 2954       4       java.lang.StringBuilder::<init> (7 bytes)
Event: 105.084 Thread 0x000000005879b800 nmethod 2954 0x0000000002eab310 code [0x0000000002eab460, 0x0000000002eab558]

GC Heap History (6 events):
Event: 14.683 GC heap before
{Heap before GC invocations=1 (full 0):
 PSYoungGen      total 38400K, used 33280K [0x00000000d5d00000, 0x00000000d8780000, 0x0000000100000000)
  eden space 33280K, 100% used [0x00000000d5d00000,0x00000000d7d80000,0x00000000d7d80000)
  from space 5120K, 0% used [0x00000000d8280000,0x00000000d8280000,0x00000000d8780000)
  to   space 5120K, 0% used [0x00000000d7d80000,0x00000000d7d80000,0x00000000d8280000)
 ParOldGen       total 87552K, used 0K [0x0000000081600000, 0x0000000086b80000, 0x00000000d5d00000)
  object space 87552K, 0% used [0x0000000081600000,0x0000000081600000,0x0000000086b80000)
 Metaspace       used 12759K, capacity 12918K, committed 13056K, reserved 1060864K
  class space    used 1634K, capacity 1703K, committed 1792K, reserved 1048576K
Event: 14.711 GC heap after
Heap after GC invocations=1 (full 0):
 PSYoungGen      total 38400K, used 5116K [0x00000000d5d00000, 0x00000000d8780000, 0x0000000100000000)
  eden space 33280K, 0% used [0x00000000d5d00000,0x00000000d5d00000,0x00000000d7d80000)
  from space 5120K, 99% used [0x00000000d7d80000,0x00000000d827f188,0x00000000d8280000)
  to   space 5120K, 0% used [0x00000000d8280000,0x00000000d8280000,0x00000000d8780000)
 ParOldGen       total 87552K, used 26470K [0x0000000081600000, 0x0000000086b80000, 0x00000000d5d00000)
  object space 87552K, 30% used [0x0000000081600000,0x0000000082fd9a68,0x0000000086b80000)
 Metaspace       used 12759K, capacity 12918K, committed 13056K, reserved 1060864K
  class space    used 1634K, capacity 1703K, committed 1792K, reserved 1048576K
}
Event: 52.971 GC heap before
{Heap before GC invocations=2 (full 0):
 PSYoungGen      total 38400K, used 34633K [0x00000000d5d00000, 0x00000000d8780000, 0x0000000100000000)
  eden space 33280K, 88% used [0x00000000d5d00000,0x00000000d79d33e8,0x00000000d7d80000)
  from space 5120K, 99% used [0x00000000d7d80000,0x00000000d827f188,0x00000000d8280000)
  to   space 5120K, 0% used [0x00000000d8280000,0x00000000d8280000,0x00000000d8780000)
 ParOldGen       total 87552K, used 26470K [0x0000000081600000, 0x0000000086b80000, 0x00000000d5d00000)
  object space 87552K, 30% used [0x0000000081600000,0x0000000082fd9a68,0x0000000086b80000)
 Metaspace       used 17322K, capacity 17548K, committed 17920K, reserved 1064960K
  class space    used 2144K, capacity 2226K, committed 2304K, reserved 1048576K
Event: 52.994 GC heap after
Heap after GC invocations=2 (full 0):
 PSYoungGen      total 38400K, used 5097K [0x00000000d5d00000, 0x00000000d8780000, 0x0000000100000000)
  eden space 33280K, 0% used [0x00000000d5d00000,0x00000000d5d00000,0x00000000d7d80000)
  from space 5120K, 99% used [0x00000000d8280000,0x00000000d877a608,0x00000000d8780000)
  to   space 5120K, 0% used [0x00000000d7d80000,0x00000000d7d80000,0x00000000d8280000)
 ParOldGen       total 87552K, used 33419K [0x0000000081600000, 0x0000000086b80000, 0x00000000d5d00000)
  object space 87552K, 38% used [0x0000000081600000,0x00000000836a2d80,0x0000000086b80000)
 Metaspace       used 17322K, capacity 17548K, committed 17920K, reserved 1064960K
  class space    used 2144K, capacity 2226K, committed 2304K, reserved 1048576K
}
Event: 70.668 GC heap before
{Heap before GC invocations=3 (full 0):
 PSYoungGen      total 38400K, used 38377K [0x00000000d5d00000, 0x00000000d8780000, 0x0000000100000000)
  eden space 33280K, 100% used [0x00000000d5d00000,0x00000000d7d80000,0x00000000d7d80000)
  from space 5120K, 99% used [0x00000000d8280000,0x00000000d877a608,0x00000000d8780000)
  to   space 5120K, 0% used [0x00000000d7d80000,0x00000000d7d80000,0x00000000d8280000)
 ParOldGen       total 87552K, used 33419K [0x0000000081600000, 0x0000000086b80000, 0x00000000d5d00000)
  object space 87552K, 38% used [0x0000000081600000,0x00000000836a2d80,0x0000000086b80000)
 Metaspace       used 18271K, capacity 18486K, committed 18688K, reserved 1064960K
  class space    used 2217K, capacity 2297K, committed 2304K, reserved 1048576K
Event: 70.687 GC heap after
Heap after GC invocations=3 (full 0):
 PSYoungGen      total 38400K, used 5106K [0x00000000d5d00000, 0x00000000d8780000, 0x0000000100000000)
  eden space 33280K, 0% used [0x00000000d5d00000,0x00000000d5d00000,0x00000000d7d80000)
  from space 5120K, 99% used [0x00000000d7d80000,0x00000000d827c8e0,0x00000000d8280000)
  to   space 5120K, 0% used [0x00000000d8280000,0x00000000d8280000,0x00000000d8780000)
 ParOldGen       total 87552K, used 48480K [0x0000000081600000, 0x0000000086b80000, 0x00000000d5d00000)
  object space 87552K, 55% used [0x0000000081600000,0x00000000845583b0,0x0000000086b80000)
 Metaspace       used 18271K, capacity 18486K, committed 18688K, reserved 1064960K
  class space    used 2217K, capacity 2297K, committed 2304K, reserved 1048576K
}

Deoptimization events (10 events):
Event: 52.853 Thread 0x00000000587c7000 Uncommon trap: reason=unstable_if action=reinterpret pc=0x0000000002816e0c method=sun.awt.image.ImageRepresentation.getOpaqueRGBImage()Ljava/awt/image/BufferedImage; @ 57
Event: 52.877 Thread 0x00000000587c7000 Uncommon trap: reason=range_check action=make_not_entrant pc=0x000000000275a908 method=java.awt.image.DirectColorModel.setFields()V @ 65
Event: 52.933 Thread 0x00000000587c7000 Uncommon trap: reason=predicate action=maybe_recompile pc=0x0000000002839560 method=sun.awt.image.PNGImageDecoder.produceImage()V @ 960
Event: 53.054 Thread 0x00000000587c4000 Uncommon trap: reason=unstable_if action=reinterpret pc=0x0000000002a29490 method=sun.awt.image.SurfaceManager.getManager(Ljava/awt/Image;)Lsun/awt/image/SurfaceManager; @ 9
Event: 53.097 Thread 0x00000000587c4000 Uncommon trap: reason=unstable_if action=reinterpret pc=0x00000000029b4af4 method=java.awt.MultipleGradientPaintContext.indexIntoGradientsArrays(F)I @ 118
Event: 53.097 Thread 0x00000000587c4000 Uncommon trap: reason=unstable_if action=reinterpret pc=0x00000000028ad918 method=java.awt.MultipleGradientPaintContext.indexIntoGradientsArrays(F)I @ 118
Event: 54.941 Thread 0x00000000587c7000 Uncommon trap: reason=unloaded action=reinterpret pc=0x0000000002b41d4c method=sun.awt.image.PNGImageDecoder.produceImage()V @ 361
Event: 57.369 Thread 0x00000000587c4000 Uncommon trap: reason=unstable_if action=reinterpret pc=0x0000000002c18160 method=java.awt.Container.findComponentAtImpl(IIZ)Ljava/awt/Component; @ 24
Event: 69.548 Thread 0x00000000587c4000 Uncommon trap: reason=unstable_if action=reinterpret pc=0x0000000002af27b8 method=javax.swing.plaf.nimbus.DerivedColor.equals(Ljava/lang/Object;)Z @ 45
Event: 89.691 Thread 0x00000000587c4000 Uncommon trap: reason=null_check action=make_not_entrant pc=0x0000000002e10114 method=javax.swing.plaf.nimbus.NimbusDefaults$LazyStyle.matches(Ljava/awt/Component;I)Z @ 39

Internal exceptions (10 events):
Event: 0.230 Thread 0x0000000001f9e000 Exception <a 'java/lang/ClassNotFoundException': javax/swing/JToolBarSeparator> (0x00000000d6119ae8) thrown at [C:\re\workspace\8-2-build-windows-amd64-cygwin\jdk8u111\7883\hotspot\src\share\vm\classfile\systemDictionary.cpp, line 210]
Event: 0.230 Thread 0x0000000001f9e000 Exception <a 'java/lang/ClassNotFoundException': ToolBarSeparator> (0x00000000d6119f80) thrown at [C:\re\workspace\8-2-build-windows-amd64-cygwin\jdk8u111\7883\hotspot\src\share\vm\classfile\systemDictionary.cpp, line 210]
Event: 0.230 Thread 0x0000000001f9e000 Exception <a 'java/lang/ClassNotFoundException': ToolTip> (0x00000000d611a6c0) thrown at [C:\re\workspace\8-2-build-windows-amd64-cygwin\jdk8u111\7883\hotspot\src\share\vm\classfile\systemDictionary.cpp, line 210]
Event: 0.231 Thread 0x0000000001f9e000 Exception <a 'java/lang/ClassNotFoundException': Tree> (0x00000000d611b2e0) thrown at [C:\re\workspace\8-2-build-windows-amd64-cygwin\jdk8u111\7883\hotspot\src\share\vm\classfile\systemDictionary.cpp, line 210]
Event: 0.232 Thread 0x0000000001f9e000 Exception <a 'java/lang/ClassNotFoundException': Tree> (0x00000000d611ba20) thrown at [C:\re\workspace\8-2-build-windows-amd64-cygwin\jdk8u111\7883\hotspot\src\share\vm\classfile\systemDictionary.cpp, line 210]
Event: 0.232 Thread 0x0000000001f9e000 Exception <a 'java/lang/ClassNotFoundException': javax/swing/JTreeCell> (0x00000000d611bda0) thrown at [C:\re\workspace\8-2-build-windows-amd64-cygwin\jdk8u111\7883\hotspot\src\share\vm\classfile\systemDictionary.cpp, line 210]
Event: 0.232 Thread 0x0000000001f9e000 Exception <a 'java/lang/ClassNotFoundException': TreeCell> (0x00000000d611c228) thrown at [C:\re\workspace\8-2-build-windows-amd64-cygwin\jdk8u111\7883\hotspot\src\share\vm\classfile\systemDictionary.cpp, line 210]
Event: 0.232 Thread 0x0000000001f9e000 Exception <a 'java/lang/ClassNotFoundException': RootPane> (0x00000000d611cc88) thrown at [C:\re\workspace\8-2-build-windows-amd64-cygwin\jdk8u111\7883\hotspot\src\share\vm\classfile\systemDictionary.cpp, line 210]
Event: 52.933 Thread 0x00000000587c7000 Implicit null exception at 0x0000000002836149 to 0x0000000002839521
Event: 89.691 Thread 0x00000000587c4000 Implicit null exception at 0x0000000002e0f818 to 0x0000000002e10109

Events (10 events):
Event: 104.025 Executing VM operation: BulkRevokeBias done
Event: 105.006 loading class orderingsystem/MaxCOrdering
Event: 105.006 loading class orderingsystem/MaxCOrdering done
Event: 105.060 loading class orderingsystem/MaxCOrdering$1
Event: 105.060 loading class orderingsystem/MaxCOrdering$1 done
Event: 105.072 loading class orderingsystem/MaxCOrdering$2
Event: 105.072 loading class orderingsystem/MaxCOrdering$2 done
Event: 105.076 Thread 0x00000000587c8800 Thread added: 0x00000000587c8800
Event: 105.076 Executing VM operation: RevokeBias
Event: 105.076 Executing VM operation: RevokeBias done


Dynamic libraries:
0x000000013f610000 - 0x000000013f647000 	C:\Program Files\Java\jdk1.8.0_111\bin\java.exe
0x0000000077300000 - 0x000000007749f000 	C:\Windows\SYSTEM32\ntdll.dll
0x00000000771e0000 - 0x00000000772ff000 	C:\Windows\system32\kernel32.dll
0x000007fefd450000 - 0x000007fefd4ba000 	C:\Windows\system32\KERNELBASE.dll
0x000007feff460000 - 0x000007feff53b000 	C:\Windows\system32\ADVAPI32.dll
0x000007fefdb00000 - 0x000007fefdb9f000 	C:\Windows\system32\msvcrt.dll
0x000007fefe290000 - 0x000007fefe2af000 	C:\Windows\SYSTEM32\sechost.dll
0x000007feff330000 - 0x000007feff45c000 	C:\Windows\system32\RPCRT4.dll
0x00000000770e0000 - 0x00000000771da000 	C:\Windows\system32\USER32.dll
0x000007fefe0f0000 - 0x000007fefe157000 	C:\Windows\system32\GDI32.dll
0x000007feff540000 - 0x000007feff54e000 	C:\Windows\system32\LPK.dll
0x000007fefd9e0000 - 0x000007fefdaa9000 	C:\Windows\system32\USP10.dll
0x000007fefbca0000 - 0x000007fefbe94000 	C:\Windows\WinSxS\amd64_microsoft.windows.common-controls_6595b64144ccf1df_6.0.7601.17514_none_fa396087175ac9ac\COMCTL32.dll
0x000007fefdf90000 - 0x000007fefe001000 	C:\Windows\system32\SHLWAPI.dll
0x000007fefe0b0000 - 0x000007fefe0de000 	C:\Windows\system32\IMM32.DLL
0x000007fefe2b0000 - 0x000007fefe3b9000 	C:\Windows\system32\MSCTF.dll
0x0000000067d80000 - 0x0000000067e52000 	C:\Program Files\Java\jdk1.8.0_111\jre\bin\msvcr100.dll
0x00000000600f0000 - 0x000000006098a000 	C:\Program Files\Java\jdk1.8.0_111\jre\bin\server\jvm.dll
0x000007fef05f0000 - 0x000007fef05f9000 	C:\Windows\system32\WSOCK32.dll
0x000007fefdab0000 - 0x000007fefdafd000 	C:\Windows\system32\WS2_32.dll
0x000007fefe0e0000 - 0x000007fefe0e8000 	C:\Windows\system32\NSI.dll
0x000007fefbb20000 - 0x000007fefbb5b000 	C:\Windows\system32\WINMM.dll
0x000007fefc390000 - 0x000007fefc39c000 	C:\Windows\system32\VERSION.dll
0x00000000774a0000 - 0x00000000774a7000 	C:\Windows\system32\PSAPI.DLL
0x00000000738c0000 - 0x00000000738cf000 	C:\Program Files\Java\jdk1.8.0_111\jre\bin\verify.dll
0x00000000730d0000 - 0x00000000730f9000 	C:\Program Files\Java\jdk1.8.0_111\jre\bin\java.dll
0x00000000738a0000 - 0x00000000738b6000 	C:\Program Files\Java\jdk1.8.0_111\jre\bin\zip.dll
0x000007fefe3c0000 - 0x000007feff148000 	C:\Windows\system32\SHELL32.dll
0x000007fefdba0000 - 0x000007fefdda3000 	C:\Windows\system32\ole32.dll
0x000007fefd230000 - 0x000007fefd23f000 	C:\Windows\system32\profapi.dll
0x0000000067be0000 - 0x0000000067d78000 	C:\Program Files\Java\jdk1.8.0_111\jre\bin\awt.dll
0x000007fefde30000 - 0x000007fefdf07000 	C:\Windows\system32\OLEAUT32.dll
0x000007fefb8c0000 - 0x000007fefb916000 	C:\Windows\system32\uxtheme.dll
0x000007fefae50000 - 0x000007fefae68000 	C:\Windows\system32\dwmapi.dll
0x000007fefd0c0000 - 0x000007fefd0cf000 	C:\Windows\system32\CRYPTBASE.dll
0x00000000727b0000 - 0x00000000727f7000 	C:\Program Files\Java\jdk1.8.0_111\jre\bin\fontmanager.dll
0x00000000720c0000 - 0x00000000720f1000 	C:\Program Files\Java\jdk1.8.0_111\jre\bin\jpeg.dll
0x00000000737b0000 - 0x00000000737ca000 	C:\Program Files\Java\jdk1.8.0_111\jre\bin\net.dll
0x000007fefca10000 - 0x000007fefca65000 	C:\Windows\system32\mswsock.dll
0x000007fefca00000 - 0x000007fefca07000 	C:\Windows\System32\wship6.dll
0x0000000073540000 - 0x0000000073551000 	C:\Program Files\Java\jdk1.8.0_111\jre\bin\nio.dll
0x0000000072880000 - 0x00000000728c2000 	C:\Program Files\Java\jdk1.8.0_111\jre\bin\t2k.dll
0x000007feff550000 - 0x000007feff5e9000 	C:\Windows\system32\CLBCatQ.DLL
0x000007fefaaa0000 - 0x000007fefabca000 	C:\Windows\system32\WindowsCodecs.dll
0x000007fefd170000 - 0x000007fefd1c7000 	C:\Windows\system32\apphelp.dll
0x000007fef8a80000 - 0x000007fef8ab5000 	C:\Windows\system32\EhStorShell.dll
0x000007feff150000 - 0x000007feff327000 	C:\Windows\system32\SETUPAPI.dll
0x000007fefd4c0000 - 0x000007fefd4f6000 	C:\Windows\system32\CFGMGR32.dll
0x000007fefd500000 - 0x000007fefd51a000 	C:\Windows\system32\DEVOBJ.dll
0x000007fefb970000 - 0x000007fefba9c000 	C:\Windows\system32\PROPSYS.dll
0x000007fef8a00000 - 0x000007fef8a7e000 	C:\Windows\System32\cscui.dll
0x000007fef89f0000 - 0x000007fef89fc000 	C:\Windows\System32\CSCDLL.dll
0x000007fef89e0000 - 0x000007fef89ef000 	C:\Windows\system32\CSCAPI.dll
0x000007fef8960000 - 0x000007fef89e0000 	C:\Windows\system32\ntshrui.dll
0x000007fefce20000 - 0x000007fefce43000 	C:\Windows\system32\srvcli.dll
0x000007fefac30000 - 0x000007fefac3b000 	C:\Windows\system32\slc.dll
0x0000000073090000 - 0x00000000730ba000 	C:\Program Files\Java\jdk1.8.0_111\jre\bin\dcpr.dll
0x000007fefc460000 - 0x000007fefc467000 	C:\Windows\System32\wshtcpip.dll
0x000007fefc890000 - 0x000007fefc8eb000 	C:\Windows\system32\DNSAPI.dll
0x000007fefafb0000 - 0x000007fefafd7000 	C:\Windows\system32\IPHLPAPI.DLL
0x000007fefae70000 - 0x000007fefae7b000 	C:\Windows\system32\WINNSI.DLL
0x000007fef1be0000 - 0x000007fef1be8000 	C:\Windows\system32\rasadhlp.dll
0x000007fefa910000 - 0x000007fefa963000 	C:\Windows\System32\fwpuclnt.dll
0x000007feef520000 - 0x000007feef645000 	C:\Windows\system32\dbghelp.dll

VM Arguments:
jvm_args: -Dfile.encoding=UTF-8 
java_command: orderingsystem.FirstPart
java_class_path (initial): C:\Users\rejean\Documents\Installers\mysql-connector-java-5.1.48\mysql-connector-java-5.1.48\mysql-connector-java-5.1.48-bin.jar;C:\Users\rejean\Documents\Installers\mysql-connector-java-5.1.48\mysql-connector-java-5.1.48\mysql-connector-java-5.1.48.jar;C:\Program Files\NetBeans 8.2\platform\modules\ext\swing-layout-1.0.4.jar;C:\Users\rejean\Documents\NetBeansProjects\SUBSYSTEM\build\classes
Launcher Type: SUN_STANDARD

Environment Variables:
PATH=C:\ProgramData\Oracle\Java\javapath;C:\Program Files\Dell\DW WLAN Card;;C:\Windows\system32;C:\Windows;C:\Windows\System32\Wbem;C:\Windows\System32\WindowsPowerShell\v1.0\;C:\Program Files (x86)\QuickTime\QTSystem\;C:\Users\rejean\AppData\Local\Programs\Python\Python38-32\Scripts\;C:\Users\rejean\AppData\Local\Programs\Python\Python38-32\
USERNAME=rejean
OS=Windows_NT
PROCESSOR_IDENTIFIER=Intel64 Family 6 Model 42 Stepping 7, GenuineIntel



---------------  S Y S T E M  ---------------

OS: Windows 7 , 64 bit Build 7601 (6.1.7601.24384)

CPU:total 8 (4 cores per cpu, 2 threads per core) family 6 model 42 stepping 7, cmov, cx8, fxsr, mmx, sse, sse2, sse3, ssse3, sse4.1, sse4.2, popcnt, avx, aes, clmul, ht, tsc, tscinvbit

Memory: 4k page, physical 8292400k(4681272k free), swap 8392896k(3907496k free)

vm_info: Java HotSpot(TM) 64-Bit Server VM (25.111-b14) for windows-amd64 JRE (1.8.0_111-b14), built on Sep 22 2016 19:24:05 by "java_re" with MS VC++ 10.0 (VS2010)

time: Mon Apr 20 15:19:09 2020
elapsed time: 105 seconds (0d 0h 1m 45s)

