#
# A fatal error has been detected by the Java Runtime Environment:
#
#  Internal Error (signature.cpp:54), pid=4464, tid=0x0000000000000ff0
#  fatal error: expecting (
#
# JRE version: Java(TM) SE Runtime Environment (8.0_111-b14) (build 1.8.0_111-b14)
# Java VM: Java HotSpot(TM) 64-Bit Server VM (25.111-b14 mixed mode windows-amd64 compressed oops)
# Failed to write core dump. Minidumps are not enabled by default on client versions of Windows
#
# If you would like to submit a bug report, please visit:
#   http://bugreport.java.com/bugreport/crash.jsp
#

---------------  T H R E A D  ---------------

Current thread (0x000000005aaf9800):  JavaThread "AWT-EventQueue-0" [_thread_in_vm, id=4080, stack(0x000000005bd30000,0x000000005be30000)]

Stack: [0x000000005bd30000,0x000000005be30000]
[error occurred during error reporting (printing stack bounds), id 0xc0000005]

Native frames: (J=compiled Java code, j=interpreted, Vv=VM code, C=native code)

Java frames: (J=compiled Java code, j=interpreted, Vv=VM code)
j  sun.java2d.loops.GraphicsPrimitiveMgr.registerNativeLoops()V+0
j  sun.java2d.loops.GraphicsPrimitiveMgr.<clinit>()V+35
v  ~StubRoutines::call_stub
j  sun.java2d.loops.Blit.<clinit>()V+36
v  ~StubRoutines::call_stub
j  sun.java2d.windows.GDIWindowSurfaceData.<clinit>()V+66
v  ~StubRoutines::call_stub
j  sun.awt.Win32GraphicsConfig.createSurfaceData(Lsun/awt/windows/WComponentPeer;I)Lsun/java2d/SurfaceData;+1
j  sun.java2d.ScreenUpdateManager.createScreenSurface(Lsun/awt/Win32GraphicsConfig;Lsun/awt/windows/WComponentPeer;IZ)Lsun/java2d/SurfaceData;+3
j  sun.java2d.d3d.D3DScreenUpdateManager.createScreenSurface(Lsun/awt/Win32GraphicsConfig;Lsun/awt/windows/WComponentPeer;IZ)Lsun/java2d/SurfaceData;+20
j  sun.awt.windows.WComponentPeer.createScreenSurface(Z)V+21
j  sun.awt.windows.WComponentPeer.<init>(Ljava/awt/Component;)V+79
j  sun.awt.windows.WCanvasPeer.<init>(Ljava/awt/Component;)V+2
j  sun.awt.windows.WPanelPeer.<init>(Ljava/awt/Component;)V+2
j  sun.awt.windows.WWindowPeer.<init>(Ljava/awt/Window;)V+2
j  sun.awt.windows.WFramePeer.<init>(Ljava/awt/Frame;)V+2
j  sun.awt.windows.WToolkit.createFrame(Ljava/awt/Frame;)Ljava/awt/peer/FramePeer;+5
j  java.awt.Frame.addNotify()V+20
j  java.awt.Window.pack()V+28
j  orderingsystem.FirstPart.initComponents()V+1249
j  orderingsystem.FirstPart.<init>()V+5
j  orderingsystem.FirstPart$3.run()V+4
j  java.awt.event.InvocationEvent.dispatch()V+47
j  java.awt.EventQueue.dispatchEventImpl(Ljava/awt/AWTEvent;Ljava/lang/Object;)V+21
j  java.awt.EventQueue.access$500(Ljava/awt/EventQueue;Ljava/awt/AWTEvent;Ljava/lang/Object;)V+3
j  java.awt.EventQueue$3.run()Ljava/lang/Void;+32
j  java.awt.EventQueue$3.run()Ljava/lang/Object;+1
v  ~StubRoutines::call_stub
j  java.security.AccessController.doPrivileged(Ljava/security/PrivilegedAction;Ljava/security/AccessControlContext;)Ljava/lang/Object;+0
j  java.security.ProtectionDomain$JavaSecurityAccessImpl.doIntersectionPrivilege(Ljava/security/PrivilegedAction;Ljava/security/AccessControlContext;Ljava/security/AccessControlContext;)Ljava/lang/Object;+18
j  java.awt.EventQueue.dispatchEvent(Ljava/awt/AWTEvent;)V+46
j  java.awt.EventDispatchThread.pumpOneEventForFilters(I)V+245
j  java.awt.EventDispatchThread.pumpEventsForFilter(ILjava/awt/Conditional;Ljava/awt/EventFilter;)V+35
j  java.awt.EventDispatchThread.pumpEventsForHierarchy(ILjava/awt/Conditional;Ljava/awt/Component;)V+11
j  java.awt.EventDispatchThread.pumpEvents(ILjava/awt/Conditional;)V+4
j  java.awt.EventDispatchThread.pumpEvents(Ljava/awt/Conditional;)V+3
j  java.awt.EventDispatchThread.run()V+9
v  ~StubRoutines::call_stub

---------------  P R O C E S S  ---------------

Java Threads: ( => current thread )
  0x000000005ab9d800 JavaThread "Image Fetcher 0" daemon [_thread_blocked, id=10784, stack(0x000000005be50000,0x000000005bf50000)]
  0x000000000062e000 JavaThread "DestroyJavaVM" [_thread_blocked, id=10056, stack(0x0000000002240000,0x0000000002340000)]
=>0x000000005aaf9800 JavaThread "AWT-EventQueue-0" [_thread_in_vm, id=4080, stack(0x000000005bd30000,0x000000005be30000)]
  0x000000005aadd800 JavaThread "AWT-Windows" daemon [_thread_in_native, id=8896, stack(0x000000005a1d0000,0x000000005a2d0000)]
  0x000000005aadc800 JavaThread "AWT-Shutdown" [_thread_blocked, id=1344, stack(0x000000005b530000,0x000000005b630000)]
  0x000000005aadc000 JavaThread "Java2D Disposer" daemon [_thread_blocked, id=4180, stack(0x000000005b320000,0x000000005b420000)]
  0x00000000589a5800 JavaThread "Service Thread" daemon [_thread_blocked, id=6504, stack(0x000000005a7d0000,0x000000005a8d0000)]
  0x0000000058905800 JavaThread "C1 CompilerThread3" daemon [_thread_blocked, id=10440, stack(0x000000005a660000,0x000000005a760000)]
  0x0000000058904800 JavaThread "C2 CompilerThread2" daemon [_thread_blocked, id=9924, stack(0x000000005a510000,0x000000005a610000)]
  0x0000000057a6b000 JavaThread "C2 CompilerThread1" daemon [_thread_in_native, id=11404, stack(0x000000005a310000,0x000000005a410000)]
  0x00000000588fb800 JavaThread "C2 CompilerThread0" daemon [_thread_blocked, id=9136, stack(0x000000005a0b0000,0x000000005a1b0000)]
  0x00000000588f8800 JavaThread "Attach Listener" daemon [_thread_blocked, id=3356, stack(0x0000000059f10000,0x000000005a010000)]
  0x00000000588f7800 JavaThread "Signal Dispatcher" daemon [_thread_blocked, id=6436, stack(0x0000000059d50000,0x0000000059e50000)]
  0x0000000057a60000 JavaThread "Finalizer" daemon [_thread_blocked, id=8380, stack(0x0000000059bb0000,0x0000000059cb0000)]
  0x0000000057a59000 JavaThread "Reference Handler" daemon [_thread_blocked, id=6240, stack(0x00000000599d0000,0x0000000059ad0000)]

Other Threads:
  0x00000000588a3800 VMThread [stack: 0x00000000598b0000,0x00000000599b0000] [id=5412]
  0x00000000589b2000 WatcherThread [stack: 0x000000005a930000,0x000000005aa30000] [id=7400]

VM state:not at safepoint (normal execution)

VM Mutex/Monitor currently owned by a thread: None

Heap:
 PSYoungGen      total 38400K, used 19895K [0x00000000d5d00000, 0x00000000d8780000, 0x0000000100000000)
  eden space 33280K, 59% used [0x00000000d5d00000,0x00000000d706dfa8,0x00000000d7d80000)
  from space 5120K, 0% used [0x00000000d8280000,0x00000000d8280000,0x00000000d8780000)
  to   space 5120K, 0% used [0x00000000d7d80000,0x00000000d7d80000,0x00000000d8280000)
 ParOldGen       total 87552K, used 0K [0x0000000081600000, 0x0000000086b80000, 0x00000000d5d00000)
  object space 87552K, 0% used [0x0000000081600000,0x0000000081600000,0x0000000086b80000)
 Metaspace       used 10373K, capacity 10552K, committed 10880K, reserved 1058816K
  class space    used 1301K, capacity 1382K, committed 1408K, reserved 1048576K

Card table byte_map: [0x00000000119d0000,0x0000000011dd0000] byte_map_base: 0x00000000115c5000

Marking Bits: (ParMarkBitMap*) 0x000000006090a6c0
 Begin Bits: [0x0000000012d20000, 0x0000000014cc8000)
 End Bits:   [0x0000000014cc8000, 0x0000000016c70000)

Polling page: 0x0000000000410000

CodeCache: size=245760Kb used=2139Kb max_used=2153Kb free=243620Kb
 bounds [0x0000000002610000, 0x0000000002880000, 0x0000000011610000]
 total_blobs=857 nmethods=409 adapters=361
 compilation: enabled

Compilation events (10 events):
Event: 0.391 Thread 0x0000000058905800 nmethod 404 0x000000000281ec90 code [0x000000000281ede0, 0x000000000281ef90]
Event: 0.391 Thread 0x0000000058905800  408       1       java.lang.Integer::intValue (5 bytes)
Event: 0.391 Thread 0x0000000058905800 nmethod 408 0x000000000281e9d0 code [0x000000000281eb20, 0x000000000281ec30]
Event: 0.391 Thread 0x0000000058904800 nmethod 406 0x000000000281e6d0 code [0x000000000281e820, 0x000000000281e918]
Event: 0.391 Thread 0x0000000058904800  407       4       java.lang.CharacterData::of (120 bytes)
Event: 0.392 Thread 0x0000000058904800 nmethod 407 0x000000000281e490 code [0x000000000281e5c0, 0x000000000281e638]
Event: 0.394 Thread 0x0000000058905800  409       3       java.lang.invoke.MethodType::insertParameterTypes (106 bytes)
Event: 0.395 Thread 0x0000000058905800 nmethod 409 0x0000000002821d90 code [0x0000000002822040, 0x0000000002823308]
Event: 0.395 Thread 0x0000000058905800  410       3       sun.invoke.util.Wrapper::forBasicType (16 bytes)
Event: 0.395 Thread 0x0000000058905800 nmethod 410 0x00000000028218d0 code [0x0000000002821a40, 0x0000000002821cb8]

GC Heap History (0 events):
No events

Deoptimization events (1 events):
Event: 0.207 Thread 0x000000000062e000 Uncommon trap: reason=null_check action=make_not_entrant pc=0x000000000278138c method=java.lang.String.equals(Ljava/lang/Object;)Z @ 8

Internal exceptions (10 events):
Event: 0.257 Thread 0x000000000062e000 Exception <a 'java/lang/ClassNotFoundException': ToolBar> (0x00000000d61190d8) thrown at [C:\re\workspace\8-2-build-windows-amd64-cygwin\jdk8u111\7883\hotspot\src\share\vm\classfile\systemDictionary.cpp, line 210]
Event: 0.257 Thread 0x000000000062e000 Exception <a 'java/lang/ClassNotFoundException': ToggleButton> (0x00000000d6119688) thrown at [C:\re\workspace\8-2-build-windows-amd64-cygwin\jdk8u111\7883\hotspot\src\share\vm\classfile\systemDictionary.cpp, line 210]
Event: 0.257 Thread 0x000000000062e000 Exception <a 'java/lang/ClassNotFoundException': javax/swing/JToolBarSeparator> (0x00000000d6119ae8) thrown at [C:\re\workspace\8-2-build-windows-amd64-cygwin\jdk8u111\7883\hotspot\src\share\vm\classfile\systemDictionary.cpp, line 210]
Event: 0.257 Thread 0x000000000062e000 Exception <a 'java/lang/ClassNotFoundException': ToolBarSeparator> (0x00000000d6119f80) thrown at [C:\re\workspace\8-2-build-windows-amd64-cygwin\jdk8u111\7883\hotspot\src\share\vm\classfile\systemDictionary.cpp, line 210]
Event: 0.257 Thread 0x000000000062e000 Exception <a 'java/lang/ClassNotFoundException': ToolTip> (0x00000000d611a6c0) thrown at [C:\re\workspace\8-2-build-windows-amd64-cygwin\jdk8u111\7883\hotspot\src\share\vm\classfile\systemDictionary.cpp, line 210]
Event: 0.258 Thread 0x000000000062e000 Exception <a 'java/lang/ClassNotFoundException': Tree> (0x00000000d611b2e0) thrown at [C:\re\workspace\8-2-build-windows-amd64-cygwin\jdk8u111\7883\hotspot\src\share\vm\classfile\systemDictionary.cpp, line 210]
Event: 0.258 Thread 0x000000000062e000 Exception <a 'java/lang/ClassNotFoundException': Tree> (0x00000000d611ba20) thrown at [C:\re\workspace\8-2-build-windows-amd64-cygwin\jdk8u111\7883\hotspot\src\share\vm\classfile\systemDictionary.cpp, line 210]
Event: 0.258 Thread 0x000000000062e000 Exception <a 'java/lang/ClassNotFoundException': javax/swing/JTreeCell> (0x00000000d611bda0) thrown at [C:\re\workspace\8-2-build-windows-amd64-cygwin\jdk8u111\7883\hotspot\src\share\vm\classfile\systemDictionary.cpp, line 210]
Event: 0.258 Thread 0x000000000062e000 Exception <a 'java/lang/ClassNotFoundException': TreeCell> (0x00000000d611c228) thrown at [C:\re\workspace\8-2-build-windows-amd64-cygwin\jdk8u111\7883\hotspot\src\share\vm\classfile\systemDictionary.cpp, line 210]
Event: 0.259 Thread 0x000000000062e000 Exception <a 'java/lang/ClassNotFoundException': RootPane> (0x00000000d611cc88) thrown at [C:\re\workspace\8-2-build-windows-amd64-cygwin\jdk8u111\7883\hotspot\src\share\vm\classfile\systemDictionary.cpp, line 210]

Events (10 events):
Event: 0.398 loading class java/awt/Stroke done
Event: 0.398 loading class java/awt/BasicStroke done
Event: 0.399 loading class sun/java2d/pipe/ValidatePipe
Event: 0.399 loading class sun/java2d/pipe/ValidatePipe done
Event: 0.399 loading class sun/java2d/loops/CustomComponent
Event: 0.399 loading class sun/java2d/loops/CustomComponent done
Event: 0.399 loading class sun/java2d/loops/GraphicsPrimitiveProxy
Event: 0.399 loading class sun/java2d/loops/GraphicsPrimitiveProxy done
Event: 0.399 loading class sun/java2d/loops/GeneralRenderer
Event: 0.399 loading class sun/java2d/loops/GeneralRenderer done


Dynamic libraries:
0x000000013f610000 - 0x000000013f647000 	C:\Program Files\Java\jdk1.8.0_111\bin\java.exe
0x0000000077300000 - 0x000000007749f000 	C:\Windows\SYSTEM32\ntdll.dll
0x00000000771e0000 - 0x00000000772ff000 	C:\Windows\system32\kernel32.dll
0x000007fefd450000 - 0x000007fefd4ba000 	C:\Windows\system32\KERNELBASE.dll
0x000007feff460000 - 0x000007feff53b000 	C:\Windows\system32\ADVAPI32.dll
0x000007fefdb00000 - 0x000007fefdb9f000 	C:\Windows\system32\msvcrt.dll
0x000007fefe290000 - 0x000007fefe2af000 	C:\Windows\SYSTEM32\sechost.dll
0x000007feff330000 - 0x000007feff45c000 	C:\Windows\system32\RPCRT4.dll
0x00000000770e0000 - 0x00000000771da000 	C:\Windows\system32\USER32.dll
0x000007fefe0f0000 - 0x000007fefe157000 	C:\Windows\system32\GDI32.dll
0x000007feff540000 - 0x000007feff54e000 	C:\Windows\system32\LPK.dll
0x000007fefd9e0000 - 0x000007fefdaa9000 	C:\Windows\system32\USP10.dll
0x000007fefbca0000 - 0x000007fefbe94000 	C:\Windows\WinSxS\amd64_microsoft.windows.common-controls_6595b64144ccf1df_6.0.7601.17514_none_fa396087175ac9ac\COMCTL32.dll
0x000007fefdf90000 - 0x000007fefe001000 	C:\Windows\system32\SHLWAPI.dll
0x000007fefe0b0000 - 0x000007fefe0de000 	C:\Windows\system32\IMM32.DLL
0x000007fefe2b0000 - 0x000007fefe3b9000 	C:\Windows\system32\MSCTF.dll
0x0000000067d80000 - 0x0000000067e52000 	C:\Program Files\Java\jdk1.8.0_111\jre\bin\msvcr100.dll
0x00000000600f0000 - 0x000000006098a000 	C:\Program Files\Java\jdk1.8.0_111\jre\bin\server\jvm.dll
0x000007fef05f0000 - 0x000007fef05f9000 	C:\Windows\system32\WSOCK32.dll
0x000007fefdab0000 - 0x000007fefdafd000 	C:\Windows\system32\WS2_32.dll
0x000007fefe0e0000 - 0x000007fefe0e8000 	C:\Windows\system32\NSI.dll
0x000007fefbb20000 - 0x000007fefbb5b000 	C:\Windows\system32\WINMM.dll
0x000007fefc390000 - 0x000007fefc39c000 	C:\Windows\system32\VERSION.dll
0x00000000774a0000 - 0x00000000774a7000 	C:\Windows\system32\PSAPI.DLL
0x00000000738c0000 - 0x00000000738cf000 	C:\Program Files\Java\jdk1.8.0_111\jre\bin\verify.dll
0x00000000730d0000 - 0x00000000730f9000 	C:\Program Files\Java\jdk1.8.0_111\jre\bin\java.dll
0x00000000738a0000 - 0x00000000738b6000 	C:\Program Files\Java\jdk1.8.0_111\jre\bin\zip.dll
0x000007fefe3c0000 - 0x000007feff148000 	C:\Windows\system32\SHELL32.dll
0x000007fefdba0000 - 0x000007fefdda3000 	C:\Windows\system32\ole32.dll
0x000007fefd230000 - 0x000007fefd23f000 	C:\Windows\system32\profapi.dll
0x0000000067be0000 - 0x0000000067d78000 	C:\Program Files\Java\jdk1.8.0_111\jre\bin\awt.dll
0x000007fefde30000 - 0x000007fefdf07000 	C:\Windows\system32\OLEAUT32.dll
0x000007fefb8c0000 - 0x000007fefb916000 	C:\Windows\system32\uxtheme.dll
0x000007fefae50000 - 0x000007fefae68000 	C:\Windows\system32\dwmapi.dll
0x000007fefd0c0000 - 0x000007fefd0cf000 	C:\Windows\system32\CRYPTBASE.dll
0x00000000727b0000 - 0x00000000727f7000 	C:\Program Files\Java\jdk1.8.0_111\jre\bin\fontmanager.dll
0x00000000720c0000 - 0x00000000720f1000 	C:\Program Files\Java\jdk1.8.0_111\jre\bin\jpeg.dll

VM Arguments:
jvm_args: -Dfile.encoding=UTF-8 
java_command: orderingsystem.FirstPart
java_class_path (initial): C:\Users\rejean\Documents\Installers\mysql-connector-java-5.1.48\mysql-connector-java-5.1.48\mysql-connector-java-5.1.48-bin.jar;C:\Users\rejean\Documents\Installers\mysql-connector-java-5.1.48\mysql-connector-java-5.1.48\mysql-connector-java-5.1.48.jar;C:\Program Files\NetBeans 8.2\platform\modules\ext\swing-layout-1.0.4.jar;C:\Users\rejean\Documents\NetBeansProjects\SUBSYSTEM\build\classes
Launcher Type: SUN_STANDARD

Environment Variables:
PATH=C:\ProgramData\Oracle\Java\javapath;C:\Program Files\Dell\DW WLAN Card;;C:\Windows\system32;C:\Windows;C:\Windows\System32\Wbem;C:\Windows\System32\WindowsPowerShell\v1.0\;C:\Program Files (x86)\QuickTime\QTSystem\;C:\Users\rejean\AppData\Local\Programs\Python\Python38-32\Scripts\;C:\Users\rejean\AppData\Local\Programs\Python\Python38-32\
USERNAME=rejean
OS=Windows_NT
PROCESSOR_IDENTIFIER=Intel64 Family 6 Model 42 Stepping 7, GenuineIntel



---------------  S Y S T E M  ---------------

OS: Windows 7 , 64 bit Build 7601 (6.1.7601.24384)

CPU:total 8 (4 cores per cpu, 2 threads per core) family 6 model 42 stepping 7, cmov, cx8, fxsr, mmx, sse, sse2, sse3, ssse3, sse4.1, sse4.2, popcnt, avx, aes, clmul, ht, tsc, tscinvbit

Memory: 4k page, physical 8292400k(4475072k free), swap 8392896k(3129792k free)

vm_info: Java HotSpot(TM) 64-Bit Server VM (25.111-b14) for windows-amd64 JRE (1.8.0_111-b14), built on Sep 22 2016 19:24:05 by "java_re" with MS VC++ 10.0 (VS2010)

time: Mon Apr 20 17:09:57 2020
elapsed time: 0 seconds (0d 0h 0m 0s)

