#
# A fatal error has been detected by the Java Runtime Environment:
#
#  EXCEPTION_ACCESS_VIOLATION (0xc0000005) at pc=0x00000000714fbaa1, pid=5148, tid=0x0000000000001eac
#
# JRE version: Java(TM) SE Runtime Environment (8.0_111-b14) (build 1.8.0_111-b14)
# Java VM: Java HotSpot(TM) 64-Bit Server VM (25.111-b14 mixed mode windows-amd64 compressed oops)
# Problematic frame:
# V  [jvm.dll+0x50baa1]
#
# Failed to write core dump. Minidumps are not enabled by default on client versions of Windows
#
# If you would like to submit a bug report, please visit:
#   http://bugreport.java.com/bugreport/crash.jsp
#

---------------  T H R E A D  ---------------

Current thread (0x00000000589b8000):  JavaThread "C2 CompilerThread1" daemon [_thread_in_native, id=7852, stack(0x000000005a1d0000,0x000000005a2d0000)]

siginfo: ExceptionCode=0xc0000005, reading address 0x0000000000b40018

Registers:
RAX=0x00000000000000f8, RBX=0x0000000000000003, RCX=0x000000005eeec158, RDX=0x0000000000000000
RSP=0x000000005a2cb980, RBP=0x00000000000004fb, RSI=0x000000005eeec158, RDI=0x0000000000b40000
R8 =0x0000000000000003, R9 =0x0000000000000000, R10=0x0000000000000010, R11=0x000000005f6a1d98
R12=0x000000005a2cd358, R13=0x00000000000000f8, R14=0x00000000000004fb, R15=0x000000005eeec158
RIP=0x00000000714fbaa1, EFLAGS=0x0000000000010206

Top of Stack: (sp=0x000000005a2cb980)
0x000000005a2cb980:   000000005eeec158 00000000714e3cf7
0x000000005a2cb990:   000000005a2cc9d0 0000000000000000
0x000000005a2cb9a0:   000000005a2cbf80 000000005f6a5ba0
0x000000005a2cb9b0:   0000000000000b1f 00000000714b4e53
0x000000005a2cb9c0:   000000005eeec158 000000005f045ed8
0x000000005a2cb9d0:   000000005a2cc9d0 0000000000000010
0x000000005a2cb9e0:   000000005f665750 00000000714b55a5
0x000000005a2cb9f0:   000000005cabe380 000000005f6db880
0x000000005a2cba00:   0000000100000002 0000000000000b1e
0x000000005a2cba10:   000000005eeec088 0000000000000008
0x000000005a2cba20:   000000005a2cbf80 0000000000000160
0x000000005a2cba30:   000000005a2cbf80 000000005f6db880
0x000000005a2cba40:   0000000000000000 000000005f6a5ba0
0x000000005a2cba50:   0000000000000160 00000000000001ff
0x000000005a2cba60:   00000000000001ff 00000000714ba795
0x000000005a2cba70:   000000005a2cbf80 0000000000000000 

Instructions: (pc=0x00000000714fbaa1)
0x00000000714fba81:   07 33 c0 e9 84 00 00 00 48 8b 06 48 8b ce 48 89
0x00000000714fba91:   5c 24 40 4c 89 6c 24 58 ff 10 8b 5e 18 44 8b e8
0x00000000714fbaa1:   39 5f 18 75 41 48 8b 17 48 8b cf ff 12 41 3b c5
0x00000000714fbab1:   75 34 33 d2 85 db 74 1e 48 8b 4e 08 4c 8b 47 08 


Register to memory mapping:

RAX=0x00000000000000f8 is an unknown value
RBX=0x0000000000000003 is an unknown value
RCX=0x000000005eeec158 is an unknown value
RDX=0x0000000000000000 is an unknown value
RSP=0x000000005a2cb980 is pointing into the stack for thread: 0x00000000589b8000
RBP=0x00000000000004fb is an unknown value
RSI=0x000000005eeec158 is an unknown value
RDI=0x0000000000b40000 is an unknown value
R8 =0x0000000000000003 is an unknown value
R9 =0x0000000000000000 is an unknown value
R10=0x0000000000000010 is an unknown value
R11=0x000000005f6a1d98 is an unknown value
R12=0x000000005a2cd358 is pointing into the stack for thread: 0x00000000589b8000
R13=0x00000000000000f8 is an unknown value
R14=0x00000000000004fb is an unknown value
R15=0x000000005eeec158 is an unknown value


Stack: [0x000000005a1d0000,0x000000005a2d0000],  sp=0x000000005a2cb980,  free space=1006k
Native frames: (J=compiled Java code, j=interpreted, Vv=VM code, C=native code)
V  [jvm.dll+0x50baa1]
V  [jvm.dll+0x4c4e53]
V  [jvm.dll+0x4ca795]
V  [jvm.dll+0x4cb13d]
V  [jvm.dll+0x4c458b]
V  [jvm.dll+0x474b6c]
V  [jvm.dll+0x475fc3]
V  [jvm.dll+0x4589b2]
V  [jvm.dll+0xa5742]
V  [jvm.dll+0xa607f]
V  [jvm.dll+0x244b7f]
V  [jvm.dll+0x29c43a]
C  [msvcr100.dll+0x21d9f]
C  [msvcr100.dll+0x21e3b]
C  [kernel32.dll+0x1570d]
C  [ntdll.dll+0x5385d]


Current CompileTask:
C2: 549644 4165       4       javax.swing.UIDefaults$TextAndMnemonicHashMap::get (358 bytes)


---------------  P R O C E S S  ---------------

Java Threads: ( => current thread )
  0x000000005f112000 JavaThread "Image Fetcher 0" daemon [_thread_blocked, id=3460, stack(0x0000000060760000,0x0000000060860000)]
  0x000000005ad26000 JavaThread "mysql-cj-abandoned-connection-cleanup" daemon [_thread_blocked, id=6200, stack(0x000000005c810000,0x000000005c910000)]
  0x000000005ab2d800 JavaThread "TimerQueue" daemon [_thread_blocked, id=7332, stack(0x000000005c490000,0x000000005c590000)]
  0x000000000019e000 JavaThread "DestroyJavaVM" [_thread_blocked, id=2084, stack(0x0000000001ff0000,0x00000000020f0000)]
  0x000000005a9bf800 JavaThread "AWT-EventQueue-0" [_thread_in_vm, id=6760, stack(0x000000005b800000,0x000000005b900000)]
  0x000000005a8c0000 JavaThread "AWT-Windows" daemon [_thread_in_native, id=3308, stack(0x0000000059ce0000,0x0000000059de0000)]
  0x000000005a8bf000 JavaThread "AWT-Shutdown" [_thread_blocked, id=7268, stack(0x000000005b2c0000,0x000000005b3c0000)]
  0x000000005a8be800 JavaThread "Java2D Disposer" daemon [_thread_blocked, id=7932, stack(0x000000005b090000,0x000000005b190000)]
  0x0000000058a60800 JavaThread "Service Thread" daemon [_thread_blocked, id=3552, stack(0x000000005a6e0000,0x000000005a7e0000)]
  0x00000000589cd000 JavaThread "C1 CompilerThread3" daemon [_thread_in_vm, id=1976, stack(0x000000005a5e0000,0x000000005a6e0000)]
  0x00000000589c3800 JavaThread "C2 CompilerThread2" daemon [_thread_blocked, id=7592, stack(0x000000005a330000,0x000000005a430000)]
=>0x00000000589b8000 JavaThread "C2 CompilerThread1" daemon [_thread_in_native, id=7852, stack(0x000000005a1d0000,0x000000005a2d0000)]
  0x00000000589b0800 JavaThread "C2 CompilerThread0" daemon [_thread_in_native, id=7696, stack(0x000000005a020000,0x000000005a120000)]
  0x00000000589ad000 JavaThread "Attach Listener" daemon [_thread_blocked, id=7504, stack(0x0000000059f00000,0x000000005a000000)]
  0x00000000589ab800 JavaThread "Signal Dispatcher" daemon [_thread_blocked, id=2448, stack(0x0000000059df0000,0x0000000059ef0000)]
  0x00000000577ed000 JavaThread "Finalizer" daemon [_thread_blocked, id=7740, stack(0x00000000598d0000,0x00000000599d0000)]
  0x00000000577e6800 JavaThread "Reference Handler" daemon [_thread_blocked, id=3352, stack(0x0000000059be0000,0x0000000059ce0000)]

Other Threads:
  0x0000000058960800 VMThread [stack: 0x00000000599f0000,0x0000000059af0000] [id=7524]
  0x0000000058a65000 WatcherThread [stack: 0x000000005a460000,0x000000005a560000] [id=3832]

VM state:not at safepoint (normal execution)

VM Mutex/Monitor currently owned by a thread: None

Heap:
 PSYoungGen      total 66560K, used 34741K [0x00000000d5d00000, 0x00000000dc280000, 0x0000000100000000)
  eden space 32256K, 54% used [0x00000000d5d00000,0x00000000d6e05598,0x00000000d7c80000)
  from space 34304K, 50% used [0x00000000da100000,0x00000000db1e8210,0x00000000dc280000)
  to   space 35840K, 0% used [0x00000000d7c80000,0x00000000d7c80000,0x00000000d9f80000)
 ParOldGen       total 105472K, used 59908K [0x0000000081600000, 0x0000000087d00000, 0x00000000d5d00000)
  object space 105472K, 56% used [0x0000000081600000,0x0000000085081040,0x0000000087d00000)
 Metaspace       used 19538K, capacity 19778K, committed 20224K, reserved 1067008K
  class space    used 2337K, capacity 2433K, committed 2560K, reserved 1048576K

Card table byte_map: [0x0000000011780000,0x0000000011b80000] byte_map_base: 0x0000000011375000

Marking Bits: (ParMarkBitMap*) 0x000000007180a6c0
 Begin Bits: [0x0000000012ab0000, 0x0000000014a58000)
 End Bits:   [0x0000000014a58000, 0x0000000016a00000)

Polling page: 0x0000000000120000

CodeCache: size=245760Kb used=13497Kb max_used=13497Kb free=232262Kb
 bounds [0x00000000023c0000, 0x0000000003110000, 0x00000000113c0000]
 total_blobs=4218 nmethods=3649 adapters=480
 compilation: enabled

Compilation events (10 events):
Event: 549.466 Thread 0x00000000589cd000 nmethod 4163 0x00000000028b1ed0 code [0x00000000028b2040, 0x00000000028b21e8]
Event: 549.466 Thread 0x00000000589cd000 4164   !   3       javax.swing.text.JTextComponent::getKeymapTable (75 bytes)
Event: 549.467 Thread 0x00000000589cd000 nmethod 4164 0x0000000002768910 code [0x0000000002768ba0, 0x0000000002769978]
Event: 549.467 Thread 0x00000000589cd000 4166       3       javax.swing.plaf.metal.DefaultMetalTheme::getUserTextFont (6 bytes)
Event: 549.467 Thread 0x00000000589cd000 nmethod 4166 0x0000000002902d90 code [0x0000000002902f00, 0x0000000002903108]
Event: 549.468 Thread 0x00000000589cd000 4167       3       javax.swing.JComponent::getTransferHandler (11 bytes)
Event: 549.468 Thread 0x00000000589cd000 nmethod 4167 0x00000000027c78d0 code [0x00000000027c7a40, 0x00000000027c7d28]
Event: 549.468 Thread 0x00000000589cd000 4168       3       sun.net.www.MessageHeader::grow (92 bytes)
Event: 549.469 Thread 0x00000000589cd000 nmethod 4168 0x00000000027c70d0 code [0x00000000027c7260, 0x00000000027c7798]
Event: 549.469 Thread 0x00000000589cd000 4169   !   3       java.text.SimpleDateFormat::zeroPaddingNumber (270 bytes)

GC Heap History (10 events):
Event: 100.438 GC heap before
{Heap before GC invocations=3 (full 0):
 PSYoungGen      total 38400K, used 38390K [0x00000000d5d00000, 0x00000000d8780000, 0x0000000100000000)
  eden space 33280K, 100% used [0x00000000d5d00000,0x00000000d7d80000,0x00000000d7d80000)
  from space 5120K, 99% used [0x00000000d8280000,0x00000000d877d938,0x00000000d8780000)
  to   space 5120K, 0% used [0x00000000d7d80000,0x00000000d7d80000,0x00000000d8280000)
 ParOldGen       total 87552K, used 51079K [0x0000000081600000, 0x0000000086b80000, 0x00000000d5d00000)
  object space 87552K, 58% used [0x0000000081600000,0x00000000847e1f30,0x0000000086b80000)
 Metaspace       used 17270K, capacity 17462K, committed 17792K, reserved 1064960K
  class space    used 2047K, capacity 2111K, committed 2176K, reserved 1048576K
Event: 100.478 GC heap after
Heap after GC invocations=3 (full 0):
 PSYoungGen      total 38400K, used 5110K [0x00000000d5d00000, 0x00000000d8780000, 0x0000000100000000)
  eden space 33280K, 0% used [0x00000000d5d00000,0x00000000d5d00000,0x00000000d7d80000)
  from space 5120K, 99% used [0x00000000d7d80000,0x00000000d827d8a0,0x00000000d8280000)
  to   space 5120K, 0% used [0x00000000d8280000,0x00000000d8280000,0x00000000d8780000)
 ParOldGen       total 87552K, used 63957K [0x0000000081600000, 0x0000000086b80000, 0x00000000d5d00000)
  object space 87552K, 73% used [0x0000000081600000,0x0000000085475668,0x0000000086b80000)
 Metaspace       used 17270K, capacity 17462K, committed 17792K, reserved 1064960K
  class space    used 2047K, capacity 2111K, committed 2176K, reserved 1048576K
}
Event: 100.478 GC heap before
{Heap before GC invocations=4 (full 1):
 PSYoungGen      total 38400K, used 5110K [0x00000000d5d00000, 0x00000000d8780000, 0x0000000100000000)
  eden space 33280K, 0% used [0x00000000d5d00000,0x00000000d5d00000,0x00000000d7d80000)
  from space 5120K, 99% used [0x00000000d7d80000,0x00000000d827d8a0,0x00000000d8280000)
  to   space 5120K, 0% used [0x00000000d8280000,0x00000000d8280000,0x00000000d8780000)
 ParOldGen       total 87552K, used 63957K [0x0000000081600000, 0x0000000086b80000, 0x00000000d5d00000)
  object space 87552K, 73% used [0x0000000081600000,0x0000000085475668,0x0000000086b80000)
 Metaspace       used 17270K, capacity 17462K, committed 17792K, reserved 1064960K
  class space    used 2047K, capacity 2111K, committed 2176K, reserved 1048576K
Event: 100.537 GC heap after
Heap after GC invocations=4 (full 1):
 PSYoungGen      total 38400K, used 0K [0x00000000d5d00000, 0x00000000d8780000, 0x0000000100000000)
  eden space 33280K, 0% used [0x00000000d5d00000,0x00000000d5d00000,0x00000000d7d80000)
  from space 5120K, 0% used [0x00000000d7d80000,0x00000000d7d80000,0x00000000d8280000)
  to   space 5120K, 0% used [0x00000000d8280000,0x00000000d8280000,0x00000000d8780000)
 ParOldGen       total 105472K, used 41077K [0x0000000081600000, 0x0000000087d00000, 0x00000000d5d00000)
  object space 105472K, 38% used [0x0000000081600000,0x0000000083e1d7b0,0x0000000087d00000)
 Metaspace       used 17270K, capacity 17462K, committed 17792K, reserved 1064960K
  class space    used 2047K, capacity 2111K, committed 2176K, reserved 1048576K
}
Event: 220.830 GC heap before
{Heap before GC invocations=5 (full 1):
 PSYoungGen      total 38400K, used 32698K [0x00000000d5d00000, 0x00000000d8780000, 0x0000000100000000)
  eden space 33280K, 98% used [0x00000000d5d00000,0x00000000d7ceebc0,0x00000000d7d80000)
  from space 5120K, 0% used [0x00000000d7d80000,0x00000000d7d80000,0x00000000d8280000)
  to   space 5120K, 0% used [0x00000000d8280000,0x00000000d8280000,0x00000000d8780000)
 ParOldGen       total 105472K, used 41077K [0x0000000081600000, 0x0000000087d00000, 0x00000000d5d00000)
  object space 105472K, 38% used [0x0000000081600000,0x0000000083e1d7b0,0x0000000087d00000)
 Metaspace       used 17785K, capacity 18012K, committed 18176K, reserved 1064960K
  class space    used 2118K, capacity 2208K, committed 2304K, reserved 1048576K
Event: 220.848 GC heap after
Heap after GC invocations=5 (full 1):
 PSYoungGen      total 38400K, used 5118K [0x00000000d5d00000, 0x00000000d8780000, 0x0000000100000000)
  eden space 33280K, 0% used [0x00000000d5d00000,0x00000000d5d00000,0x00000000d7d80000)
  from space 5120K, 99% used [0x00000000d8280000,0x00000000d877f900,0x00000000d8780000)
  to   space 5120K, 0% used [0x00000000d7d80000,0x00000000d7d80000,0x00000000d8280000)
 ParOldGen       total 105472K, used 48444K [0x0000000081600000, 0x0000000087d00000, 0x00000000d5d00000)
  object space 105472K, 45% used [0x0000000081600000,0x000000008454f020,0x0000000087d00000)
 Metaspace       used 17785K, capacity 18012K, committed 18176K, reserved 1064960K
  class space    used 2118K, capacity 2208K, committed 2304K, reserved 1048576K
}
Event: 291.982 GC heap before
{Heap before GC invocations=6 (full 1):
 PSYoungGen      total 38400K, used 38339K [0x00000000d5d00000, 0x00000000d8780000, 0x0000000100000000)
  eden space 33280K, 99% used [0x00000000d5d00000,0x00000000d7d714f0,0x00000000d7d80000)
  from space 5120K, 99% used [0x00000000d8280000,0x00000000d877f900,0x00000000d8780000)
  to   space 5120K, 0% used [0x00000000d7d80000,0x00000000d7d80000,0x00000000d8280000)
 ParOldGen       total 105472K, used 48444K [0x0000000081600000, 0x0000000087d00000, 0x00000000d5d00000)
  object space 105472K, 45% used [0x0000000081600000,0x000000008454f020,0x0000000087d00000)
 Metaspace       used 18260K, capacity 18524K, committed 18688K, reserved 1064960K
  class space    used 2175K, capacity 2272K, committed 2304K, reserved 1048576K
Event: 291.990 GC heap after
Heap after GC invocations=6 (full 1):
 PSYoungGen      total 37888K, used 5118K [0x00000000d5d00000, 0x00000000dc500000, 0x0000000100000000)
  eden space 32768K, 0% used [0x00000000d5d00000,0x00000000d5d00000,0x00000000d7d00000)
  from space 5120K, 99% used [0x00000000d7d80000,0x00000000d827faf8,0x00000000d8280000)
  to   space 36864K, 0% used [0x00000000da100000,0x00000000da100000,0x00000000dc500000)
 ParOldGen       total 105472K, used 59900K [0x0000000081600000, 0x0000000087d00000, 0x00000000d5d00000)
  object space 105472K, 56% used [0x0000000081600000,0x000000008507f040,0x0000000087d00000)
 Metaspace       used 18260K, capacity 18524K, committed 18688K, reserved 1064960K
  class space    used 2175K, capacity 2272K, committed 2304K, reserved 1048576K
}
Event: 507.992 GC heap before
{Heap before GC invocations=7 (full 1):
 PSYoungGen      total 37888K, used 37886K [0x00000000d5d00000, 0x00000000dc500000, 0x0000000100000000)
  eden space 32768K, 100% used [0x00000000d5d00000,0x00000000d7d00000,0x00000000d7d00000)
  from space 5120K, 99% used [0x00000000d7d80000,0x00000000d827faf8,0x00000000d8280000)
  to   space 36864K, 0% used [0x00000000da100000,0x00000000da100000,0x00000000dc500000)
 ParOldGen       total 105472K, used 59900K [0x0000000081600000, 0x0000000087d00000, 0x00000000d5d00000)
  object space 105472K, 56% used [0x0000000081600000,0x000000008507f040,0x0000000087d00000)
 Metaspace       used 19219K, capacity 19490K, committed 19840K, reserved 1067008K
  class space    used 2304K, capacity 2401K, committed 2432K, reserved 1048576K
Event: 508.003 GC heap after
Heap after GC invocations=7 (full 1):
 PSYoungGen      total 66560K, used 17312K [0x00000000d5d00000, 0x00000000dc280000, 0x0000000100000000)
  eden space 32256K, 0% used [0x00000000d5d00000,0x00000000d5d00000,0x00000000d7c80000)
  from space 34304K, 50% used [0x00000000da100000,0x00000000db1e8210,0x00000000dc280000)
  to   space 35840K, 0% used [0x00000000d7c80000,0x00000000d7c80000,0x00000000d9f80000)
 ParOldGen       total 105472K, used 59908K [0x0000000081600000, 0x0000000087d00000, 0x00000000d5d00000)
  object space 105472K, 56% used [0x0000000081600000,0x0000000085081040,0x0000000087d00000)
 Metaspace       used 19219K, capacity 19490K, committed 19840K, reserved 1067008K
  class space    used 2304K, capacity 2401K, committed 2432K, reserved 1048576K
}

Deoptimization events (10 events):
Event: 499.806 Thread 0x000000005a9bf800 Uncommon trap: reason=class_check action=maybe_recompile pc=0x0000000002e1cd24 method=sun.nio.cs.ThreadLocalCoders$1.hasName(Ljava/lang/Object;Ljava/lang/Object;)Z @ 8
Event: 499.806 Thread 0x000000005a9bf800 Uncommon trap: reason=unstable_if action=reinterpret pc=0x00000000024e56b0 method=sun.misc.MetaIndex.mayContain(Ljava/lang/String;)Z @ 38
Event: 499.807 Thread 0x000000005a9bf800 Uncommon trap: reason=unstable_if action=reinterpret pc=0x0000000002d611e0 method=sun.net.www.ParseUtil.encodePath(Ljava/lang/String;Z)Ljava/lang/String; @ 109
Event: 499.807 Thread 0x000000005a9bf800 Uncommon trap: reason=unstable_if action=reinterpret pc=0x0000000002ce4424 method=sun.misc.MetaIndex.mayContain(Ljava/lang/String;)Z @ 38
Event: 499.834 Thread 0x000000005a9bf800 Uncommon trap: reason=unstable_if action=reinterpret pc=0x0000000002d8ce8c method=java.nio.charset.CharsetEncoder.encode(Ljava/nio/CharBuffer;Ljava/nio/ByteBuffer;Z)Ljava/nio/charset/CoderResult; @ 1
Event: 499.858 Thread 0x000000005a9bf800 Uncommon trap: reason=unstable_if action=reinterpret pc=0x0000000002c06dc4 method=sun.util.logging.PlatformLogger.isLoggable(Lsun/util/logging/PlatformLogger$Level;)Z @ 18
Event: 499.858 Thread 0x000000005a9bf800 Uncommon trap: reason=unstable_if action=reinterpret pc=0x0000000002d1af9c method=sun.util.logging.PlatformLogger.isLoggable(Lsun/util/logging/PlatformLogger$Level;)Z @ 18
Event: 499.858 Thread 0x000000005a9bf800 Uncommon trap: reason=unstable_if action=reinterpret pc=0x0000000002d705f4 method=sun.util.logging.PlatformLogger.isLoggable(Lsun/util/logging/PlatformLogger$Level;)Z @ 18
Event: 499.914 Thread 0x000000005a9bf800 Uncommon trap: reason=unstable_if action=reinterpret pc=0x00000000028c51c4 method=sun.util.logging.PlatformLogger.isLoggable(Lsun/util/logging/PlatformLogger$Level;)Z @ 18
Event: 501.245 Thread 0x000000005a9bf800 Uncommon trap: reason=unstable_if action=reinterpret pc=0x0000000002dd4cec method=sun.util.logging.PlatformLogger.isLoggable(Lsun/util/logging/PlatformLogger$Level;)Z @ 18

Internal exceptions (10 events):
Event: 504.963 Thread 0x000000005a9bf800 Exception <a 'java/lang/NullPointerException'> (0x00000000d7acbbc8) thrown at [C:\re\workspace\8-2-build-windows-amd64-cygwin\jdk8u111\7883\hotspot\src\share\vm\prims\jvm.cpp, line 1390]
Event: 504.963 Thread 0x000000005a9bf800 Exception <a 'java/lang/NullPointerException'> (0x00000000d7acbbc8) thrown at [C:\re\workspace\8-2-build-windows-amd64-cygwin\jdk8u111\7883\hotspot\src\share\vm\prims\jvm.cpp, line 1390]
Event: 507.673 Thread 0x000000005a9bf800 Exception <a 'java/lang/NullPointerException'> (0x00000000d7b1ddf8) thrown at [C:\re\workspace\8-2-build-windows-amd64-cygwin\jdk8u111\7883\hotspot\src\share\vm\interpreter\linkResolver.cpp, line 1178]
Event: 507.679 Thread 0x000000005a9bf800 Exception <a 'java/lang/NullPointerException'> (0x00000000d7b5ce00) thrown at [C:\re\workspace\8-2-build-windows-amd64-cygwin\jdk8u111\7883\hotspot\src\share\vm\interpreter\linkResolver.cpp, line 1178]
Event: 507.706 Thread 0x000000005a9bf800 Exception <a 'java/lang/NullPointerException'> (0x00000000d7b9c0e8) thrown at [C:\re\workspace\8-2-build-windows-amd64-cygwin\jdk8u111\7883\hotspot\src\share\vm\interpreter\linkResolver.cpp, line 1178]
Event: 507.835 Thread 0x000000005a9bf800 Exception <a 'java/lang/NullPointerException'> (0x00000000d7bda0a0) thrown at [C:\re\workspace\8-2-build-windows-amd64-cygwin\jdk8u111\7883\hotspot\src\share\vm\interpreter\linkResolver.cpp, line 1178]
Event: 507.841 Thread 0x000000005a9bf800 Exception <a 'java/lang/NullPointerException'> (0x00000000d7c19988) thrown at [C:\re\workspace\8-2-build-windows-amd64-cygwin\jdk8u111\7883\hotspot\src\share\vm\interpreter\linkResolver.cpp, line 1178]
Event: 507.870 Thread 0x000000005a9bf800 Exception <a 'java/lang/NullPointerException'> (0x00000000d7c58c68) thrown at [C:\re\workspace\8-2-build-windows-amd64-cygwin\jdk8u111\7883\hotspot\src\share\vm\interpreter\linkResolver.cpp, line 1178]
Event: 507.985 Thread 0x000000005a9bf800 Exception <a 'java/lang/NullPointerException'> (0x00000000d7c97c10) thrown at [C:\re\workspace\8-2-build-windows-amd64-cygwin\jdk8u111\7883\hotspot\src\share\vm\interpreter\linkResolver.cpp, line 1178]
Event: 507.991 Thread 0x000000005a9bf800 Exception <a 'java/lang/NullPointerException'> (0x00000000d7cd6c30) thrown at [C:\re\workspace\8-2-build-windows-amd64-cygwin\jdk8u111\7883\hotspot\src\share\vm\interpreter\linkResolver.cpp, line 1178]

Events (10 events):
Event: 549.466 Thread 0x00000000589cd000 flushing nmethod 0x0000000002b47fd0
Event: 549.467 loading class orderingsystem/FlxTOrdering$1
Event: 549.467 loading class orderingsystem/FlxTOrdering$1 done
Event: 549.467 loading class orderingsystem/FlxTOrdering$2
Event: 549.467 loading class orderingsystem/FlxTOrdering$2 done
Event: 549.467 Thread 0x00000000589cd000 flushing nmethod 0x0000000002d9e510
Event: 549.468 Thread 0x000000005f112000 Thread added: 0x000000005f112000
Event: 549.468 Executing VM operation: RevokeBias
Event: 549.468 Executing VM operation: RevokeBias done
Event: 549.468 Thread 0x00000000589cd000 flushing nmethod 0x0000000002eae8d0


Dynamic libraries:
0x000000013f170000 - 0x000000013f1a7000 	C:\Program Files\Java\jdk1.8.0_111\bin\java.exe
0x0000000077860000 - 0x00000000779ff000 	C:\Windows\SYSTEM32\ntdll.dll
0x0000000077640000 - 0x000000007775f000 	C:\Windows\system32\kernel32.dll
0x000007fefd880000 - 0x000007fefd8ea000 	C:\Windows\system32\KERNELBASE.dll
0x000007fefe100000 - 0x000007fefe1db000 	C:\Windows\system32\ADVAPI32.dll
0x000007fefe2f0000 - 0x000007fefe38f000 	C:\Windows\system32\msvcrt.dll
0x000007fefec10000 - 0x000007fefec2f000 	C:\Windows\SYSTEM32\sechost.dll
0x000007fefdfd0000 - 0x000007fefe0fc000 	C:\Windows\system32\RPCRT4.dll
0x0000000077760000 - 0x000000007785a000 	C:\Windows\system32\USER32.dll
0x000007fefe7d0000 - 0x000007fefe837000 	C:\Windows\system32\GDI32.dll
0x000007fefe2e0000 - 0x000007fefe2ee000 	C:\Windows\system32\LPK.dll
0x000007fefe510000 - 0x000007fefe5d9000 	C:\Windows\system32\USP10.dll
0x000007fefc240000 - 0x000007fefc434000 	C:\Windows\WinSxS\amd64_microsoft.windows.common-controls_6595b64144ccf1df_6.0.7601.17514_none_fa396087175ac9ac\COMCTL32.dll
0x000007fefe260000 - 0x000007fefe2d1000 	C:\Windows\system32\SHLWAPI.dll
0x000007fefd6d0000 - 0x000007fefd727000 	C:\Windows\system32\apphelp.dll
0x000007fef8d50000 - 0x000007fef8da1000 	C:\Windows\AppPatch\AppPatch64\AcGenral.DLL
0x000007fefd5e0000 - 0x000007fefd605000 	C:\Windows\system32\SspiCli.dll
0x000007fefdb60000 - 0x000007fefdd63000 	C:\Windows\system32\ole32.dll
0x000007fefec90000 - 0x000007feffa18000 	C:\Windows\system32\SHELL32.dll
0x00000000745e0000 - 0x00000000745e3000 	C:\Windows\system32\sfc.dll
0x000007fef5830000 - 0x000007fef5840000 	C:\Windows\system32\sfc_os.DLL
0x000007fefcad0000 - 0x000007fefcaee000 	C:\Windows\system32\USERENV.dll
0x000007fefd790000 - 0x000007fefd79f000 	C:\Windows\system32\profapi.dll
0x000007fefbd50000 - 0x000007fefbd68000 	C:\Windows\system32\dwmapi.dll
0x000007fefa2d0000 - 0x000007fefa2e8000 	C:\Windows\system32\MPR.dll
0x000007feffb20000 - 0x000007feffb4e000 	C:\Windows\system32\IMM32.DLL
0x000007fefe5e0000 - 0x000007fefe6e9000 	C:\Windows\system32\MSCTF.dll
0x00000000730a0000 - 0x0000000073172000 	C:\Program Files\Java\jdk1.8.0_111\jre\bin\msvcr100.dll
0x0000000070ff0000 - 0x000000007188a000 	C:\Program Files\Java\jdk1.8.0_111\jre\bin\server\jvm.dll
0x000007feefa90000 - 0x000007feefa99000 	C:\Windows\system32\WSOCK32.dll
0x000007feffa20000 - 0x000007feffa6d000 	C:\Windows\system32\WS2_32.dll
0x000007feffa70000 - 0x000007feffa78000 	C:\Windows\system32\NSI.dll
0x000007fefbee0000 - 0x000007fefbf1b000 	C:\Windows\system32\WINMM.dll
0x000007fefc8f0000 - 0x000007fefc8fc000 	C:\Windows\system32\VERSION.dll
0x0000000077a10000 - 0x0000000077a17000 	C:\Windows\system32\PSAPI.DLL
0x0000000074cd0000 - 0x0000000074cdf000 	C:\Program Files\Java\jdk1.8.0_111\jre\bin\verify.dll
0x0000000074b30000 - 0x0000000074b59000 	C:\Program Files\Java\jdk1.8.0_111\jre\bin\java.dll
0x0000000074c70000 - 0x0000000074c86000 	C:\Program Files\Java\jdk1.8.0_111\jre\bin\zip.dll
0x0000000072800000 - 0x0000000072998000 	C:\Program Files\Java\jdk1.8.0_111\jre\bin\awt.dll
0x000007fefe6f0000 - 0x000007fefe7c7000 	C:\Windows\system32\OLEAUT32.dll
0x000007fefbe30000 - 0x000007fefbe86000 	C:\Windows\system32\uxtheme.dll
0x000007fefd620000 - 0x000007fefd62f000 	C:\Windows\system32\CRYPTBASE.dll
0x0000000074490000 - 0x00000000744c1000 	C:\Program Files\Java\jdk1.8.0_111\jre\bin\jpeg.dll
0x0000000074520000 - 0x0000000074567000 	C:\Program Files\Java\jdk1.8.0_111\jre\bin\fontmanager.dll
0x0000000074ac0000 - 0x0000000074ada000 	C:\Program Files\Java\jdk1.8.0_111\jre\bin\net.dll
0x000007fefcf70000 - 0x000007fefcfc5000 	C:\Windows\system32\mswsock.dll
0x000007fefcf60000 - 0x000007fefcf67000 	C:\Windows\System32\wship6.dll
0x0000000074aa0000 - 0x0000000074ab1000 	C:\Program Files\Java\jdk1.8.0_111\jre\bin\nio.dll
0x00000000744d0000 - 0x0000000074512000 	C:\Program Files\Java\jdk1.8.0_111\jre\bin\t2k.dll
0x000007fefea40000 - 0x000007fefead9000 	C:\Windows\system32\CLBCatQ.DLL
0x000007fefb4e0000 - 0x000007fefb60a000 	C:\Windows\system32\WindowsCodecs.dll
0x000007fef8f60000 - 0x000007fef8f95000 	C:\Windows\system32\EhStorShell.dll
0x000007fefe860000 - 0x000007fefea37000 	C:\Windows\system32\SETUPAPI.dll
0x000007fefd840000 - 0x000007fefd876000 	C:\Windows\system32\CFGMGR32.dll
0x000007fefd8f0000 - 0x000007fefd90a000 	C:\Windows\system32\DEVOBJ.dll
0x000007fefbfd0000 - 0x000007fefc0fc000 	C:\Windows\system32\PROPSYS.dll
0x000007fef8ee0000 - 0x000007fef8f5e000 	C:\Windows\System32\cscui.dll
0x000007fef8ed0000 - 0x000007fef8edc000 	C:\Windows\System32\CSCDLL.dll
0x000007fef8ec0000 - 0x000007fef8ecf000 	C:\Windows\system32\CSCAPI.dll
0x000007fef8e40000 - 0x000007fef8ec0000 	C:\Windows\system32\ntshrui.dll
0x000007fefd230000 - 0x000007fefd253000 	C:\Windows\system32\srvcli.dll
0x000007fefad50000 - 0x000007fefad5b000 	C:\Windows\system32\slc.dll
0x000007fefc9c0000 - 0x000007fefc9c7000 	C:\Windows\System32\wshtcpip.dll
0x000007fefcdf0000 - 0x000007fefce4b000 	C:\Windows\system32\DNSAPI.dll
0x000007fefb4b0000 - 0x000007fefb4d7000 	C:\Windows\system32\IPHLPAPI.DLL
0x000007fefb4a0000 - 0x000007fefb4ab000 	C:\Windows\system32\WINNSI.DLL
0x000007fef1bb0000 - 0x000007fef1bb8000 	C:\Windows\system32\rasadhlp.dll
0x000007fefab00000 - 0x000007fefab53000 	C:\Windows\System32\fwpuclnt.dll
0x000007feeff30000 - 0x000007fef0055000 	C:\Windows\system32\dbghelp.dll

VM Arguments:
jvm_args: -Dfile.encoding=UTF-8 
java_command: orderingsystem.OrderingSystem
java_class_path (initial): C:\Users\rejean\Documents\Installers\mysql-connector-java-5.1.48\mysql-connector-java-5.1.48\mysql-connector-java-5.1.48-bin.jar;C:\Users\rejean\Documents\Installers\mysql-connector-java-5.1.48\mysql-connector-java-5.1.48\mysql-connector-java-5.1.48.jar;C:\Program Files\NetBeans 8.2\platform\modules\ext\swing-layout-1.0.4.jar;C:\Users\rejean\Documents\NetBeansProjects\SUBSYSTEM\build\classes
Launcher Type: SUN_STANDARD

Environment Variables:
PATH=C:\ProgramData\Oracle\Java\javapath;C:\Program Files\Dell\DW WLAN Card;;C:\Windows\system32;C:\Windows;C:\Windows\System32\Wbem;C:\Windows\System32\WindowsPowerShell\v1.0\;C:\Program Files (x86)\QuickTime\QTSystem\;C:\Users\rejean\AppData\Local\Programs\Python\Python38-32\Scripts\;C:\Users\rejean\AppData\Local\Programs\Python\Python38-32\
USERNAME=rejean
OS=Windows_NT
PROCESSOR_IDENTIFIER=Intel64 Family 6 Model 42 Stepping 7, GenuineIntel



---------------  S Y S T E M  ---------------

OS: Windows 7 , 64 bit Build 7601 (6.1.7601.24384)

CPU:total 8 (4 cores per cpu, 2 threads per core) family 6 model 42 stepping 7, cmov, cx8, fxsr, mmx, sse, sse2, sse3, ssse3, sse4.1, sse4.2, popcnt, avx, aes, clmul, ht, tsc, tscinvbit

Memory: 4k page, physical 8292400k(4578132k free), swap 8392896k(3984092k free)

vm_info: Java HotSpot(TM) 64-Bit Server VM (25.111-b14) for windows-amd64 JRE (1.8.0_111-b14), built on Sep 22 2016 19:24:05 by "java_re" with MS VC++ 10.0 (VS2010)

time: Tue Apr 21 21:58:01 2020
elapsed time: 549 seconds (0d 0h 9m 9s)

